<?xml version="1.0" encoding="UTF-8"?>
<!-- Generated by org.testng.reporters.JUnitXMLReporter -->
<testsuite hostname="IZDT-211" ignored="2" name="all-tests" tests="9" failures="0" timestamp="26 Jul 2018 07:25:02 GMT" time="30.619" errors="0">
  <testcase name="@AfterMethod getResult" time="0.001" classname="com.core.reports.ExtentReport">
    <failure type="java.lang.NullPointerException">
      <![CDATA[java.lang.NullPointerException
at com.core.reports.ExtentReport.getResult(ExtentReport.java:55)
at sun.reflect.NativeMethodAccessorImpl.invoke0(Native Method)
at sun.reflect.NativeMethodAccessorImpl.invoke(NativeMethodAccessorImpl.java:62)
at sun.reflect.DelegatingMethodAccessorImpl.invoke(DelegatingMethodAccessorImpl.java:43)
at java.lang.reflect.Method.invoke(Method.java:497)
at org.testng.internal.MethodInvocationHelper.invokeMethod(MethodInvocationHelper.java:124)
at org.testng.internal.MethodInvocationHelper.invokeMethodConsideringTimeout(MethodInvocationHelper.java:59)
at org.testng.internal.Invoker.invokeConfigurationMethod(Invoker.java:458)
at org.testng.internal.Invoker.invokeConfigurations(Invoker.java:222)
at org.testng.internal.Invoker.invokeMethod(Invoker.java:646)
at org.testng.internal.Invoker.invokeTestMethod(Invoker.java:719)
at org.testng.internal.Invoker.invokeTestMethods(Invoker.java:989)
at org.testng.internal.TestMethodWorker.invokeTestMethods(TestMethodWorker.java:125)
at org.testng.internal.TestMethodWorker.run(TestMethodWorker.java:109)
at org.testng.TestRunner.privateRun(TestRunner.java:648)
at org.testng.TestRunner.run(TestRunner.java:505)
at org.testng.SuiteRunner.runTest(SuiteRunner.java:455)
at org.testng.SuiteRunner.runSequentially(SuiteRunner.java:450)
at org.testng.SuiteRunner.privateRun(SuiteRunner.java:415)
at org.testng.SuiteRunner.run(SuiteRunner.java:364)
at org.testng.SuiteRunnerWorker.runSuite(SuiteRunnerWorker.java:52)
at org.testng.SuiteRunnerWorker.run(SuiteRunnerWorker.java:84)
at org.testng.TestNG.runSuitesSequentially(TestNG.java:1208)
at org.testng.TestNG.runSuitesLocally(TestNG.java:1137)
at org.testng.TestNG.runSuites(TestNG.java:1049)
at org.testng.TestNG.run(TestNG.java:1017)
at org.testng.remote.AbstractRemoteTestNG.run(AbstractRemoteTestNG.java:114)
at org.testng.remote.RemoteTestNG.initAndRun(RemoteTestNG.java:251)
at org.testng.remote.RemoteTestNG.main(RemoteTestNG.java:77)
]]>
    </failure>
  </testcase> <!-- @AfterMethod getResult -->
  <testcase name="@AfterMethod getResult" time="0.0" classname="com.core.reports.ExtentReport">
    <skipped/>
  </testcase> <!-- @AfterMethod getResult -->
  <testcase name="@AfterMethod getResult" time="0.0" classname="com.core.reports.ExtentReport">
    <skipped/>
  </testcase> <!-- @AfterMethod getResult -->
  <testcase name="@AfterMethod getResult" time="0.0" classname="com.core.reports.ExtentReport">
    <skipped/>
  </testcase> <!-- @AfterMethod getResult -->
  <testcase name="@AfterMethod getResult" time="0.0" classname="com.core.reports.ExtentReport">
    <skipped/>
  </testcase> <!-- @AfterMethod getResult -->
  <testcase name="@AfterMethod getResult" time="0.0" classname="com.core.reports.ExtentReport">
    <skipped/>
  </testcase> <!-- @AfterMethod getResult -->
  <testcase name="@AfterMethod getResult" time="0.0" classname="com.core.reports.ExtentReport">
    <skipped/>
  </testcase> <!-- @AfterMethod getResult -->
  <testcase name="testSC_1" time="1.453" classname="com.r1v2.reporting.test.Scenario1Login"/>
  <testcase name="testSC_2" time="1.244" classname="com.r1v2.reporting.test.Scenario1Login"/>
  <testcase name="testPG_1" time="11.669" classname="com.r1v2.reporting.test.Scenario2Dlr"/>
  <testcase name="testPG_2" time="0.0" classname="com.r1v2.reporting.test.Scenario2Dlr">
    <skipped/>
  </testcase> <!-- testPG_2 -->
  <testcase name="testPG_3" time="0.0" classname="com.r1v2.reporting.test.Scenario2Dlr">
    <skipped/>
  </testcase> <!-- testPG_3 -->
  <testcase name="testPG_4" time="0.0" classname="com.r1v2.reporting.test.Scenario2Dlr">
    <skipped/>
  </testcase> <!-- testPG_4 -->
  <testcase name="testPG_5" time="0.0" classname="com.r1v2.reporting.test.Scenario2Dlr">
    <skipped/>
  </testcase> <!-- testPG_5 -->
  <testcase name="testPG_7" time="0.0" classname="com.r1v2.reporting.test.Scenario2Dlr">
    <skipped/>
  </testcase> <!-- testPG_7 -->
  <testcase name="testPG_8" time="0.0" classname="com.r1v2.reporting.test.Scenario2Dlr">
    <skipped/>
  </testcase> <!-- testPG_8 -->
  <testcase name="@BeforeSuite extetnReport" time="0.0" classname="com.core.reports.ExtentReport">
    <ignored/>
  </testcase> <!-- @BeforeSuite extetnReport -->
  <testcase name="@AfterSuite tearDown" time="0.0" classname="com.core.reports.ExtentReport">
    <ignored/>
  </testcase> <!-- @AfterSuite tearDown -->
</testsuite> <!-- all-tests -->
