<?xml version="1.0" encoding="UTF-8"?>
<!-- Generated by org.testng.reporters.JUnitXMLReporter -->
<testsuite hostname="IZDT-211" ignored="2" name="Front end Pages" tests="3" failures="0" timestamp="22 Aug 2018 12:06:49 GMT" time="99.802" errors="0">
  <testcase name="testCOPG_1" time="1.882" classname="com.r1v2.frontend.pagebuilder.module.ContentPage"/>
  <testcase name="testPG_1" time="1.95" classname="com.r1v2.frontend.pagebuilder.module.SpecialPage"/>
  <testcase name="testCPG_1" time="5.529" classname="com.r1v2.frontend.pagebuilder.module.CampaignPage"/>
  <testcase name="@BeforeSuite setUp" time="0.0" classname="com.core.reports.ExtentReport">
    <ignored/>
  </testcase> <!-- @BeforeSuite setUp -->
  <testcase name="@BeforeSuite setUp" time="0.0" classname="com.core.reports.ExtentReport">
    <ignored/>
  </testcase> <!-- @BeforeSuite setUp -->
</testsuite> <!-- Front end Pages -->
