<?xml version="1.0" encoding="UTF-8"?>
<!-- Generated by org.testng.reporters.JUnitXMLReporter -->
<testsuite hostname="IZDT-211" ignored="2" name="SC PageBuilder Pages" tests="23" failures="0" timestamp="22 Aug 2018 12:05:09 GMT" time="46.743" errors="0">
  <testcase name="testPG_1" time="0.135" classname="com.r1v2.backend.pagebuilder.module.ScenarioContentPage"/>
  <testcase name="testPG_1" time="3.496" classname="com.r1v2.backend.pagebuilder.module.ScenarioSpecialPage"/>
  <testcase name="testPG_1" time="3.613" classname="com.r1v2.backend.pagebuilder.module.ScenarioCamapignPage"/>
  <testcase name="testPG_2" time="0.25" classname="com.r1v2.backend.pagebuilder.module.ScenarioSpecialPage"/>
  <testcase name="testPG_2" time="0.365" classname="com.r1v2.backend.pagebuilder.module.ScenarioCamapignPage"/>
  <testcase name="testPG_2" time="3.32" classname="com.r1v2.backend.pagebuilder.module.ScenarioContentPage"/>
  <testcase name="testPG_3" time="0.065" classname="com.r1v2.backend.pagebuilder.module.ScenarioContentPage"/>
  <testcase name="testPG_3" time="0.909" classname="com.r1v2.backend.pagebuilder.module.ScenarioSpecialPage"/>
  <testcase name="testPG_3" time="0.972" classname="com.r1v2.backend.pagebuilder.module.ScenarioCamapignPage"/>
  <testcase name="testPG_4" time="0.108" classname="com.r1v2.backend.pagebuilder.module.ScenarioSpecialPage"/>
  <testcase name="testPG_4" time="0.115" classname="com.r1v2.backend.pagebuilder.module.ScenarioCamapignPage"/>
  <testcase name="testPG_4" time="0.788" classname="com.r1v2.backend.pagebuilder.module.ScenarioContentPage"/>
  <testcase name="testPG_5" time="0.001" classname="com.r1v2.backend.pagebuilder.module.ScenarioCamapignPage">
    <skipped/>
  </testcase> <!-- testPG_5 -->
  <testcase name="testPG_5" time="0.001" classname="com.r1v2.backend.pagebuilder.module.ScenarioSpecialPage">
    <skipped/>
  </testcase> <!-- testPG_5 -->
  <testcase name="testPG_5" time="0.154" classname="com.r1v2.backend.pagebuilder.module.ScenarioContentPage"/>
  <testcase name="testPG_6" time="0.329" classname="com.r1v2.backend.pagebuilder.module.ScenarioContentPage"/>
  <testcase name="testPG_6" time="0.349" classname="com.r1v2.backend.pagebuilder.module.ScenarioCamapignPage"/>
  <testcase name="testPG_6" time="11.807" classname="com.r1v2.backend.pagebuilder.module.ScenarioSpecialPage"/>
  <testcase name="testPG_7" time="0.335" classname="com.r1v2.backend.pagebuilder.module.ScenarioSpecialPage"/>
  <testcase name="testPG_7" time="11.952" classname="com.r1v2.backend.pagebuilder.module.ScenarioContentPage"/>
  <testcase name="testPG_7" time="13.491" classname="com.r1v2.backend.pagebuilder.module.ScenarioCamapignPage"/>
  <testcase name="testPG_8" time="0.537" classname="com.r1v2.backend.pagebuilder.module.ScenarioCamapignPage"/>
  <testcase name="testPG_8" time="0.568" classname="com.r1v2.backend.pagebuilder.module.ScenarioContentPage"/>
  <testcase name="@BeforeSuite setUp" time="0.0" classname="com.core.reports.ExtentReport">
    <ignored/>
  </testcase> <!-- @BeforeSuite setUp -->
  <testcase name="@BeforeSuite setUp" time="0.0" classname="com.core.reports.ExtentReport">
    <ignored/>
  </testcase> <!-- @BeforeSuite setUp -->
</testsuite> <!-- SC PageBuilder Pages -->
