<?xml version="1.0" encoding="UTF-8"?>
<!-- Generated by org.testng.reporters.JUnitXMLReporter -->
<testsuite hostname="IZDT-211" ignored="0" name="Scenario 4 Test Cases" tests="7" failures="0" timestamp="30 Jul 2018 08:22:25 GMT" time="29.14" errors="0">
  <testcase name="testPG_1" time="0.162" classname="com.r1v2.backend.modules.ScenarioContentPage"/>
  <testcase name="testPG_2" time="12.39" classname="com.r1v2.backend.modules.ScenarioContentPage"/>
  <testcase name="testPG_3" time="0.102" classname="com.r1v2.backend.modules.ScenarioContentPage"/>
  <testcase name="testPG_4" time="0.926" classname="com.r1v2.backend.modules.ScenarioContentPage"/>
  <testcase name="testPG_5" time="1.073" classname="com.r1v2.backend.modules.ScenarioContentPage"/>
  <testcase name="testPG_6" time="5.274" classname="com.r1v2.backend.modules.ScenarioContentPage"/>
  <testcase name="testPG_7" time="0.531" classname="com.r1v2.backend.modules.ScenarioContentPage"/>
</testsuite> <!-- Scenario 4 Test Cases -->
