<?xml version="1.0" encoding="UTF-8"?>
<!-- Generated by org.testng.reporters.JUnitXMLReporter -->
<testsuite hostname="IZDT-211" ignored="0" name="Scenario 4 Test Cases" tests="7" failures="0" timestamp="02 Aug 2018 05:22:35 GMT" time="22.213" errors="0">
  <testcase name="testPG_1" time="0.161" classname="com.r1v2.backend.modules.ScenarioContentPage"/>
  <testcase name="testPG_2" time="7.129" classname="com.r1v2.backend.modules.ScenarioContentPage"/>
  <testcase name="testPG_3" time="0.095" classname="com.r1v2.backend.modules.ScenarioContentPage"/>
  <testcase name="testPG_4" time="0.895" classname="com.r1v2.backend.modules.ScenarioContentPage"/>
  <testcase name="testPG_5" time="1.081" classname="com.r1v2.backend.modules.ScenarioContentPage"/>
  <testcase name="testPG_6" time="0.737" classname="com.r1v2.backend.modules.ScenarioContentPage"/>
  <testcase name="testPG_7" time="0.681" classname="com.r1v2.backend.modules.ScenarioContentPage"/>
</testsuite> <!-- Scenario 4 Test Cases -->
