<?xml version="1.0" encoding="UTF-8"?>
<!-- Generated by org.testng.reporters.JUnitXMLReporter -->
<testsuite hostname="IZDT-211" ignored="0" name="Scenario 2 Test Cases" tests="8" failures="0" timestamp="02 Aug 2018 05:21:50 GMT" time="31.578" errors="0">
  <testcase name="testPG_1" time="14.666" classname="com.r1v2.backend.modules.ScenarioCamapignPage"/>
  <testcase name="testPG_2" time="0.477" classname="com.r1v2.backend.modules.ScenarioCamapignPage"/>
  <testcase name="testPG_3" time="0.837" classname="com.r1v2.backend.modules.ScenarioCamapignPage"/>
  <testcase name="testPG_4" time="0.268" classname="com.r1v2.backend.modules.ScenarioCamapignPage"/>
  <testcase name="testPG_5" time="0.645" classname="com.r1v2.backend.modules.ScenarioCamapignPage"/>
  <testcase name="testPG_6" time="0.811" classname="com.r1v2.backend.modules.ScenarioCamapignPage"/>
  <testcase name="testPG_7" time="0.737" classname="com.r1v2.backend.modules.ScenarioCamapignPage"/>
  <testcase name="testPG_8" time="0.689" classname="com.r1v2.backend.modules.ScenarioCamapignPage"/>
</testsuite> <!-- Scenario 2 Test Cases -->
