<?xml version="1.0" encoding="UTF-8"?>
<!-- Generated by org.testng.reporters.JUnitXMLReporter -->
<testsuite hostname="IZDT-211" ignored="0" name="Scenario 3 Test Cases" tests="7" failures="0" timestamp="30 Jul 2018 08:21:56 GMT" time="28.06" errors="0">
  <testcase name="testPG_1" time="12.322" classname="com.r1v2.backend.modules.ScenarioSpecialPage"/>
  <testcase name="testPG_10" time="0.496" classname="com.r1v2.backend.modules.ScenarioSpecialPage"/>
  <testcase name="testPG_11" time="0.936" classname="com.r1v2.backend.modules.ScenarioSpecialPage"/>
  <testcase name="testPG_12" time="0.285" classname="com.r1v2.backend.modules.ScenarioSpecialPage"/>
  <testcase name="testPG_5" time="0.0" classname="com.r1v2.backend.modules.ScenarioSpecialPage">
    <skipped/>
  </testcase> <!-- testPG_5 -->
  <testcase name="testPG_6" time="5.266" classname="com.r1v2.backend.modules.ScenarioSpecialPage"/>
  <testcase name="testPG_7" time="0.494" classname="com.r1v2.backend.modules.ScenarioSpecialPage"/>
</testsuite> <!-- Scenario 3 Test Cases -->
