<?xml version="1.0" encoding="UTF-8"?>
<!-- Generated by org.testng.reporters.JUnitXMLReporter -->
<testsuite hostname="IZDT-211" ignored="0" name="Scenario 3 Test Cases" tests="7" failures="0" timestamp="02 Aug 2018 05:22:13 GMT" time="23.604" errors="0">
  <testcase name="testPG_1" time="7.329" classname="com.r1v2.backend.modules.ScenarioSpecialPage"/>
  <testcase name="testPG_10" time="0.443" classname="com.r1v2.backend.modules.ScenarioSpecialPage"/>
  <testcase name="testPG_11" time="0.847" classname="com.r1v2.backend.modules.ScenarioSpecialPage"/>
  <testcase name="testPG_12" time="0.26" classname="com.r1v2.backend.modules.ScenarioSpecialPage"/>
  <testcase name="testPG_5" time="0.56" classname="com.r1v2.backend.modules.ScenarioSpecialPage"/>
  <testcase name="testPG_6" time="0.747" classname="com.r1v2.backend.modules.ScenarioSpecialPage"/>
  <testcase name="testPG_7" time="0.6" classname="com.r1v2.backend.modules.ScenarioSpecialPage"/>
</testsuite> <!-- Scenario 3 Test Cases -->
