<?xml version="1.0" encoding="UTF-8"?>
<testng-results skipped="1" failed="0" ignored="0" total="8" passed="7">
  <reporter-output>
    <line>
      <![CDATA[<br>Browser launched successfully]]>
    </line>
    <line>
      <![CDATA[<br>Opened URL : https://qadealeradminv2mx.izmocars.com/login.htm]]>
    </line>
    <line>
      <![CDATA[<br>[Ljava.lang.String;@4ae9cfc1 is present]]>
    </line>
    <line>
      <![CDATA[<br>Entered value chiragr]]>
    </line>
    <line>
      <![CDATA[<br>[Ljava.lang.String;@33b1c5c5 is present]]>
    </line>
    <line>
      <![CDATA[<br>Entered value r@je$h143]]>
    </line>
    <line>
      <![CDATA[<br>[Ljava.lang.String;@1af146 is present]]>
    </line>
    <line>
      <![CDATA[<br>Clicked on ]]>
    </line>
    <line>
      <![CDATA[<br>[Ljava.lang.String;@470a696f is present]]>
    </line>
    <line>
      <![CDATA[<br>Clicked on Select Organization]]>
    </line>
    <line>
      <![CDATA[<br>[Ljava.lang.String;@5c48c0c0 is present]]>
    </line>
    <line>
      <![CDATA[<br>Clicked on Site List]]>
    </line>
    <line>
      <![CDATA[<br>[Ljava.lang.String;@56102e1c is present]]>
    </line>
    <line>
      <![CDATA[<br>Entered value nissancelaya.stg-izdemosite.com]]>
    </line>
    <line>
      <![CDATA[<br>[Ljava.lang.String;@11963225 is present]]>
    </line>
    <line>
      <![CDATA[<br>Clicked on NISSAN AUTOCOM CELAYA]]>
    </line>
    <line>
      <![CDATA[<br>[Ljava.lang.String;@654b72c0 is present]]>
    </line>
    <line>
      <![CDATA[<br>Clicked on Site Builder]]>
    </line>
    <line>
      <![CDATA[<br>[Ljava.lang.String;@2c42b421 is present]]>
    </line>
    <line>
      <![CDATA[<br>Clicked on Page Builder]]>
    </line>
    <line>
      <![CDATA[<br>[Ljava.lang.String;@5b78fdb1 is present]]>
    </line>
    <line>
      <![CDATA[<br>Clicked on Add new Page]]>
    </line>
    <line>
      <![CDATA[<br>[Ljava.lang.String;@344426bf is present]]>
    </line>
    <line>
      <![CDATA[<br>Element Displayed ]]>
    </line>
    <line>
      <![CDATA[<br>CampaignPage Page RadioButton default is  selected on  PageBuilder page]]>
    </line>
    <line>
      <![CDATA[<br>[Ljava.lang.String;@5432c277 is present]]>
    </line>
    <line>
      <![CDATA[<br>Clicked on ]]>
    </line>
    <line>
      <![CDATA[<br>CampaignPage Page RadioButton  is  selected on  PageBuilder page]]>
    </line>
    <line>
      <![CDATA[<br>[Ljava.lang.String;@12abdfb is present]]>
    </line>
    <line>
      <![CDATA[<br>Element Displayed *]]>
    </line>
    <line>
      <![CDATA[<br>Field is mandatory]]>
    </line>
    <line>
      <![CDATA[<br>[Ljava.lang.String;@7158daf2 is present]]>
    </line>
    <line>
      <![CDATA[<br>Clicked on ]]>
    </line>
    <line>
      <![CDATA[<br>Alert Popup is Display]]>
    </line>
    <line>
      <![CDATA[<br>[Ljava.lang.String;@4ee5b2d9 is present]]>
    </line>
    <line>
      <![CDATA[<br>Entered value campaign-pageus]]>
    </line>
    <line>
      <![CDATA[<br>[Ljava.lang.String;@534180a2 is present]]>
    </line>
    <line>
      <![CDATA[<br>Element Displayed *]]>
    </line>
    <line>
      <![CDATA[<br>Field is mandatory]]>
    </line>
    <line>
      <![CDATA[<br>[Ljava.lang.String;@5981f4a6 is present]]>
    </line>
    <line>
      <![CDATA[<br>Clicked on ]]>
    </line>
    <line>
      <![CDATA[<br>Alert Popup is Display]]>
    </line>
    <line>
      <![CDATA[<br>[Ljava.lang.String;@3762c4fc is present]]>
    </line>
    <line>
      <![CDATA[<br>Entered value campaign-page-mx]]>
    </line>
    <line>
      <![CDATA[<br>[Ljava.lang.String;@3c6c4689 is present]]>
    </line>
    <line>
      <![CDATA[<br>[Ljava.lang.String;@687e6293 is present]]>
    </line>
    <line>
      <![CDATA[<br>Entered value Campaign Page Data for MX Server]]>
    </line>
    <line>
      <![CDATA[<br>[Ljava.lang.String;@6fcd31c3 is present]]>
    </line>
    <line>
      <![CDATA[<br>Clicked on ]]>
    </line>
    <line>
      <![CDATA[<br>[Ljava.lang.String;@750f64fe is present]]>
    </line>
    <line>
      <![CDATA[<br>Clicked on Logout]]>
    </line>
  </reporter-output>
  <suite name="Default suite" duration-ms="45356" started-at="2018-08-10T05:20:22Z" finished-at="2018-08-10T05:21:07Z">
    <groups>
    </groups>
    <test name="Default test" duration-ms="45356" started-at="2018-08-10T05:20:22Z" finished-at="2018-08-10T05:21:07Z">
      <class name="com.r1v2.backend.pagebuilder.module.ScenarioCamapignPage">
        <test-method status="PASS" signature="setUp()[pri:0, instance:com.r1v2.backend.pagebuilder.module.ScenarioCamapignPage@711f39f9]" name="setUp" is-config="true" duration-ms="101" started-at="2018-08-10T05:20:22Z" finished-at="2018-08-10T05:20:22Z">
          <reporter-output>
          </reporter-output>
        </test-method> <!-- setUp -->
        <test-method status="PASS" signature="beforeClass()[pri:0, instance:com.r1v2.backend.pagebuilder.module.ScenarioCamapignPage@711f39f9]" name="beforeClass" is-config="true" duration-ms="4519" started-at="2018-08-10T05:20:22Z" finished-at="2018-08-10T05:20:27Z">
          <reporter-output>
            <line>
              <![CDATA[<br>Browser launched successfully]]>
            </line>
          </reporter-output>
        </test-method> <!-- beforeClass -->
        <test-method status="PASS" signature="setUpOnce1()[pri:0, instance:com.r1v2.backend.pagebuilder.module.ScenarioCamapignPage@711f39f9]" name="setUpOnce1" is-config="true" duration-ms="4851" started-at="2018-08-10T05:20:27Z" finished-at="2018-08-10T05:20:31Z">
          <reporter-output>
            <line>
              <![CDATA[<br>Opened URL : https://qadealeradminv2mx.izmocars.com/login.htm]]>
            </line>
            <line>
              <![CDATA[<br>[Ljava.lang.String;@4ae9cfc1 is present]]>
            </line>
            <line>
              <![CDATA[<br>Entered value chiragr]]>
            </line>
            <line>
              <![CDATA[<br>[Ljava.lang.String;@33b1c5c5 is present]]>
            </line>
            <line>
              <![CDATA[<br>Entered value r@je$h143]]>
            </line>
            <line>
              <![CDATA[<br>[Ljava.lang.String;@1af146 is present]]>
            </line>
            <line>
              <![CDATA[<br>Clicked on ]]>
            </line>
          </reporter-output>
        </test-method> <!-- setUpOnce1 -->
        <test-method status="PASS" signature="testPG_1()[pri:1, instance:com.r1v2.backend.pagebuilder.module.ScenarioCamapignPage@711f39f9]" name="testPG_1" duration-ms="16919" started-at="2018-08-10T05:20:31Z" finished-at="2018-08-10T05:20:48Z">
          <reporter-output>
            <line>
              <![CDATA[<br>[Ljava.lang.String;@470a696f is present]]>
            </line>
            <line>
              <![CDATA[<br>Clicked on Select Organization]]>
            </line>
            <line>
              <![CDATA[<br>[Ljava.lang.String;@5c48c0c0 is present]]>
            </line>
            <line>
              <![CDATA[<br>Clicked on Site List]]>
            </line>
            <line>
              <![CDATA[<br>[Ljava.lang.String;@56102e1c is present]]>
            </line>
            <line>
              <![CDATA[<br>Entered value nissancelaya.stg-izdemosite.com]]>
            </line>
            <line>
              <![CDATA[<br>[Ljava.lang.String;@11963225 is present]]>
            </line>
            <line>
              <![CDATA[<br>Clicked on NISSAN AUTOCOM CELAYA]]>
            </line>
            <line>
              <![CDATA[<br>[Ljava.lang.String;@654b72c0 is present]]>
            </line>
            <line>
              <![CDATA[<br>Clicked on Site Builder]]>
            </line>
            <line>
              <![CDATA[<br>[Ljava.lang.String;@2c42b421 is present]]>
            </line>
            <line>
              <![CDATA[<br>Clicked on Page Builder]]>
            </line>
            <line>
              <![CDATA[<br>[Ljava.lang.String;@5b78fdb1 is present]]>
            </line>
            <line>
              <![CDATA[<br>Clicked on Add new Page]]>
            </line>
          </reporter-output>
        </test-method> <!-- testPG_1 -->
        <test-method status="PASS" signature="getResult(org.testng.ITestResult)[pri:0, instance:com.r1v2.backend.pagebuilder.module.ScenarioCamapignPage@711f39f9]" name="getResult" is-config="true" duration-ms="271" started-at="2018-08-10T05:20:48Z" finished-at="2018-08-10T05:20:49Z">
          <params>
            <param index="0">
              <value>
                <![CDATA[[TestResult name=testPG_1 status=SUCCESS method=ScenarioCamapignPage.testPG_1()[pri:1, instance:com.r1v2.backend.pagebuilder.module.ScenarioCamapignPage@711f39f9] output=<br>[Ljava.lang.String;@470a696f is present]]]>
              </value>
            </param>
          </params>
          <reporter-output>
          </reporter-output>
        </test-method> <!-- getResult -->
        <test-method status="PASS" signature="testPG_2()[pri:2, instance:com.r1v2.backend.pagebuilder.module.ScenarioCamapignPage@711f39f9]" name="testPG_2" duration-ms="469" started-at="2018-08-10T05:20:49Z" finished-at="2018-08-10T05:20:49Z">
          <reporter-output>
            <line>
              <![CDATA[<br>[Ljava.lang.String;@344426bf is present]]>
            </line>
            <line>
              <![CDATA[<br>Element Displayed ]]>
            </line>
            <line>
              <![CDATA[<br>CampaignPage Page RadioButton default is  selected on  PageBuilder page]]>
            </line>
            <line>
              <![CDATA[<br>[Ljava.lang.String;@5432c277 is present]]>
            </line>
            <line>
              <![CDATA[<br>Clicked on ]]>
            </line>
            <line>
              <![CDATA[<br>CampaignPage Page RadioButton  is  selected on  PageBuilder page]]>
            </line>
          </reporter-output>
        </test-method> <!-- testPG_2 -->
        <test-method status="PASS" signature="getResult(org.testng.ITestResult)[pri:0, instance:com.r1v2.backend.pagebuilder.module.ScenarioCamapignPage@711f39f9]" name="getResult" is-config="true" duration-ms="31" started-at="2018-08-10T05:20:49Z" finished-at="2018-08-10T05:20:49Z">
          <params>
            <param index="0">
              <value>
                <![CDATA[[TestResult name=testPG_2 status=SUCCESS method=ScenarioCamapignPage.testPG_2()[pri:2, instance:com.r1v2.backend.pagebuilder.module.ScenarioCamapignPage@711f39f9] output=<br>[Ljava.lang.String;@344426bf is present]]]>
              </value>
            </param>
          </params>
          <reporter-output>
          </reporter-output>
        </test-method> <!-- getResult -->
        <test-method status="PASS" signature="testPG_3()[pri:3, instance:com.r1v2.backend.pagebuilder.module.ScenarioCamapignPage@711f39f9]" name="testPG_3" duration-ms="1035" started-at="2018-08-10T05:20:49Z" finished-at="2018-08-10T05:20:50Z">
          <reporter-output>
            <line>
              <![CDATA[<br>[Ljava.lang.String;@12abdfb is present]]>
            </line>
            <line>
              <![CDATA[<br>Element Displayed *]]>
            </line>
            <line>
              <![CDATA[<br>Field is mandatory]]>
            </line>
            <line>
              <![CDATA[<br>[Ljava.lang.String;@7158daf2 is present]]>
            </line>
            <line>
              <![CDATA[<br>Clicked on ]]>
            </line>
            <line>
              <![CDATA[<br>Alert Popup is Display]]>
            </line>
            <line>
              <![CDATA[<br>[Ljava.lang.String;@4ee5b2d9 is present]]>
            </line>
            <line>
              <![CDATA[<br>Entered value campaign-pageus]]>
            </line>
            <line>
              <![CDATA[<br>[Ljava.lang.String;@534180a2 is present]]>
            </line>
            <line>
              <![CDATA[<br>Element Displayed *]]>
            </line>
            <line>
              <![CDATA[<br>Field is mandatory]]>
            </line>
            <line>
              <![CDATA[<br>[Ljava.lang.String;@5981f4a6 is present]]>
            </line>
            <line>
              <![CDATA[<br>Clicked on ]]>
            </line>
            <line>
              <![CDATA[<br>Alert Popup is Display]]>
            </line>
            <line>
              <![CDATA[<br>[Ljava.lang.String;@3762c4fc is present]]>
            </line>
            <line>
              <![CDATA[<br>Entered value campaign-page-mx]]>
            </line>
          </reporter-output>
        </test-method> <!-- testPG_3 -->
        <test-method status="PASS" signature="getResult(org.testng.ITestResult)[pri:0, instance:com.r1v2.backend.pagebuilder.module.ScenarioCamapignPage@711f39f9]" name="getResult" is-config="true" duration-ms="32" started-at="2018-08-10T05:20:50Z" finished-at="2018-08-10T05:20:50Z">
          <params>
            <param index="0">
              <value>
                <![CDATA[[TestResult name=testPG_3 status=SUCCESS method=ScenarioCamapignPage.testPG_3()[pri:3, instance:com.r1v2.backend.pagebuilder.module.ScenarioCamapignPage@711f39f9] output=<br>[Ljava.lang.String;@12abdfb is present]]]>
              </value>
            </param>
          </params>
          <reporter-output>
          </reporter-output>
        </test-method> <!-- getResult -->
        <test-method status="PASS" signature="testPG_4()[pri:4, instance:com.r1v2.backend.pagebuilder.module.ScenarioCamapignPage@711f39f9]" name="testPG_4" duration-ms="284" started-at="2018-08-10T05:20:50Z" finished-at="2018-08-10T05:20:50Z">
          <reporter-output>
            <line>
              <![CDATA[<br>[Ljava.lang.String;@3c6c4689 is present]]>
            </line>
          </reporter-output>
        </test-method> <!-- testPG_4 -->
        <test-method status="PASS" signature="getResult(org.testng.ITestResult)[pri:0, instance:com.r1v2.backend.pagebuilder.module.ScenarioCamapignPage@711f39f9]" name="getResult" is-config="true" duration-ms="45" started-at="2018-08-10T05:20:50Z" finished-at="2018-08-10T05:20:50Z">
          <params>
            <param index="0">
              <value>
                <![CDATA[[TestResult name=testPG_4 status=SUCCESS method=ScenarioCamapignPage.testPG_4()[pri:4, instance:com.r1v2.backend.pagebuilder.module.ScenarioCamapignPage@711f39f9] output=<br>[Ljava.lang.String;@3c6c4689 is present]]]>
              </value>
            </param>
          </params>
          <reporter-output>
          </reporter-output>
        </test-method> <!-- getResult -->
        <test-method status="SKIP" signature="testPG_5()[pri:5, instance:com.r1v2.backend.pagebuilder.module.ScenarioCamapignPage@711f39f9]" name="testPG_5" duration-ms="1" started-at="2018-08-10T05:20:50Z" finished-at="2018-08-10T05:20:50Z">
          <exception class="org.testng.SkipException">
            <message>
              <![CDATA[Skipping this Method]]>
            </message>
            <full-stacktrace>
              <![CDATA[org.testng.SkipException: Skipping this Method
at com.r1v2.backend.pagebuilder.module.ScenarioCamapignPage.testPG_5(ScenarioCamapignPage.java:91)
at sun.reflect.NativeMethodAccessorImpl.invoke0(Native Method)
at sun.reflect.NativeMethodAccessorImpl.invoke(NativeMethodAccessorImpl.java:62)
at sun.reflect.DelegatingMethodAccessorImpl.invoke(DelegatingMethodAccessorImpl.java:43)
at java.lang.reflect.Method.invoke(Method.java:497)
at org.testng.internal.MethodInvocationHelper.invokeMethod(MethodInvocationHelper.java:124)
at org.testng.internal.Invoker.invokeMethod(Invoker.java:583)
at org.testng.internal.Invoker.invokeTestMethod(Invoker.java:719)
at org.testng.internal.Invoker.invokeTestMethods(Invoker.java:989)
at org.testng.internal.TestMethodWorker.invokeTestMethods(TestMethodWorker.java:125)
at org.testng.internal.TestMethodWorker.run(TestMethodWorker.java:109)
at org.testng.TestRunner.privateRun(TestRunner.java:648)
at org.testng.TestRunner.run(TestRunner.java:505)
at org.testng.SuiteRunner.runTest(SuiteRunner.java:455)
at org.testng.SuiteRunner.runSequentially(SuiteRunner.java:450)
at org.testng.SuiteRunner.privateRun(SuiteRunner.java:415)
at org.testng.SuiteRunner.run(SuiteRunner.java:364)
at org.testng.SuiteRunnerWorker.runSuite(SuiteRunnerWorker.java:52)
at org.testng.SuiteRunnerWorker.run(SuiteRunnerWorker.java:84)
at org.testng.TestNG.runSuitesSequentially(TestNG.java:1208)
at org.testng.TestNG.runSuitesLocally(TestNG.java:1137)
at org.testng.TestNG.runSuites(TestNG.java:1049)
at org.testng.TestNG.run(TestNG.java:1017)
at org.testng.remote.AbstractRemoteTestNG.run(AbstractRemoteTestNG.java:114)
at org.testng.remote.RemoteTestNG.initAndRun(RemoteTestNG.java:251)
at org.testng.remote.RemoteTestNG.main(RemoteTestNG.java:77)
]]>
            </full-stacktrace>
          </exception> <!-- org.testng.SkipException -->
          <reporter-output>
          </reporter-output>
        </test-method> <!-- testPG_5 -->
        <test-method status="PASS" signature="getResult(org.testng.ITestResult)[pri:0, instance:com.r1v2.backend.pagebuilder.module.ScenarioCamapignPage@711f39f9]" name="getResult" is-config="true" duration-ms="33" started-at="2018-08-10T05:20:50Z" finished-at="2018-08-10T05:20:51Z">
          <params>
            <param index="0">
              <value>
                <![CDATA[[TestResult name=testPG_5 status=SKIP method=ScenarioCamapignPage.testPG_5()[pri:5, instance:com.r1v2.backend.pagebuilder.module.ScenarioCamapignPage@711f39f9] output={null}]]]>
              </value>
            </param>
          </params>
          <reporter-output>
          </reporter-output>
        </test-method> <!-- getResult -->
        <test-method status="PASS" signature="testPG_6()[pri:6, instance:com.r1v2.backend.pagebuilder.module.ScenarioCamapignPage@711f39f9]" name="testPG_6" duration-ms="797" started-at="2018-08-10T05:20:51Z" finished-at="2018-08-10T05:20:51Z">
          <reporter-output>
            <line>
              <![CDATA[<br>[Ljava.lang.String;@687e6293 is present]]>
            </line>
            <line>
              <![CDATA[<br>Entered value Campaign Page Data for MX Server]]>
            </line>
          </reporter-output>
        </test-method> <!-- testPG_6 -->
        <test-method status="PASS" signature="getResult(org.testng.ITestResult)[pri:0, instance:com.r1v2.backend.pagebuilder.module.ScenarioCamapignPage@711f39f9]" name="getResult" is-config="true" duration-ms="35" started-at="2018-08-10T05:20:51Z" finished-at="2018-08-10T05:20:51Z">
          <params>
            <param index="0">
              <value>
                <![CDATA[[TestResult name=testPG_6 status=SUCCESS method=ScenarioCamapignPage.testPG_6()[pri:6, instance:com.r1v2.backend.pagebuilder.module.ScenarioCamapignPage@711f39f9] output=<br>[Ljava.lang.String;@687e6293 is present]]]>
              </value>
            </param>
          </params>
          <reporter-output>
          </reporter-output>
        </test-method> <!-- getResult -->
        <test-method status="PASS" signature="testPG_7()[pri:7, instance:com.r1v2.backend.pagebuilder.module.ScenarioCamapignPage@711f39f9]" name="testPG_7" duration-ms="15284" started-at="2018-08-10T05:20:51Z" finished-at="2018-08-10T05:21:07Z">
          <reporter-output>
            <line>
              <![CDATA[<br>[Ljava.lang.String;@6fcd31c3 is present]]>
            </line>
            <line>
              <![CDATA[<br>Clicked on ]]>
            </line>
          </reporter-output>
        </test-method> <!-- testPG_7 -->
        <test-method status="PASS" signature="getResult(org.testng.ITestResult)[pri:0, instance:com.r1v2.backend.pagebuilder.module.ScenarioCamapignPage@711f39f9]" name="getResult" is-config="true" duration-ms="27" started-at="2018-08-10T05:21:07Z" finished-at="2018-08-10T05:21:07Z">
          <params>
            <param index="0">
              <value>
                <![CDATA[[TestResult name=testPG_7 status=SUCCESS method=ScenarioCamapignPage.testPG_7()[pri:7, instance:com.r1v2.backend.pagebuilder.module.ScenarioCamapignPage@711f39f9] output=<br>[Ljava.lang.String;@6fcd31c3 is present]]]>
              </value>
            </param>
          </params>
          <reporter-output>
          </reporter-output>
        </test-method> <!-- getResult -->
        <test-method status="PASS" signature="testPG_8()[pri:8, instance:com.r1v2.backend.pagebuilder.module.ScenarioCamapignPage@711f39f9]" name="testPG_8" duration-ms="646" started-at="2018-08-10T05:21:07Z" finished-at="2018-08-10T05:21:07Z">
          <reporter-output>
            <line>
              <![CDATA[<br>[Ljava.lang.String;@750f64fe is present]]>
            </line>
            <line>
              <![CDATA[<br>Clicked on Logout]]>
            </line>
          </reporter-output>
        </test-method> <!-- testPG_8 -->
        <test-method status="PASS" signature="getResult(org.testng.ITestResult)[pri:0, instance:com.r1v2.backend.pagebuilder.module.ScenarioCamapignPage@711f39f9]" name="getResult" is-config="true" duration-ms="52" started-at="2018-08-10T05:21:07Z" finished-at="2018-08-10T05:21:07Z">
          <params>
            <param index="0">
              <value>
                <![CDATA[[TestResult name=testPG_8 status=SUCCESS method=ScenarioCamapignPage.testPG_8()[pri:8, instance:com.r1v2.backend.pagebuilder.module.ScenarioCamapignPage@711f39f9] output=<br>[Ljava.lang.String;@750f64fe is present]]]>
              </value>
            </param>
          </params>
          <reporter-output>
          </reporter-output>
        </test-method> <!-- getResult -->
        <test-method status="PASS" signature="tearDown()[pri:0, instance:com.r1v2.backend.pagebuilder.module.ScenarioCamapignPage@711f39f9]" name="tearDown" is-config="true" duration-ms="21" started-at="2018-08-10T05:21:07Z" finished-at="2018-08-10T05:21:07Z">
          <reporter-output>
          </reporter-output>
        </test-method> <!-- tearDown -->
      </class> <!-- com.r1v2.backend.pagebuilder.module.ScenarioCamapignPage -->
    </test> <!-- Default test -->
  </suite> <!-- Default suite -->
</testng-results>
