<?xml version="1.0" encoding="UTF-8"?>
<testng-results skipped="0" failed="0" ignored="0" total="10" passed="10">
  <reporter-output>
    <line>
      <![CDATA[<br>Browser launched successfully]]>
    </line>
    <line>
      <![CDATA[<br>Opened URL : https://qadealeradminv2india.izmocars.com/login.htm]]>
    </line>
    <line>
      <![CDATA[<br>Opened URL : https://qadealeradminv2india.izmocars.com/login.htm]]>
    </line>
    <line>
      <![CDATA[<br>[Ljava.lang.String;@4c4f4365 is present]]>
    </line>
    <line>
      <![CDATA[<br>Entered value chiragr]]>
    </line>
    <line>
      <![CDATA[<br>[Ljava.lang.String;@5d5b5fa7 is present]]>
    </line>
    <line>
      <![CDATA[<br>Entered value adsf@gmail.com]]>
    </line>
    <line>
      <![CDATA[<br>[Ljava.lang.String;@4422dd48 is present]]>
    </line>
    <line>
      <![CDATA[<br>Clicked on ]]>
    </line>
    <line>
      <![CDATA[<br>Opened URL : https://qadealeradminv2india.izmocars.com/login.htm]]>
    </line>
    <line>
      <![CDATA[<br>[Ljava.lang.String;@68880c21 is present]]>
    </line>
    <line>
      <![CDATA[<br>Entered value vgsd]]>
    </line>
    <line>
      <![CDATA[<br>[Ljava.lang.String;@6caf7803 is present]]>
    </line>
    <line>
      <![CDATA[<br>Entered value r@je$h143]]>
    </line>
    <line>
      <![CDATA[<br>[Ljava.lang.String;@574b7f4a is present]]>
    </line>
    <line>
      <![CDATA[<br>Clicked on ]]>
    </line>
    <line>
      <![CDATA[<br>Opened URL : https://qadealeradminv2india.izmocars.com/login.htm]]>
    </line>
    <line>
      <![CDATA[<br>[Ljava.lang.String;@3a8d467e is present]]>
    </line>
    <line>
      <![CDATA[<br>Entered value vgsd]]>
    </line>
    <line>
      <![CDATA[<br>[Ljava.lang.String;@5d342959 is present]]>
    </line>
    <line>
      <![CDATA[<br>Entered value adsf@gmail.com]]>
    </line>
    <line>
      <![CDATA[<br>[Ljava.lang.String;@4fa4f485 is present]]>
    </line>
    <line>
      <![CDATA[<br>Clicked on ]]>
    </line>
    <line>
      <![CDATA[<br>Opened URL : https://qadealeradminv2india.izmocars.com/login.htm]]>
    </line>
    <line>
      <![CDATA[<br>[Ljava.lang.String;@6f5bd362 is present]]>
    </line>
    <line>
      <![CDATA[<br>Entered value null]]>
    </line>
    <line>
      <![CDATA[<br>[Ljava.lang.String;@799f916e is present]]>
    </line>
    <line>
      <![CDATA[<br>Entered value adsf@gmail.com]]>
    </line>
    <line>
      <![CDATA[<br>[Ljava.lang.String;@21ea996f is present]]>
    </line>
    <line>
      <![CDATA[<br>Clicked on ]]>
    </line>
    <line>
      <![CDATA[<br>Opened URL : https://qadealeradminv2india.izmocars.com/login.htm]]>
    </line>
    <line>
      <![CDATA[<br>[Ljava.lang.String;@40717ed is present]]>
    </line>
    <line>
      <![CDATA[<br>Entered value vgsd]]>
    </line>
    <line>
      <![CDATA[<br>[Ljava.lang.String;@17c0274c is present]]>
    </line>
    <line>
      <![CDATA[<br>Entered value r@je$h143]]>
    </line>
    <line>
      <![CDATA[<br>[Ljava.lang.String;@6b8b5020 is present]]>
    </line>
    <line>
      <![CDATA[<br>Clicked on ]]>
    </line>
    <line>
      <![CDATA[<br>Opened URL : https://qadealeradminv2india.izmocars.com/login.htm]]>
    </line>
    <line>
      <![CDATA[<br>[Ljava.lang.String;@3404e5c4 is present]]>
    </line>
    <line>
      <![CDATA[<br>Entered value chiragr]]>
    </line>
    <line>
      <![CDATA[<br>[Ljava.lang.String;@6bcdd6e4 is present]]>
    </line>
    <line>
      <![CDATA[<br>Entered value null]]>
    </line>
    <line>
      <![CDATA[<br>[Ljava.lang.String;@1a785fd5 is present]]>
    </line>
    <line>
      <![CDATA[<br>Clicked on ]]>
    </line>
    <line>
      <![CDATA[<br>Opened URL : https://qadealeradminv2india.izmocars.com/login.htm]]>
    </line>
    <line>
      <![CDATA[<br>[Ljava.lang.String;@3513d214 is present]]>
    </line>
    <line>
      <![CDATA[<br>Clicked on Forgot your password or User ID?]]>
    </line>
    <line>
      <![CDATA[<br>Opened URL : https://qadealeradminv2india.izmocars.com/login.htm]]>
    </line>
    <line>
      <![CDATA[<br>[Ljava.lang.String;@7cd1ec54 is present]]>
    </line>
    <line>
      <![CDATA[<br>Entered value chiragr]]>
    </line>
    <line>
      <![CDATA[<br>[Ljava.lang.String;@1282f784 is present]]>
    </line>
    <line>
      <![CDATA[<br>Entered value r@je$h143]]>
    </line>
    <line>
      <![CDATA[<br>[Ljava.lang.String;@632c3f55 is present]]>
    </line>
    <line>
      <![CDATA[<br>Clicked on ]]>
    </line>
    <line>
      <![CDATA[<br>[Ljava.lang.String;@fd87c22 is present]]>
    </line>
    <line>
      <![CDATA[<br>Clicked on Logout]]>
    </line>
  </reporter-output>
  <suite name="Default suite" duration-ms="28106" started-at="2019-07-15T06:27:57Z" finished-at="2019-07-15T06:28:26Z">
    <groups>
    </groups>
    <test name="Default test" duration-ms="28106" started-at="2019-07-15T06:27:57Z" finished-at="2019-07-15T06:28:26Z">
      <class name="com.r1v2.backend.pagebuilder.module.ScenarioLogin">
        <test-method status="PASS" signature="setUp()[pri:0, instance:com.r1v2.backend.pagebuilder.module.ScenarioLogin@2002fc1d]" name="setUp" is-config="true" duration-ms="127" started-at="2019-07-15T06:27:57Z" finished-at="2019-07-15T06:27:57Z">
          <reporter-output>
          </reporter-output>
        </test-method> <!-- setUp -->
        <test-method status="PASS" signature="beforeClass()[pri:0, instance:com.r1v2.backend.pagebuilder.module.ScenarioLogin@2002fc1d]" name="beforeClass" is-config="true" duration-ms="2777" started-at="2019-07-15T06:27:57Z" finished-at="2019-07-15T06:28:00Z">
          <reporter-output>
            <line>
              <![CDATA[<br>Browser launched successfully]]>
            </line>
          </reporter-output>
        </test-method> <!-- beforeClass -->
        <test-method status="PASS" signature="setUpOnce()[pri:0, instance:com.r1v2.backend.pagebuilder.module.ScenarioLogin@2002fc1d]" name="setUpOnce" is-config="true" duration-ms="6004" started-at="2019-07-15T06:28:00Z" finished-at="2019-07-15T06:28:06Z">
          <reporter-output>
          </reporter-output>
        </test-method> <!-- setUpOnce -->
        <test-method status="PASS" signature="testSC_1()[pri:0, instance:com.r1v2.backend.pagebuilder.module.ScenarioLogin@2002fc1d]" name="testSC_1" duration-ms="670" started-at="2019-07-15T06:28:06Z" finished-at="2019-07-15T06:28:07Z">
          <reporter-output>
            <line>
              <![CDATA[<br>Opened URL : https://qadealeradminv2india.izmocars.com/login.htm]]>
            </line>
          </reporter-output>
        </test-method> <!-- testSC_1 -->
        <test-method status="PASS" signature="getResult(org.testng.ITestResult)[pri:0, instance:com.r1v2.backend.pagebuilder.module.ScenarioLogin@2002fc1d]" name="getResult" is-config="true" duration-ms="294" started-at="2019-07-15T06:28:07Z" finished-at="2019-07-15T06:28:07Z">
          <params>
            <param index="0">
              <value>
                <![CDATA[[TestResult name=testSC_1 status=SUCCESS method=ScenarioLogin.testSC_1()[pri:0, instance:com.r1v2.backend.pagebuilder.module.ScenarioLogin@2002fc1d] output=<br>Opened URL : https://qadealeradminv2india.izmocars.com/login.htm]]]>
              </value>
            </param>
          </params>
          <reporter-output>
          </reporter-output>
        </test-method> <!-- getResult -->
        <test-method status="PASS" signature="testSC_2()[pri:0, instance:com.r1v2.backend.pagebuilder.module.ScenarioLogin@2002fc1d]" name="testSC_2" duration-ms="610" started-at="2019-07-15T06:28:07Z" finished-at="2019-07-15T06:28:08Z">
          <reporter-output>
            <line>
              <![CDATA[<br>Opened URL : https://qadealeradminv2india.izmocars.com/login.htm]]>
            </line>
            <line>
              <![CDATA[<br>[Ljava.lang.String;@4c4f4365 is present]]>
            </line>
            <line>
              <![CDATA[<br>Entered value chiragr]]>
            </line>
            <line>
              <![CDATA[<br>[Ljava.lang.String;@5d5b5fa7 is present]]>
            </line>
            <line>
              <![CDATA[<br>Entered value adsf@gmail.com]]>
            </line>
            <line>
              <![CDATA[<br>[Ljava.lang.String;@4422dd48 is present]]>
            </line>
            <line>
              <![CDATA[<br>Clicked on ]]>
            </line>
          </reporter-output>
        </test-method> <!-- testSC_2 -->
        <test-method status="PASS" signature="getResult(org.testng.ITestResult)[pri:0, instance:com.r1v2.backend.pagebuilder.module.ScenarioLogin@2002fc1d]" name="getResult" is-config="true" duration-ms="48" started-at="2019-07-15T06:28:08Z" finished-at="2019-07-15T06:28:08Z">
          <params>
            <param index="0">
              <value>
                <![CDATA[[TestResult name=testSC_2 status=SUCCESS method=ScenarioLogin.testSC_2()[pri:0, instance:com.r1v2.backend.pagebuilder.module.ScenarioLogin@2002fc1d] output=<br>Opened URL : https://qadealeradminv2india.izmocars.com/login.htm]]]>
              </value>
            </param>
          </params>
          <reporter-output>
          </reporter-output>
        </test-method> <!-- getResult -->
        <test-method status="PASS" signature="testSC_3()[pri:3, instance:com.r1v2.backend.pagebuilder.module.ScenarioLogin@2002fc1d]" name="testSC_3" duration-ms="411" started-at="2019-07-15T06:28:08Z" finished-at="2019-07-15T06:28:08Z">
          <reporter-output>
            <line>
              <![CDATA[<br>Opened URL : https://qadealeradminv2india.izmocars.com/login.htm]]>
            </line>
            <line>
              <![CDATA[<br>[Ljava.lang.String;@68880c21 is present]]>
            </line>
            <line>
              <![CDATA[<br>Entered value vgsd]]>
            </line>
            <line>
              <![CDATA[<br>[Ljava.lang.String;@6caf7803 is present]]>
            </line>
            <line>
              <![CDATA[<br>Entered value r@je$h143]]>
            </line>
            <line>
              <![CDATA[<br>[Ljava.lang.String;@574b7f4a is present]]>
            </line>
            <line>
              <![CDATA[<br>Clicked on ]]>
            </line>
          </reporter-output>
        </test-method> <!-- testSC_3 -->
        <test-method status="PASS" signature="getResult(org.testng.ITestResult)[pri:0, instance:com.r1v2.backend.pagebuilder.module.ScenarioLogin@2002fc1d]" name="getResult" is-config="true" duration-ms="44" started-at="2019-07-15T06:28:08Z" finished-at="2019-07-15T06:28:08Z">
          <params>
            <param index="0">
              <value>
                <![CDATA[[TestResult name=testSC_3 status=SUCCESS method=ScenarioLogin.testSC_3()[pri:3, instance:com.r1v2.backend.pagebuilder.module.ScenarioLogin@2002fc1d] output=<br>Opened URL : https://qadealeradminv2india.izmocars.com/login.htm]]]>
              </value>
            </param>
          </params>
          <reporter-output>
          </reporter-output>
        </test-method> <!-- getResult -->
        <test-method status="PASS" signature="testSC_4()[pri:4, instance:com.r1v2.backend.pagebuilder.module.ScenarioLogin@2002fc1d]" name="testSC_4" duration-ms="421" started-at="2019-07-15T06:28:08Z" finished-at="2019-07-15T06:28:09Z">
          <reporter-output>
            <line>
              <![CDATA[<br>Opened URL : https://qadealeradminv2india.izmocars.com/login.htm]]>
            </line>
            <line>
              <![CDATA[<br>[Ljava.lang.String;@3a8d467e is present]]>
            </line>
            <line>
              <![CDATA[<br>Entered value vgsd]]>
            </line>
            <line>
              <![CDATA[<br>[Ljava.lang.String;@5d342959 is present]]>
            </line>
            <line>
              <![CDATA[<br>Entered value adsf@gmail.com]]>
            </line>
            <line>
              <![CDATA[<br>[Ljava.lang.String;@4fa4f485 is present]]>
            </line>
            <line>
              <![CDATA[<br>Clicked on ]]>
            </line>
          </reporter-output>
        </test-method> <!-- testSC_4 -->
        <test-method status="PASS" signature="getResult(org.testng.ITestResult)[pri:0, instance:com.r1v2.backend.pagebuilder.module.ScenarioLogin@2002fc1d]" name="getResult" is-config="true" duration-ms="44" started-at="2019-07-15T06:28:09Z" finished-at="2019-07-15T06:28:09Z">
          <params>
            <param index="0">
              <value>
                <![CDATA[[TestResult name=testSC_4 status=SUCCESS method=ScenarioLogin.testSC_4()[pri:4, instance:com.r1v2.backend.pagebuilder.module.ScenarioLogin@2002fc1d] output=<br>Opened URL : https://qadealeradminv2india.izmocars.com/login.htm]]]>
              </value>
            </param>
          </params>
          <reporter-output>
          </reporter-output>
        </test-method> <!-- getResult -->
        <test-method status="PASS" signature="testSC_5()[pri:5, instance:com.r1v2.backend.pagebuilder.module.ScenarioLogin@2002fc1d]" name="testSC_5" duration-ms="445" started-at="2019-07-15T06:28:09Z" finished-at="2019-07-15T06:28:09Z">
          <reporter-output>
            <line>
              <![CDATA[<br>Opened URL : https://qadealeradminv2india.izmocars.com/login.htm]]>
            </line>
            <line>
              <![CDATA[<br>[Ljava.lang.String;@6f5bd362 is present]]>
            </line>
            <line>
              <![CDATA[<br>Entered value null]]>
            </line>
            <line>
              <![CDATA[<br>[Ljava.lang.String;@799f916e is present]]>
            </line>
            <line>
              <![CDATA[<br>Entered value adsf@gmail.com]]>
            </line>
            <line>
              <![CDATA[<br>[Ljava.lang.String;@21ea996f is present]]>
            </line>
            <line>
              <![CDATA[<br>Clicked on ]]>
            </line>
          </reporter-output>
        </test-method> <!-- testSC_5 -->
        <test-method status="PASS" signature="getResult(org.testng.ITestResult)[pri:0, instance:com.r1v2.backend.pagebuilder.module.ScenarioLogin@2002fc1d]" name="getResult" is-config="true" duration-ms="42" started-at="2019-07-15T06:28:09Z" finished-at="2019-07-15T06:28:09Z">
          <params>
            <param index="0">
              <value>
                <![CDATA[[TestResult name=testSC_5 status=SUCCESS method=ScenarioLogin.testSC_5()[pri:5, instance:com.r1v2.backend.pagebuilder.module.ScenarioLogin@2002fc1d] output=<br>Opened URL : https://qadealeradminv2india.izmocars.com/login.htm]]]>
              </value>
            </param>
          </params>
          <reporter-output>
          </reporter-output>
        </test-method> <!-- getResult -->
        <test-method status="PASS" signature="testSC_6()[pri:6, instance:com.r1v2.backend.pagebuilder.module.ScenarioLogin@2002fc1d]" name="testSC_6" duration-ms="441" started-at="2019-07-15T06:28:09Z" finished-at="2019-07-15T06:28:10Z">
          <reporter-output>
            <line>
              <![CDATA[<br>Opened URL : https://qadealeradminv2india.izmocars.com/login.htm]]>
            </line>
            <line>
              <![CDATA[<br>[Ljava.lang.String;@40717ed is present]]>
            </line>
            <line>
              <![CDATA[<br>Entered value vgsd]]>
            </line>
            <line>
              <![CDATA[<br>[Ljava.lang.String;@17c0274c is present]]>
            </line>
            <line>
              <![CDATA[<br>Entered value r@je$h143]]>
            </line>
            <line>
              <![CDATA[<br>[Ljava.lang.String;@6b8b5020 is present]]>
            </line>
            <line>
              <![CDATA[<br>Clicked on ]]>
            </line>
          </reporter-output>
        </test-method> <!-- testSC_6 -->
        <test-method status="PASS" signature="getResult(org.testng.ITestResult)[pri:0, instance:com.r1v2.backend.pagebuilder.module.ScenarioLogin@2002fc1d]" name="getResult" is-config="true" duration-ms="50" started-at="2019-07-15T06:28:10Z" finished-at="2019-07-15T06:28:10Z">
          <params>
            <param index="0">
              <value>
                <![CDATA[[TestResult name=testSC_6 status=SUCCESS method=ScenarioLogin.testSC_6()[pri:6, instance:com.r1v2.backend.pagebuilder.module.ScenarioLogin@2002fc1d] output=<br>Opened URL : https://qadealeradminv2india.izmocars.com/login.htm]]]>
              </value>
            </param>
          </params>
          <reporter-output>
          </reporter-output>
        </test-method> <!-- getResult -->
        <test-method status="PASS" signature="testSC_7()[pri:7, instance:com.r1v2.backend.pagebuilder.module.ScenarioLogin@2002fc1d]" name="testSC_7" duration-ms="551" started-at="2019-07-15T06:28:10Z" finished-at="2019-07-15T06:28:10Z">
          <reporter-output>
            <line>
              <![CDATA[<br>Opened URL : https://qadealeradminv2india.izmocars.com/login.htm]]>
            </line>
            <line>
              <![CDATA[<br>[Ljava.lang.String;@3404e5c4 is present]]>
            </line>
            <line>
              <![CDATA[<br>Entered value chiragr]]>
            </line>
            <line>
              <![CDATA[<br>[Ljava.lang.String;@6bcdd6e4 is present]]>
            </line>
            <line>
              <![CDATA[<br>Entered value null]]>
            </line>
            <line>
              <![CDATA[<br>[Ljava.lang.String;@1a785fd5 is present]]>
            </line>
            <line>
              <![CDATA[<br>Clicked on ]]>
            </line>
          </reporter-output>
        </test-method> <!-- testSC_7 -->
        <test-method status="PASS" signature="getResult(org.testng.ITestResult)[pri:0, instance:com.r1v2.backend.pagebuilder.module.ScenarioLogin@2002fc1d]" name="getResult" is-config="true" duration-ms="34" started-at="2019-07-15T06:28:10Z" finished-at="2019-07-15T06:28:10Z">
          <params>
            <param index="0">
              <value>
                <![CDATA[[TestResult name=testSC_7 status=SUCCESS method=ScenarioLogin.testSC_7()[pri:7, instance:com.r1v2.backend.pagebuilder.module.ScenarioLogin@2002fc1d] output=<br>Opened URL : https://qadealeradminv2india.izmocars.com/login.htm]]]>
              </value>
            </param>
          </params>
          <reporter-output>
          </reporter-output>
        </test-method> <!-- getResult -->
        <test-method status="PASS" signature="testSC_8()[pri:8, instance:com.r1v2.backend.pagebuilder.module.ScenarioLogin@2002fc1d]" name="testSC_8" duration-ms="426" started-at="2019-07-15T06:28:10Z" finished-at="2019-07-15T06:28:11Z">
          <reporter-output>
            <line>
              <![CDATA[<br>Opened URL : https://qadealeradminv2india.izmocars.com/login.htm]]>
            </line>
            <line>
              <![CDATA[<br>[Ljava.lang.String;@3513d214 is present]]>
            </line>
            <line>
              <![CDATA[<br>Clicked on Forgot your password or User ID?]]>
            </line>
          </reporter-output>
        </test-method> <!-- testSC_8 -->
        <test-method status="PASS" signature="getResult(org.testng.ITestResult)[pri:0, instance:com.r1v2.backend.pagebuilder.module.ScenarioLogin@2002fc1d]" name="getResult" is-config="true" duration-ms="53" started-at="2019-07-15T06:28:11Z" finished-at="2019-07-15T06:28:11Z">
          <params>
            <param index="0">
              <value>
                <![CDATA[[TestResult name=testSC_8 status=SUCCESS method=ScenarioLogin.testSC_8()[pri:8, instance:com.r1v2.backend.pagebuilder.module.ScenarioLogin@2002fc1d] output=<br>Opened URL : https://qadealeradminv2india.izmocars.com/login.htm]]]>
              </value>
            </param>
          </params>
          <reporter-output>
          </reporter-output>
        </test-method> <!-- getResult -->
        <test-method status="PASS" signature="testSC_9()[pri:9, instance:com.r1v2.backend.pagebuilder.module.ScenarioLogin@2002fc1d]" name="testSC_9" duration-ms="8685" started-at="2019-07-15T06:28:11Z" finished-at="2019-07-15T06:28:19Z">
          <reporter-output>
            <line>
              <![CDATA[<br>Opened URL : https://qadealeradminv2india.izmocars.com/login.htm]]>
            </line>
            <line>
              <![CDATA[<br>[Ljava.lang.String;@7cd1ec54 is present]]>
            </line>
            <line>
              <![CDATA[<br>Entered value chiragr]]>
            </line>
            <line>
              <![CDATA[<br>[Ljava.lang.String;@1282f784 is present]]>
            </line>
            <line>
              <![CDATA[<br>Entered value r@je$h143]]>
            </line>
            <line>
              <![CDATA[<br>[Ljava.lang.String;@632c3f55 is present]]>
            </line>
            <line>
              <![CDATA[<br>Clicked on ]]>
            </line>
          </reporter-output>
        </test-method> <!-- testSC_9 -->
        <test-method status="PASS" signature="getResult(org.testng.ITestResult)[pri:0, instance:com.r1v2.backend.pagebuilder.module.ScenarioLogin@2002fc1d]" name="getResult" is-config="true" duration-ms="40" started-at="2019-07-15T06:28:19Z" finished-at="2019-07-15T06:28:20Z">
          <params>
            <param index="0">
              <value>
                <![CDATA[[TestResult name=testSC_9 status=SUCCESS method=ScenarioLogin.testSC_9()[pri:9, instance:com.r1v2.backend.pagebuilder.module.ScenarioLogin@2002fc1d] output=<br>Opened URL : https://qadealeradminv2india.izmocars.com/login.htm]]]>
              </value>
            </param>
          </params>
          <reporter-output>
          </reporter-output>
        </test-method> <!-- getResult -->
        <test-method status="PASS" signature="testPG_10()[pri:10, instance:com.r1v2.backend.pagebuilder.module.ScenarioLogin@2002fc1d]" name="testPG_10" duration-ms="5941" started-at="2019-07-15T06:28:20Z" finished-at="2019-07-15T06:28:25Z">
          <reporter-output>
            <line>
              <![CDATA[<br>[Ljava.lang.String;@fd87c22 is present]]>
            </line>
            <line>
              <![CDATA[<br>Clicked on Logout]]>
            </line>
          </reporter-output>
        </test-method> <!-- testPG_10 -->
        <test-method status="PASS" signature="getResult(org.testng.ITestResult)[pri:0, instance:com.r1v2.backend.pagebuilder.module.ScenarioLogin@2002fc1d]" name="getResult" is-config="true" duration-ms="36" started-at="2019-07-15T06:28:25Z" finished-at="2019-07-15T06:28:26Z">
          <params>
            <param index="0">
              <value>
                <![CDATA[[TestResult name=testPG_10 status=SUCCESS method=ScenarioLogin.testPG_10()[pri:10, instance:com.r1v2.backend.pagebuilder.module.ScenarioLogin@2002fc1d] output=<br>[Ljava.lang.String;@fd87c22 is present]]]>
              </value>
            </param>
          </params>
          <reporter-output>
          </reporter-output>
        </test-method> <!-- getResult -->
      </class> <!-- com.r1v2.backend.pagebuilder.module.ScenarioLogin -->
    </test> <!-- Default test -->
  </suite> <!-- Default suite -->
</testng-results>
