<?xml version="1.0" encoding="UTF-8"?>
<testng-results skipped="0" failed="7" ignored="0" total="10" passed="3">
  <reporter-output>
    <line>
      <![CDATA[<br>Browser launched successfully]]>
    </line>
    <line>
      <![CDATA[<br>Opened URL : https://qadealeradminv2fr.izmocars.com/login.htm]]>
    </line>
    <line>
      <![CDATA[<br>Opened URL : https://qadealeradminv2fr.izmocars.com/login.htm]]>
    </line>
    <line>
      <![CDATA[<br>[Ljava.lang.String;@20ca951f is present]]>
    </line>
    <line>
      <![CDATA[<br>Entered value shaikaslam]]>
    </line>
    <line>
      <![CDATA[<br>[Ljava.lang.String;@5674e1f2 is present]]>
    </line>
    <line>
      <![CDATA[<br>Entered value abcde]]>
    </line>
    <line>
      <![CDATA[<br>[Ljava.lang.String;@48a12036 is present]]>
    </line>
    <line>
      <![CDATA[<br>Clicked on ]]>
    </line>
    <line>
      <![CDATA[<br>Opened URL : https://qadealeradminv2fr.izmocars.com/login.htm]]>
    </line>
    <line>
      <![CDATA[<br>[Ljava.lang.String;@3f446bef is present]]>
    </line>
    <line>
      <![CDATA[<br>Entered value abc@gmail.com]]>
    </line>
    <line>
      <![CDATA[<br>[Ljava.lang.String;@f19c9d2 is present]]>
    </line>
    <line>
      <![CDATA[<br>Entered value asles]]>
    </line>
    <line>
      <![CDATA[<br>[Ljava.lang.String;@54ec8cc9 is present]]>
    </line>
    <line>
      <![CDATA[<br>Clicked on ]]>
    </line>
    <line>
      <![CDATA[<br>Opened URL : https://qadealeradminv2fr.izmocars.com/login.htm]]>
    </line>
    <line>
      <![CDATA[<br>[Ljava.lang.String;@ceb4bd2 is present]]>
    </line>
    <line>
      <![CDATA[<br>Entered value abc@gmail.com]]>
    </line>
    <line>
      <![CDATA[<br>[Ljava.lang.String;@7e97551f is present]]>
    </line>
    <line>
      <![CDATA[<br>Entered value abcde]]>
    </line>
    <line>
      <![CDATA[<br>[Ljava.lang.String;@14151bc5 is present]]>
    </line>
    <line>
      <![CDATA[<br>Clicked on ]]>
    </line>
    <line>
      <![CDATA[<br>Opened URL : https://qadealeradminv2fr.izmocars.com/login.htm]]>
    </line>
    <line>
      <![CDATA[<br>[Ljava.lang.String;@7207cb51 is present]]>
    </line>
    <line>
      <![CDATA[<br>Entered value abc@gmail.com]]>
    </line>
    <line>
      <![CDATA[<br>[Ljava.lang.String;@184dbacc is present]]>
    </line>
    <line>
      <![CDATA[<br>Entered value ]]>
    </line>
    <line>
      <![CDATA[<br>[Ljava.lang.String;@3b2f4a93 is present]]>
    </line>
    <line>
      <![CDATA[<br>Clicked on ]]>
    </line>
    <line>
      <![CDATA[<br>Opened URL : https://qadealeradminv2fr.izmocars.com/login.htm]]>
    </line>
    <line>
      <![CDATA[<br>[Ljava.lang.String;@3cb8c8ce is present]]>
    </line>
    <line>
      <![CDATA[<br>Entered value abc@gmail.com]]>
    </line>
    <line>
      <![CDATA[<br>[Ljava.lang.String;@5c77ba8f is present]]>
    </line>
    <line>
      <![CDATA[<br>Entered value asles]]>
    </line>
    <line>
      <![CDATA[<br>[Ljava.lang.String;@7a485a36 is present]]>
    </line>
    <line>
      <![CDATA[<br>Clicked on ]]>
    </line>
    <line>
      <![CDATA[<br>Opened URL : https://qadealeradminv2fr.izmocars.com/login.htm]]>
    </line>
    <line>
      <![CDATA[<br>[Ljava.lang.String;@50f097b5 is present]]>
    </line>
    <line>
      <![CDATA[<br>Entered value shaikaslam]]>
    </line>
    <line>
      <![CDATA[<br>[Ljava.lang.String;@7c781c42 is present]]>
    </line>
    <line>
      <![CDATA[<br>Entered value ]]>
    </line>
    <line>
      <![CDATA[<br>[Ljava.lang.String;@d2e6b0b is present]]>
    </line>
    <line>
      <![CDATA[<br>Clicked on ]]>
    </line>
    <line>
      <![CDATA[<br>Opened URL : https://qadealeradminv2fr.izmocars.com/login.htm]]>
    </line>
    <line>
      <![CDATA[<br>[Ljava.lang.String;@6f3f0ae is present]]>
    </line>
    <line>
      <![CDATA[<br>Clicked on Vous avez oublié votre mot de passe ou votre login?]]>
    </line>
    <line>
      <![CDATA[<br>Opened URL : https://qadealeradminv2fr.izmocars.com/login.htm]]>
    </line>
    <line>
      <![CDATA[<br>[Ljava.lang.String;@574059d5 is present]]>
    </line>
    <line>
      <![CDATA[<br>Entered value shaikaslam]]>
    </line>
    <line>
      <![CDATA[<br>[Ljava.lang.String;@46fc522d is present]]>
    </line>
    <line>
      <![CDATA[<br>Entered value asles]]>
    </line>
    <line>
      <![CDATA[<br>[Ljava.lang.String;@52d0f583 is present]]>
    </line>
    <line>
      <![CDATA[<br>Clicked on ]]>
    </line>
    <line>
      <![CDATA[<br>[Ljava.lang.String;@1129829c is present]]>
    </line>
    <line>
      <![CDATA[<br>Clicked on Logout]]>
    </line>
  </reporter-output>
  <suite name="Default suite" duration-ms="43196" started-at="2018-07-17T13:38:45Z" finished-at="2018-07-17T13:39:28Z">
    <groups>
    </groups>
    <test name="Default test" duration-ms="43196" started-at="2018-07-17T13:38:45Z" finished-at="2018-07-17T13:39:28Z">
      <class name="com.r1v2.reporting.test.Scenario1Login">
        <test-method status="PASS" signature="beforeClass()[pri:0, instance:com.r1v2.reporting.test.Scenario1Login@2758fe70]" name="beforeClass" is-config="true" duration-ms="5474" started-at="2018-07-17T13:38:45Z" finished-at="2018-07-17T13:38:50Z">
          <reporter-output>
            <line>
              <![CDATA[<br>Browser launched successfully]]>
            </line>
          </reporter-output>
        </test-method> <!-- beforeClass -->
        <test-method status="PASS" signature="setUpOnce()[pri:0, instance:com.r1v2.reporting.test.Scenario1Login@2758fe70]" name="setUpOnce" is-config="true" duration-ms="2" started-at="2018-07-17T13:38:50Z" finished-at="2018-07-17T13:38:50Z">
          <reporter-output>
          </reporter-output>
        </test-method> <!-- setUpOnce -->
        <test-method status="FAIL" signature="testSC_1()[pri:1, instance:com.r1v2.reporting.test.Scenario1Login@2758fe70]" name="testSC_1" duration-ms="2575" started-at="2018-07-17T13:38:50Z" finished-at="2018-07-17T13:38:53Z">
          <exception class="java.lang.NullPointerException">
            <full-stacktrace>
              <![CDATA[java.lang.NullPointerException
at com.r1v2.reporting.test.Scenario1Login.testSC_1(Scenario1Login.java:30)
at sun.reflect.NativeMethodAccessorImpl.invoke0(Native Method)
at sun.reflect.NativeMethodAccessorImpl.invoke(NativeMethodAccessorImpl.java:62)
at sun.reflect.DelegatingMethodAccessorImpl.invoke(DelegatingMethodAccessorImpl.java:43)
at java.lang.reflect.Method.invoke(Method.java:497)
at org.testng.internal.MethodInvocationHelper.invokeMethod(MethodInvocationHelper.java:124)
at org.testng.internal.Invoker.invokeMethod(Invoker.java:583)
at org.testng.internal.Invoker.invokeTestMethod(Invoker.java:719)
at org.testng.internal.Invoker.invokeTestMethods(Invoker.java:989)
at org.testng.internal.TestMethodWorker.invokeTestMethods(TestMethodWorker.java:125)
at org.testng.internal.TestMethodWorker.run(TestMethodWorker.java:109)
at org.testng.TestRunner.privateRun(TestRunner.java:648)
at org.testng.TestRunner.run(TestRunner.java:505)
at org.testng.SuiteRunner.runTest(SuiteRunner.java:455)
at org.testng.SuiteRunner.runSequentially(SuiteRunner.java:450)
at org.testng.SuiteRunner.privateRun(SuiteRunner.java:415)
at org.testng.SuiteRunner.run(SuiteRunner.java:364)
at org.testng.SuiteRunnerWorker.runSuite(SuiteRunnerWorker.java:52)
at org.testng.SuiteRunnerWorker.run(SuiteRunnerWorker.java:84)
at org.testng.TestNG.runSuitesSequentially(TestNG.java:1208)
at org.testng.TestNG.runSuitesLocally(TestNG.java:1137)
at org.testng.TestNG.runSuites(TestNG.java:1049)
at org.testng.TestNG.run(TestNG.java:1017)
at org.testng.remote.AbstractRemoteTestNG.run(AbstractRemoteTestNG.java:114)
at org.testng.remote.RemoteTestNG.initAndRun(RemoteTestNG.java:251)
at org.testng.remote.RemoteTestNG.main(RemoteTestNG.java:77)
]]>
            </full-stacktrace>
          </exception> <!-- java.lang.NullPointerException -->
          <reporter-output>
            <line>
              <![CDATA[<br>Opened URL : https://qadealeradminv2fr.izmocars.com/login.htm]]>
            </line>
          </reporter-output>
        </test-method> <!-- testSC_1 -->
        <test-method status="FAIL" signature="testSC_2()[pri:2, instance:com.r1v2.reporting.test.Scenario1Login@2758fe70]" name="testSC_2" duration-ms="1799" started-at="2018-07-17T13:38:53Z" finished-at="2018-07-17T13:38:55Z">
          <exception class="java.lang.NullPointerException">
            <full-stacktrace>
              <![CDATA[java.lang.NullPointerException
at com.r1v2.reporting.test.Scenario1Login.testSC_2(Scenario1Login.java:40)
at sun.reflect.NativeMethodAccessorImpl.invoke0(Native Method)
at sun.reflect.NativeMethodAccessorImpl.invoke(NativeMethodAccessorImpl.java:62)
at sun.reflect.DelegatingMethodAccessorImpl.invoke(DelegatingMethodAccessorImpl.java:43)
at java.lang.reflect.Method.invoke(Method.java:497)
at org.testng.internal.MethodInvocationHelper.invokeMethod(MethodInvocationHelper.java:124)
at org.testng.internal.Invoker.invokeMethod(Invoker.java:583)
at org.testng.internal.Invoker.invokeTestMethod(Invoker.java:719)
at org.testng.internal.Invoker.invokeTestMethods(Invoker.java:989)
at org.testng.internal.TestMethodWorker.invokeTestMethods(TestMethodWorker.java:125)
at org.testng.internal.TestMethodWorker.run(TestMethodWorker.java:109)
at org.testng.TestRunner.privateRun(TestRunner.java:648)
at org.testng.TestRunner.run(TestRunner.java:505)
at org.testng.SuiteRunner.runTest(SuiteRunner.java:455)
at org.testng.SuiteRunner.runSequentially(SuiteRunner.java:450)
at org.testng.SuiteRunner.privateRun(SuiteRunner.java:415)
at org.testng.SuiteRunner.run(SuiteRunner.java:364)
at org.testng.SuiteRunnerWorker.runSuite(SuiteRunnerWorker.java:52)
at org.testng.SuiteRunnerWorker.run(SuiteRunnerWorker.java:84)
at org.testng.TestNG.runSuitesSequentially(TestNG.java:1208)
at org.testng.TestNG.runSuitesLocally(TestNG.java:1137)
at org.testng.TestNG.runSuites(TestNG.java:1049)
at org.testng.TestNG.run(TestNG.java:1017)
at org.testng.remote.AbstractRemoteTestNG.run(AbstractRemoteTestNG.java:114)
at org.testng.remote.RemoteTestNG.initAndRun(RemoteTestNG.java:251)
at org.testng.remote.RemoteTestNG.main(RemoteTestNG.java:77)
]]>
            </full-stacktrace>
          </exception> <!-- java.lang.NullPointerException -->
          <reporter-output>
            <line>
              <![CDATA[<br>Opened URL : https://qadealeradminv2fr.izmocars.com/login.htm]]>
            </line>
            <line>
              <![CDATA[<br>[Ljava.lang.String;@20ca951f is present]]>
            </line>
            <line>
              <![CDATA[<br>Entered value shaikaslam]]>
            </line>
            <line>
              <![CDATA[<br>[Ljava.lang.String;@5674e1f2 is present]]>
            </line>
            <line>
              <![CDATA[<br>Entered value abcde]]>
            </line>
            <line>
              <![CDATA[<br>[Ljava.lang.String;@48a12036 is present]]>
            </line>
            <line>
              <![CDATA[<br>Clicked on ]]>
            </line>
          </reporter-output>
        </test-method> <!-- testSC_2 -->
        <test-method status="FAIL" signature="testSC_3()[pri:3, instance:com.r1v2.reporting.test.Scenario1Login@2758fe70]" name="testSC_3" duration-ms="779" started-at="2018-07-17T13:38:55Z" finished-at="2018-07-17T13:38:55Z">
          <exception class="java.lang.NullPointerException">
            <full-stacktrace>
              <![CDATA[java.lang.NullPointerException
at com.r1v2.reporting.test.Scenario1Login.testSC_3(Scenario1Login.java:51)
at sun.reflect.NativeMethodAccessorImpl.invoke0(Native Method)
at sun.reflect.NativeMethodAccessorImpl.invoke(NativeMethodAccessorImpl.java:62)
at sun.reflect.DelegatingMethodAccessorImpl.invoke(DelegatingMethodAccessorImpl.java:43)
at java.lang.reflect.Method.invoke(Method.java:497)
at org.testng.internal.MethodInvocationHelper.invokeMethod(MethodInvocationHelper.java:124)
at org.testng.internal.Invoker.invokeMethod(Invoker.java:583)
at org.testng.internal.Invoker.invokeTestMethod(Invoker.java:719)
at org.testng.internal.Invoker.invokeTestMethods(Invoker.java:989)
at org.testng.internal.TestMethodWorker.invokeTestMethods(TestMethodWorker.java:125)
at org.testng.internal.TestMethodWorker.run(TestMethodWorker.java:109)
at org.testng.TestRunner.privateRun(TestRunner.java:648)
at org.testng.TestRunner.run(TestRunner.java:505)
at org.testng.SuiteRunner.runTest(SuiteRunner.java:455)
at org.testng.SuiteRunner.runSequentially(SuiteRunner.java:450)
at org.testng.SuiteRunner.privateRun(SuiteRunner.java:415)
at org.testng.SuiteRunner.run(SuiteRunner.java:364)
at org.testng.SuiteRunnerWorker.runSuite(SuiteRunnerWorker.java:52)
at org.testng.SuiteRunnerWorker.run(SuiteRunnerWorker.java:84)
at org.testng.TestNG.runSuitesSequentially(TestNG.java:1208)
at org.testng.TestNG.runSuitesLocally(TestNG.java:1137)
at org.testng.TestNG.runSuites(TestNG.java:1049)
at org.testng.TestNG.run(TestNG.java:1017)
at org.testng.remote.AbstractRemoteTestNG.run(AbstractRemoteTestNG.java:114)
at org.testng.remote.RemoteTestNG.initAndRun(RemoteTestNG.java:251)
at org.testng.remote.RemoteTestNG.main(RemoteTestNG.java:77)
]]>
            </full-stacktrace>
          </exception> <!-- java.lang.NullPointerException -->
          <reporter-output>
            <line>
              <![CDATA[<br>Opened URL : https://qadealeradminv2fr.izmocars.com/login.htm]]>
            </line>
            <line>
              <![CDATA[<br>[Ljava.lang.String;@3f446bef is present]]>
            </line>
            <line>
              <![CDATA[<br>Entered value abc@gmail.com]]>
            </line>
            <line>
              <![CDATA[<br>[Ljava.lang.String;@f19c9d2 is present]]>
            </line>
            <line>
              <![CDATA[<br>Entered value asles]]>
            </line>
            <line>
              <![CDATA[<br>[Ljava.lang.String;@54ec8cc9 is present]]>
            </line>
            <line>
              <![CDATA[<br>Clicked on ]]>
            </line>
          </reporter-output>
        </test-method> <!-- testSC_3 -->
        <test-method status="FAIL" signature="testSC_4()[pri:4, instance:com.r1v2.reporting.test.Scenario1Login@2758fe70]" name="testSC_4" duration-ms="829" started-at="2018-07-17T13:38:55Z" finished-at="2018-07-17T13:38:56Z">
          <exception class="java.lang.NullPointerException">
            <full-stacktrace>
              <![CDATA[java.lang.NullPointerException
at com.r1v2.reporting.test.Scenario1Login.testSC_4(Scenario1Login.java:62)
at sun.reflect.NativeMethodAccessorImpl.invoke0(Native Method)
at sun.reflect.NativeMethodAccessorImpl.invoke(NativeMethodAccessorImpl.java:62)
at sun.reflect.DelegatingMethodAccessorImpl.invoke(DelegatingMethodAccessorImpl.java:43)
at java.lang.reflect.Method.invoke(Method.java:497)
at org.testng.internal.MethodInvocationHelper.invokeMethod(MethodInvocationHelper.java:124)
at org.testng.internal.Invoker.invokeMethod(Invoker.java:583)
at org.testng.internal.Invoker.invokeTestMethod(Invoker.java:719)
at org.testng.internal.Invoker.invokeTestMethods(Invoker.java:989)
at org.testng.internal.TestMethodWorker.invokeTestMethods(TestMethodWorker.java:125)
at org.testng.internal.TestMethodWorker.run(TestMethodWorker.java:109)
at org.testng.TestRunner.privateRun(TestRunner.java:648)
at org.testng.TestRunner.run(TestRunner.java:505)
at org.testng.SuiteRunner.runTest(SuiteRunner.java:455)
at org.testng.SuiteRunner.runSequentially(SuiteRunner.java:450)
at org.testng.SuiteRunner.privateRun(SuiteRunner.java:415)
at org.testng.SuiteRunner.run(SuiteRunner.java:364)
at org.testng.SuiteRunnerWorker.runSuite(SuiteRunnerWorker.java:52)
at org.testng.SuiteRunnerWorker.run(SuiteRunnerWorker.java:84)
at org.testng.TestNG.runSuitesSequentially(TestNG.java:1208)
at org.testng.TestNG.runSuitesLocally(TestNG.java:1137)
at org.testng.TestNG.runSuites(TestNG.java:1049)
at org.testng.TestNG.run(TestNG.java:1017)
at org.testng.remote.AbstractRemoteTestNG.run(AbstractRemoteTestNG.java:114)
at org.testng.remote.RemoteTestNG.initAndRun(RemoteTestNG.java:251)
at org.testng.remote.RemoteTestNG.main(RemoteTestNG.java:77)
]]>
            </full-stacktrace>
          </exception> <!-- java.lang.NullPointerException -->
          <reporter-output>
            <line>
              <![CDATA[<br>Opened URL : https://qadealeradminv2fr.izmocars.com/login.htm]]>
            </line>
            <line>
              <![CDATA[<br>[Ljava.lang.String;@ceb4bd2 is present]]>
            </line>
            <line>
              <![CDATA[<br>Entered value abc@gmail.com]]>
            </line>
            <line>
              <![CDATA[<br>[Ljava.lang.String;@7e97551f is present]]>
            </line>
            <line>
              <![CDATA[<br>Entered value abcde]]>
            </line>
            <line>
              <![CDATA[<br>[Ljava.lang.String;@14151bc5 is present]]>
            </line>
            <line>
              <![CDATA[<br>Clicked on ]]>
            </line>
          </reporter-output>
        </test-method> <!-- testSC_4 -->
        <test-method status="FAIL" signature="testSC_5()[pri:5, instance:com.r1v2.reporting.test.Scenario1Login@2758fe70]" name="testSC_5" duration-ms="815" started-at="2018-07-17T13:38:56Z" finished-at="2018-07-17T13:38:57Z">
          <exception class="java.lang.NullPointerException">
            <full-stacktrace>
              <![CDATA[java.lang.NullPointerException
at com.r1v2.reporting.test.Scenario1Login.testSC_5(Scenario1Login.java:74)
at sun.reflect.NativeMethodAccessorImpl.invoke0(Native Method)
at sun.reflect.NativeMethodAccessorImpl.invoke(NativeMethodAccessorImpl.java:62)
at sun.reflect.DelegatingMethodAccessorImpl.invoke(DelegatingMethodAccessorImpl.java:43)
at java.lang.reflect.Method.invoke(Method.java:497)
at org.testng.internal.MethodInvocationHelper.invokeMethod(MethodInvocationHelper.java:124)
at org.testng.internal.Invoker.invokeMethod(Invoker.java:583)
at org.testng.internal.Invoker.invokeTestMethod(Invoker.java:719)
at org.testng.internal.Invoker.invokeTestMethods(Invoker.java:989)
at org.testng.internal.TestMethodWorker.invokeTestMethods(TestMethodWorker.java:125)
at org.testng.internal.TestMethodWorker.run(TestMethodWorker.java:109)
at org.testng.TestRunner.privateRun(TestRunner.java:648)
at org.testng.TestRunner.run(TestRunner.java:505)
at org.testng.SuiteRunner.runTest(SuiteRunner.java:455)
at org.testng.SuiteRunner.runSequentially(SuiteRunner.java:450)
at org.testng.SuiteRunner.privateRun(SuiteRunner.java:415)
at org.testng.SuiteRunner.run(SuiteRunner.java:364)
at org.testng.SuiteRunnerWorker.runSuite(SuiteRunnerWorker.java:52)
at org.testng.SuiteRunnerWorker.run(SuiteRunnerWorker.java:84)
at org.testng.TestNG.runSuitesSequentially(TestNG.java:1208)
at org.testng.TestNG.runSuitesLocally(TestNG.java:1137)
at org.testng.TestNG.runSuites(TestNG.java:1049)
at org.testng.TestNG.run(TestNG.java:1017)
at org.testng.remote.AbstractRemoteTestNG.run(AbstractRemoteTestNG.java:114)
at org.testng.remote.RemoteTestNG.initAndRun(RemoteTestNG.java:251)
at org.testng.remote.RemoteTestNG.main(RemoteTestNG.java:77)
]]>
            </full-stacktrace>
          </exception> <!-- java.lang.NullPointerException -->
          <reporter-output>
            <line>
              <![CDATA[<br>Opened URL : https://qadealeradminv2fr.izmocars.com/login.htm]]>
            </line>
            <line>
              <![CDATA[<br>[Ljava.lang.String;@7207cb51 is present]]>
            </line>
            <line>
              <![CDATA[<br>Entered value abc@gmail.com]]>
            </line>
            <line>
              <![CDATA[<br>[Ljava.lang.String;@184dbacc is present]]>
            </line>
            <line>
              <![CDATA[<br>Entered value ]]>
            </line>
            <line>
              <![CDATA[<br>[Ljava.lang.String;@3b2f4a93 is present]]>
            </line>
            <line>
              <![CDATA[<br>Clicked on ]]>
            </line>
          </reporter-output>
        </test-method> <!-- testSC_5 -->
        <test-method status="FAIL" signature="testSC_6()[pri:6, instance:com.r1v2.reporting.test.Scenario1Login@2758fe70]" name="testSC_6" duration-ms="798" started-at="2018-07-17T13:38:57Z" finished-at="2018-07-17T13:38:58Z">
          <exception class="java.lang.NullPointerException">
            <full-stacktrace>
              <![CDATA[java.lang.NullPointerException
at com.r1v2.reporting.test.Scenario1Login.testSC_6(Scenario1Login.java:85)
at sun.reflect.NativeMethodAccessorImpl.invoke0(Native Method)
at sun.reflect.NativeMethodAccessorImpl.invoke(NativeMethodAccessorImpl.java:62)
at sun.reflect.DelegatingMethodAccessorImpl.invoke(DelegatingMethodAccessorImpl.java:43)
at java.lang.reflect.Method.invoke(Method.java:497)
at org.testng.internal.MethodInvocationHelper.invokeMethod(MethodInvocationHelper.java:124)
at org.testng.internal.Invoker.invokeMethod(Invoker.java:583)
at org.testng.internal.Invoker.invokeTestMethod(Invoker.java:719)
at org.testng.internal.Invoker.invokeTestMethods(Invoker.java:989)
at org.testng.internal.TestMethodWorker.invokeTestMethods(TestMethodWorker.java:125)
at org.testng.internal.TestMethodWorker.run(TestMethodWorker.java:109)
at org.testng.TestRunner.privateRun(TestRunner.java:648)
at org.testng.TestRunner.run(TestRunner.java:505)
at org.testng.SuiteRunner.runTest(SuiteRunner.java:455)
at org.testng.SuiteRunner.runSequentially(SuiteRunner.java:450)
at org.testng.SuiteRunner.privateRun(SuiteRunner.java:415)
at org.testng.SuiteRunner.run(SuiteRunner.java:364)
at org.testng.SuiteRunnerWorker.runSuite(SuiteRunnerWorker.java:52)
at org.testng.SuiteRunnerWorker.run(SuiteRunnerWorker.java:84)
at org.testng.TestNG.runSuitesSequentially(TestNG.java:1208)
at org.testng.TestNG.runSuitesLocally(TestNG.java:1137)
at org.testng.TestNG.runSuites(TestNG.java:1049)
at org.testng.TestNG.run(TestNG.java:1017)
at org.testng.remote.AbstractRemoteTestNG.run(AbstractRemoteTestNG.java:114)
at org.testng.remote.RemoteTestNG.initAndRun(RemoteTestNG.java:251)
at org.testng.remote.RemoteTestNG.main(RemoteTestNG.java:77)
]]>
            </full-stacktrace>
          </exception> <!-- java.lang.NullPointerException -->
          <reporter-output>
            <line>
              <![CDATA[<br>Opened URL : https://qadealeradminv2fr.izmocars.com/login.htm]]>
            </line>
            <line>
              <![CDATA[<br>[Ljava.lang.String;@3cb8c8ce is present]]>
            </line>
            <line>
              <![CDATA[<br>Entered value abc@gmail.com]]>
            </line>
            <line>
              <![CDATA[<br>[Ljava.lang.String;@5c77ba8f is present]]>
            </line>
            <line>
              <![CDATA[<br>Entered value asles]]>
            </line>
            <line>
              <![CDATA[<br>[Ljava.lang.String;@7a485a36 is present]]>
            </line>
            <line>
              <![CDATA[<br>Clicked on ]]>
            </line>
          </reporter-output>
        </test-method> <!-- testSC_6 -->
        <test-method status="PASS" signature="testSC_7()[pri:7, instance:com.r1v2.reporting.test.Scenario1Login@2758fe70]" name="testSC_7" duration-ms="734" started-at="2018-07-17T13:38:58Z" finished-at="2018-07-17T13:38:59Z">
          <reporter-output>
            <line>
              <![CDATA[<br>Opened URL : https://qadealeradminv2fr.izmocars.com/login.htm]]>
            </line>
            <line>
              <![CDATA[<br>[Ljava.lang.String;@50f097b5 is present]]>
            </line>
            <line>
              <![CDATA[<br>Entered value shaikaslam]]>
            </line>
            <line>
              <![CDATA[<br>[Ljava.lang.String;@7c781c42 is present]]>
            </line>
            <line>
              <![CDATA[<br>Entered value ]]>
            </line>
            <line>
              <![CDATA[<br>[Ljava.lang.String;@d2e6b0b is present]]>
            </line>
            <line>
              <![CDATA[<br>Clicked on ]]>
            </line>
          </reporter-output>
        </test-method> <!-- testSC_7 -->
        <test-method status="PASS" signature="testSC_8()[pri:8, instance:com.r1v2.reporting.test.Scenario1Login@2758fe70]" name="testSC_8" duration-ms="104" started-at="2018-07-17T13:38:59Z" finished-at="2018-07-17T13:38:59Z">
          <reporter-output>
            <line>
              <![CDATA[<br>Opened URL : https://qadealeradminv2fr.izmocars.com/login.htm]]>
            </line>
            <line>
              <![CDATA[<br>[Ljava.lang.String;@6f3f0ae is present]]>
            </line>
            <line>
              <![CDATA[<br>Clicked on Vous avez oublié votre mot de passe ou votre login?]]>
            </line>
          </reporter-output>
        </test-method> <!-- testSC_8 -->
        <test-method status="FAIL" signature="testSC_9()[pri:9, instance:com.r1v2.reporting.test.Scenario1Login@2758fe70]" name="testSC_9" duration-ms="6024" started-at="2018-07-17T13:38:59Z" finished-at="2018-07-17T13:39:05Z">
          <exception class="java.lang.AssertionError">
            <message>
              <![CDATA[ Login Page is not displayed expected [true] but found [false]]]>
            </message>
            <full-stacktrace>
              <![CDATA[java.lang.AssertionError:  Login Page is not displayed expected [true] but found [false]
at org.testng.Assert.fail(Assert.java:96)
at org.testng.Assert.failNotEquals(Assert.java:776)
at org.testng.Assert.assertEqualsImpl(Assert.java:137)
at org.testng.Assert.assertEquals(Assert.java:118)
at org.testng.Assert.assertEquals(Assert.java:568)
at com.r1v2.reporting.test.Scenario1Login.testSC_9(Scenario1Login.java:117)
at sun.reflect.NativeMethodAccessorImpl.invoke0(Native Method)
at sun.reflect.NativeMethodAccessorImpl.invoke(NativeMethodAccessorImpl.java:62)
at sun.reflect.DelegatingMethodAccessorImpl.invoke(DelegatingMethodAccessorImpl.java:43)
at java.lang.reflect.Method.invoke(Method.java:497)
at org.testng.internal.MethodInvocationHelper.invokeMethod(MethodInvocationHelper.java:124)
at org.testng.internal.Invoker.invokeMethod(Invoker.java:583)
at org.testng.internal.Invoker.invokeTestMethod(Invoker.java:719)
at org.testng.internal.Invoker.invokeTestMethods(Invoker.java:989)
at org.testng.internal.TestMethodWorker.invokeTestMethods(TestMethodWorker.java:125)
at org.testng.internal.TestMethodWorker.run(TestMethodWorker.java:109)
at org.testng.TestRunner.privateRun(TestRunner.java:648)
at org.testng.TestRunner.run(TestRunner.java:505)
at org.testng.SuiteRunner.runTest(SuiteRunner.java:455)
at org.testng.SuiteRunner.runSequentially(SuiteRunner.java:450)
at org.testng.SuiteRunner.privateRun(SuiteRunner.java:415)
at org.testng.SuiteRunner.run(SuiteRunner.java:364)
at org.testng.SuiteRunnerWorker.runSuite(SuiteRunnerWorker.java:52)
at org.testng.SuiteRunnerWorker.run(SuiteRunnerWorker.java:84)
at org.testng.TestNG.runSuitesSequentially(TestNG.java:1208)
at org.testng.TestNG.runSuitesLocally(TestNG.java:1137)
at org.testng.TestNG.runSuites(TestNG.java:1049)
at org.testng.TestNG.run(TestNG.java:1017)
at org.testng.remote.AbstractRemoteTestNG.run(AbstractRemoteTestNG.java:114)
at org.testng.remote.RemoteTestNG.initAndRun(RemoteTestNG.java:251)
at org.testng.remote.RemoteTestNG.main(RemoteTestNG.java:77)
]]>
            </full-stacktrace>
          </exception> <!-- java.lang.AssertionError -->
          <reporter-output>
            <line>
              <![CDATA[<br>Opened URL : https://qadealeradminv2fr.izmocars.com/login.htm]]>
            </line>
            <line>
              <![CDATA[<br>[Ljava.lang.String;@574059d5 is present]]>
            </line>
            <line>
              <![CDATA[<br>Entered value shaikaslam]]>
            </line>
            <line>
              <![CDATA[<br>[Ljava.lang.String;@46fc522d is present]]>
            </line>
            <line>
              <![CDATA[<br>Entered value asles]]>
            </line>
            <line>
              <![CDATA[<br>[Ljava.lang.String;@52d0f583 is present]]>
            </line>
            <line>
              <![CDATA[<br>Clicked on ]]>
            </line>
          </reporter-output>
        </test-method> <!-- testSC_9 -->
        <test-method status="PASS" signature="testSC_10()[pri:10, instance:com.r1v2.reporting.test.Scenario1Login@2758fe70]" name="testSC_10" duration-ms="23233" started-at="2018-07-17T13:39:05Z" finished-at="2018-07-17T13:39:28Z">
          <reporter-output>
            <line>
              <![CDATA[<br>[Ljava.lang.String;@1129829c is present]]>
            </line>
            <line>
              <![CDATA[<br>Clicked on Logout]]>
            </line>
          </reporter-output>
        </test-method> <!-- testSC_10 -->
      </class> <!-- com.r1v2.reporting.test.Scenario1Login -->
    </test> <!-- Default test -->
  </suite> <!-- Default suite -->
</testng-results>
