<?xml version="1.0" encoding="UTF-8"?>
<testng-results skipped="0" failed="1" ignored="0" total="1" passed="0">
  <reporter-output>
    <line>
      <![CDATA[<br>Browser launched successfully]]>
    </line>
    <line>
      <![CDATA[<br>Opened URL : https://qadealeradminv2mx.izmocars.com/login.htm]]>
    </line>
    <line>
      <![CDATA[<br>[Ljava.lang.String;@7e19ebf0 is present]]>
    </line>
    <line>
      <![CDATA[<br>Entered value chiragr]]>
    </line>
    <line>
      <![CDATA[<br>[Ljava.lang.String;@4ce1d6d0 is present]]>
    </line>
    <line>
      <![CDATA[<br>Entered value null]]>
    </line>
    <line>
      <![CDATA[<br>[Ljava.lang.String;@7e8dcdaa is present]]>
    </line>
    <line>
      <![CDATA[<br>Clicked on ]]>
    </line>
  </reporter-output>
  <suite name="Default suite" duration-ms="12756" started-at="2018-07-24T09:03:09Z" finished-at="2018-07-24T09:03:21Z">
    <groups>
    </groups>
    <test name="Default test" duration-ms="12756" started-at="2018-07-24T09:03:09Z" finished-at="2018-07-24T09:03:21Z">
      <class name="com.r1v2.reporting.test.Scenario1Login">
        <test-method status="PASS" signature="beforeClass()[pri:0, instance:com.r1v2.reporting.test.Scenario1Login@614ddd49]" name="beforeClass" is-config="true" duration-ms="8321" started-at="2018-07-24T09:03:09Z" finished-at="2018-07-24T09:03:17Z">
          <reporter-output>
            <line>
              <![CDATA[<br>Browser launched successfully]]>
            </line>
          </reporter-output>
        </test-method> <!-- beforeClass -->
        <test-method status="PASS" signature="setUpOnce()[pri:0, instance:com.r1v2.reporting.test.Scenario1Login@614ddd49]" name="setUpOnce" is-config="true" duration-ms="2" started-at="2018-07-24T09:03:17Z" finished-at="2018-07-24T09:03:17Z">
          <reporter-output>
          </reporter-output>
        </test-method> <!-- setUpOnce -->
        <test-method status="FAIL" signature="testSC_9()[pri:9, instance:com.r1v2.reporting.test.Scenario1Login@614ddd49]" name="testSC_9" duration-ms="4416" started-at="2018-07-24T09:03:17Z" finished-at="2018-07-24T09:03:21Z">
          <exception class="java.lang.AssertionError">
            <message>
              <![CDATA[ Login Page is not displayed expected [true] but found [false]]]>
            </message>
            <full-stacktrace>
              <![CDATA[java.lang.AssertionError:  Login Page is not displayed expected [true] but found [false]
at org.testng.Assert.fail(Assert.java:96)
at org.testng.Assert.failNotEquals(Assert.java:776)
at org.testng.Assert.assertEqualsImpl(Assert.java:137)
at org.testng.Assert.assertEquals(Assert.java:118)
at org.testng.Assert.assertEquals(Assert.java:568)
at com.r1v2.reporting.test.Scenario1Login.testSC_9(Scenario1Login.java:115)
at sun.reflect.NativeMethodAccessorImpl.invoke0(Native Method)
at sun.reflect.NativeMethodAccessorImpl.invoke(NativeMethodAccessorImpl.java:62)
at sun.reflect.DelegatingMethodAccessorImpl.invoke(DelegatingMethodAccessorImpl.java:43)
at java.lang.reflect.Method.invoke(Method.java:497)
at org.testng.internal.MethodInvocationHelper.invokeMethod(MethodInvocationHelper.java:124)
at org.testng.internal.Invoker.invokeMethod(Invoker.java:583)
at org.testng.internal.Invoker.invokeTestMethod(Invoker.java:719)
at org.testng.internal.Invoker.invokeTestMethods(Invoker.java:989)
at org.testng.internal.TestMethodWorker.invokeTestMethods(TestMethodWorker.java:125)
at org.testng.internal.TestMethodWorker.run(TestMethodWorker.java:109)
at org.testng.TestRunner.privateRun(TestRunner.java:648)
at org.testng.TestRunner.run(TestRunner.java:505)
at org.testng.SuiteRunner.runTest(SuiteRunner.java:455)
at org.testng.SuiteRunner.runSequentially(SuiteRunner.java:450)
at org.testng.SuiteRunner.privateRun(SuiteRunner.java:415)
at org.testng.SuiteRunner.run(SuiteRunner.java:364)
at org.testng.SuiteRunnerWorker.runSuite(SuiteRunnerWorker.java:52)
at org.testng.SuiteRunnerWorker.run(SuiteRunnerWorker.java:84)
at org.testng.TestNG.runSuitesSequentially(TestNG.java:1208)
at org.testng.TestNG.runSuitesLocally(TestNG.java:1137)
at org.testng.TestNG.runSuites(TestNG.java:1049)
at org.testng.TestNG.run(TestNG.java:1017)
at org.testng.remote.AbstractRemoteTestNG.run(AbstractRemoteTestNG.java:114)
at org.testng.remote.RemoteTestNG.initAndRun(RemoteTestNG.java:251)
at org.testng.remote.RemoteTestNG.main(RemoteTestNG.java:77)
]]>
            </full-stacktrace>
          </exception> <!-- java.lang.AssertionError -->
          <reporter-output>
            <line>
              <![CDATA[<br>Opened URL : https://qadealeradminv2mx.izmocars.com/login.htm]]>
            </line>
            <line>
              <![CDATA[<br>[Ljava.lang.String;@7e19ebf0 is present]]>
            </line>
            <line>
              <![CDATA[<br>Entered value chiragr]]>
            </line>
            <line>
              <![CDATA[<br>[Ljava.lang.String;@4ce1d6d0 is present]]>
            </line>
            <line>
              <![CDATA[<br>Entered value null]]>
            </line>
            <line>
              <![CDATA[<br>[Ljava.lang.String;@7e8dcdaa is present]]>
            </line>
            <line>
              <![CDATA[<br>Clicked on ]]>
            </line>
          </reporter-output>
        </test-method> <!-- testSC_9 -->
      </class> <!-- com.r1v2.reporting.test.Scenario1Login -->
    </test> <!-- Default test -->
  </suite> <!-- Default suite -->
</testng-results>
