<?xml version="1.0" encoding="UTF-8"?>
<testng-results skipped="0" failed="0" ignored="0" total="6" passed="6">
  <reporter-output>
    <line>
      <![CDATA[<br>Browser launched successfully]]>
    </line>
    <line>
      <![CDATA[<br>Opened URL : https://qadealeradminv2india.izmocars.com/login.htm]]>
    </line>
    <line>
      <![CDATA[<br>[Ljava.lang.String;@60129b9a is present]]>
    </line>
    <line>
      <![CDATA[<br>Entered value chiragr]]>
    </line>
    <line>
      <![CDATA[<br>[Ljava.lang.String;@69653e16 is present]]>
    </line>
    <line>
      <![CDATA[<br>Entered value r@je$h143]]>
    </line>
    <line>
      <![CDATA[<br>[Ljava.lang.String;@18025ced is present]]>
    </line>
    <line>
      <![CDATA[<br>Clicked on ]]>
    </line>
    <line>
      <![CDATA[<br>[Ljava.lang.String;@458342d3 is present]]>
    </line>
    <line>
      <![CDATA[<br>Element Displayed Logout]]>
    </line>
    <line>
      <![CDATA[<br>logout link is displayed on Home page]]>
    </line>
    <line>
      <![CDATA[<br>[Ljava.lang.String;@31024624 is present]]>
    </line>
    <line>
      <![CDATA[<br>Element Displayed Change password]]>
    </line>
    <line>
      <![CDATA[<br>change password is displayed on Home page]]>
    </line>
    <line>
      <![CDATA[<br>[Ljava.lang.String;@13cda7c9 is present]]>
    </line>
    <line>
      <![CDATA[<br>Clicked on Select Organization]]>
    </line>
    <line>
      <![CDATA[<br>[Ljava.lang.String;@3b8ee898 is present]]>
    </line>
    <line>
      <![CDATA[<br>Clicked on Site List]]>
    </line>
    <line>
      <![CDATA[<br>[Ljava.lang.String;@a567e72 is present]]>
    </line>
    <line>
      <![CDATA[<br>Entered value aadhimaruti.stg-indemosite.com]]>
    </line>
    <line>
      <![CDATA[<br>[Ljava.lang.String;@70e3f36f is present]]>
    </line>
    <line>
      <![CDATA[<br>Clicked on Aadhi Cars (P) Ltd.]]>
    </line>
    <line>
      <![CDATA[<br>[Ljava.lang.String;@2e3cdec2 is present]]>
    </line>
    <line>
      <![CDATA[<br>Clicked on Site Builder]]>
    </line>
    <line>
      <![CDATA[<br>[Ljava.lang.String;@74075134 is present]]>
    </line>
    <line>
      <![CDATA[<br>Clicked on Page Builder]]>
    </line>
    <line>
      <![CDATA[<br>[Ljava.lang.String;@4a7a965d is present]]>
    </line>
    <line>
      <![CDATA[<br>Clicked on Add new Page]]>
    </line>
    <line>
      <![CDATA[<br>[Ljava.lang.String;@51a8313b is present]]>
    </line>
    <line>
      <![CDATA[<br>Element is selected ]]>
    </line>
    <line>
      <![CDATA[<br>Content Page RadioButton default is  selected on  PageBuilder page]]>
    </line>
    <line>
      <![CDATA[<br>[Ljava.lang.String;@84487f4 is present]]>
    </line>
    <line>
      <![CDATA[<br>Element Displayed *]]>
    </line>
    <line>
      <![CDATA[<br>Field is mandatory]]>
    </line>
    <line>
      <![CDATA[<br>[Ljava.lang.String;@3bddc676 is present]]>
    </line>
    <line>
      <![CDATA[<br>Clicked on ]]>
    </line>
    <line>
      <![CDATA[<br>Alert Popup is Display]]>
    </line>
    <line>
      <![CDATA[<br>[Ljava.lang.String;@68ab0936 is present]]>
    </line>
    <line>
      <![CDATA[<br>Entered value content-pagein]]>
    </line>
    <line>
      <![CDATA[<br>[Ljava.lang.String;@f4a3a8d is present]]>
    </line>
    <line>
      <![CDATA[<br>Element Displayed *]]>
    </line>
    <line>
      <![CDATA[<br>Field is mandatory]]>
    </line>
    <line>
      <![CDATA[<br>[Ljava.lang.String;@1921994e is present]]>
    </line>
    <line>
      <![CDATA[<br>Clicked on ]]>
    </line>
    <line>
      <![CDATA[<br>Alert Popup is Display]]>
    </line>
    <line>
      <![CDATA[<br>[Ljava.lang.String;@167381c7 is present]]>
    </line>
    <line>
      <![CDATA[<br>Entered value content-page-in]]>
    </line>
    <line>
      <![CDATA[<br>[Ljava.lang.String;@428bdd72 is present]]>
    </line>
    <line>
      <![CDATA[<br>[Ljava.lang.String;@6ccac6f4 is present]]>
    </line>
    <line>
      <![CDATA[<br>Entered value Responsive Content for India Server ]]>
    </line>
  </reporter-output>
  <suite name="Default suite" duration-ms="11532" started-at="2018-08-21T11:50:50Z" finished-at="2018-08-21T11:51:01Z">
    <groups>
    </groups>
    <test name="Default test" duration-ms="11532" started-at="2018-08-21T11:50:50Z" finished-at="2018-08-21T11:51:01Z">
      <class name="com.r1v2.backend.pagebuilder.module.ScenarioContentPage">
        <test-method status="PASS" signature="setUp()[pri:0, instance:com.r1v2.backend.pagebuilder.module.ScenarioContentPage@4f063c0a]" name="setUp" is-config="true" duration-ms="101" started-at="2018-08-21T11:50:49Z" finished-at="2018-08-21T11:50:50Z">
          <reporter-output>
          </reporter-output>
        </test-method> <!-- setUp -->
        <test-method status="PASS" signature="beforeClass()[pri:0, instance:com.r1v2.backend.pagebuilder.module.ScenarioContentPage@4f063c0a]" name="beforeClass" is-config="true" duration-ms="4511" started-at="2018-08-21T11:50:50Z" finished-at="2018-08-21T11:50:54Z">
          <reporter-output>
            <line>
              <![CDATA[<br>Browser launched successfully]]>
            </line>
          </reporter-output>
        </test-method> <!-- beforeClass -->
        <test-method status="PASS" signature="setUpOnce1()[pri:0, instance:com.r1v2.backend.pagebuilder.module.ScenarioContentPage@4f063c0a]" name="setUpOnce1" is-config="true" duration-ms="2411" started-at="2018-08-21T11:50:54Z" finished-at="2018-08-21T11:50:56Z">
          <reporter-output>
            <line>
              <![CDATA[<br>Opened URL : https://qadealeradminv2india.izmocars.com/login.htm]]>
            </line>
            <line>
              <![CDATA[<br>[Ljava.lang.String;@60129b9a is present]]>
            </line>
            <line>
              <![CDATA[<br>Entered value chiragr]]>
            </line>
            <line>
              <![CDATA[<br>[Ljava.lang.String;@69653e16 is present]]>
            </line>
            <line>
              <![CDATA[<br>Entered value r@je$h143]]>
            </line>
            <line>
              <![CDATA[<br>[Ljava.lang.String;@18025ced is present]]>
            </line>
            <line>
              <![CDATA[<br>Clicked on ]]>
            </line>
          </reporter-output>
        </test-method> <!-- setUpOnce1 -->
        <test-method status="PASS" signature="testPG_1()[pri:1, instance:com.r1v2.backend.pagebuilder.module.ScenarioContentPage@4f063c0a]" name="testPG_1" duration-ms="121" started-at="2018-08-21T11:50:56Z" finished-at="2018-08-21T11:50:57Z">
          <reporter-output>
            <line>
              <![CDATA[<br>[Ljava.lang.String;@458342d3 is present]]>
            </line>
            <line>
              <![CDATA[<br>Element Displayed Logout]]>
            </line>
            <line>
              <![CDATA[<br>logout link is displayed on Home page]]>
            </line>
            <line>
              <![CDATA[<br>[Ljava.lang.String;@31024624 is present]]>
            </line>
            <line>
              <![CDATA[<br>Element Displayed Change password]]>
            </line>
            <line>
              <![CDATA[<br>change password is displayed on Home page]]>
            </line>
          </reporter-output>
        </test-method> <!-- testPG_1 -->
        <test-method status="PASS" signature="getResult(org.testng.ITestResult)[pri:0, instance:com.r1v2.backend.pagebuilder.module.ScenarioContentPage@4f063c0a]" name="getResult" is-config="true" duration-ms="222" started-at="2018-08-21T11:50:57Z" finished-at="2018-08-21T11:50:57Z">
          <params>
            <param index="0">
              <value>
                <![CDATA[[TestResult name=testPG_1 status=SUCCESS method=ScenarioContentPage.testPG_1()[pri:1, instance:com.r1v2.backend.pagebuilder.module.ScenarioContentPage@4f063c0a] output=<br>[Ljava.lang.String;@458342d3 is present]]]>
              </value>
            </param>
          </params>
          <reporter-output>
          </reporter-output>
        </test-method> <!-- getResult -->
        <test-method status="PASS" signature="testPG_2()[pri:2, instance:com.r1v2.backend.pagebuilder.module.ScenarioContentPage@4f063c0a]" name="testPG_2" duration-ms="3030" started-at="2018-08-21T11:50:57Z" finished-at="2018-08-21T11:51:00Z">
          <reporter-output>
            <line>
              <![CDATA[<br>[Ljava.lang.String;@13cda7c9 is present]]>
            </line>
            <line>
              <![CDATA[<br>Clicked on Select Organization]]>
            </line>
            <line>
              <![CDATA[<br>[Ljava.lang.String;@3b8ee898 is present]]>
            </line>
            <line>
              <![CDATA[<br>Clicked on Site List]]>
            </line>
            <line>
              <![CDATA[<br>[Ljava.lang.String;@a567e72 is present]]>
            </line>
            <line>
              <![CDATA[<br>Entered value aadhimaruti.stg-indemosite.com]]>
            </line>
            <line>
              <![CDATA[<br>[Ljava.lang.String;@70e3f36f is present]]>
            </line>
            <line>
              <![CDATA[<br>Clicked on Aadhi Cars (P) Ltd.]]>
            </line>
            <line>
              <![CDATA[<br>[Ljava.lang.String;@2e3cdec2 is present]]>
            </line>
            <line>
              <![CDATA[<br>Clicked on Site Builder]]>
            </line>
            <line>
              <![CDATA[<br>[Ljava.lang.String;@74075134 is present]]>
            </line>
            <line>
              <![CDATA[<br>Clicked on Page Builder]]>
            </line>
            <line>
              <![CDATA[<br>[Ljava.lang.String;@4a7a965d is present]]>
            </line>
            <line>
              <![CDATA[<br>Clicked on Add new Page]]>
            </line>
          </reporter-output>
        </test-method> <!-- testPG_2 -->
        <test-method status="PASS" signature="getResult(org.testng.ITestResult)[pri:0, instance:com.r1v2.backend.pagebuilder.module.ScenarioContentPage@4f063c0a]" name="getResult" is-config="true" duration-ms="38" started-at="2018-08-21T11:51:00Z" finished-at="2018-08-21T11:51:00Z">
          <params>
            <param index="0">
              <value>
                <![CDATA[[TestResult name=testPG_2 status=SUCCESS method=ScenarioContentPage.testPG_2()[pri:2, instance:com.r1v2.backend.pagebuilder.module.ScenarioContentPage@4f063c0a] output=<br>[Ljava.lang.String;@13cda7c9 is present]]]>
              </value>
            </param>
          </params>
          <reporter-output>
          </reporter-output>
        </test-method> <!-- getResult -->
        <test-method status="PASS" signature="testPG_3()[pri:3, instance:com.r1v2.backend.pagebuilder.module.ScenarioContentPage@4f063c0a]" name="testPG_3" duration-ms="52" started-at="2018-08-21T11:51:00Z" finished-at="2018-08-21T11:51:00Z">
          <reporter-output>
            <line>
              <![CDATA[<br>[Ljava.lang.String;@51a8313b is present]]>
            </line>
            <line>
              <![CDATA[<br>Element is selected ]]>
            </line>
            <line>
              <![CDATA[<br>Content Page RadioButton default is  selected on  PageBuilder page]]>
            </line>
          </reporter-output>
        </test-method> <!-- testPG_3 -->
        <test-method status="PASS" signature="getResult(org.testng.ITestResult)[pri:0, instance:com.r1v2.backend.pagebuilder.module.ScenarioContentPage@4f063c0a]" name="getResult" is-config="true" duration-ms="32" started-at="2018-08-21T11:51:00Z" finished-at="2018-08-21T11:51:00Z">
          <params>
            <param index="0">
              <value>
                <![CDATA[[TestResult name=testPG_3 status=SUCCESS method=ScenarioContentPage.testPG_3()[pri:3, instance:com.r1v2.backend.pagebuilder.module.ScenarioContentPage@4f063c0a] output=<br>[Ljava.lang.String;@51a8313b is present]]]>
              </value>
            </param>
          </params>
          <reporter-output>
          </reporter-output>
        </test-method> <!-- getResult -->
        <test-method status="PASS" signature="testPG_4()[pri:4, instance:com.r1v2.backend.pagebuilder.module.ScenarioContentPage@4f063c0a]" name="testPG_4" duration-ms="747" started-at="2018-08-21T11:51:00Z" finished-at="2018-08-21T11:51:01Z">
          <reporter-output>
            <line>
              <![CDATA[<br>[Ljava.lang.String;@84487f4 is present]]>
            </line>
            <line>
              <![CDATA[<br>Element Displayed *]]>
            </line>
            <line>
              <![CDATA[<br>Field is mandatory]]>
            </line>
            <line>
              <![CDATA[<br>[Ljava.lang.String;@3bddc676 is present]]>
            </line>
            <line>
              <![CDATA[<br>Clicked on ]]>
            </line>
            <line>
              <![CDATA[<br>Alert Popup is Display]]>
            </line>
            <line>
              <![CDATA[<br>[Ljava.lang.String;@68ab0936 is present]]>
            </line>
            <line>
              <![CDATA[<br>Entered value content-pagein]]>
            </line>
            <line>
              <![CDATA[<br>[Ljava.lang.String;@f4a3a8d is present]]>
            </line>
            <line>
              <![CDATA[<br>Element Displayed *]]>
            </line>
            <line>
              <![CDATA[<br>Field is mandatory]]>
            </line>
            <line>
              <![CDATA[<br>[Ljava.lang.String;@1921994e is present]]>
            </line>
            <line>
              <![CDATA[<br>Clicked on ]]>
            </line>
            <line>
              <![CDATA[<br>Alert Popup is Display]]>
            </line>
            <line>
              <![CDATA[<br>[Ljava.lang.String;@167381c7 is present]]>
            </line>
            <line>
              <![CDATA[<br>Entered value content-page-in]]>
            </line>
          </reporter-output>
        </test-method> <!-- testPG_4 -->
        <test-method status="PASS" signature="getResult(org.testng.ITestResult)[pri:0, instance:com.r1v2.backend.pagebuilder.module.ScenarioContentPage@4f063c0a]" name="getResult" is-config="true" duration-ms="34" started-at="2018-08-21T11:51:01Z" finished-at="2018-08-21T11:51:01Z">
          <params>
            <param index="0">
              <value>
                <![CDATA[[TestResult name=testPG_4 status=SUCCESS method=ScenarioContentPage.testPG_4()[pri:4, instance:com.r1v2.backend.pagebuilder.module.ScenarioContentPage@4f063c0a] output=<br>[Ljava.lang.String;@84487f4 is present]]]>
              </value>
            </param>
          </params>
          <reporter-output>
          </reporter-output>
        </test-method> <!-- getResult -->
        <test-method status="PASS" signature="testPG_5()[pri:5, instance:com.r1v2.backend.pagebuilder.module.ScenarioContentPage@4f063c0a]" name="testPG_5" duration-ms="103" started-at="2018-08-21T11:51:01Z" finished-at="2018-08-21T11:51:01Z">
          <reporter-output>
            <line>
              <![CDATA[<br>[Ljava.lang.String;@428bdd72 is present]]>
            </line>
          </reporter-output>
        </test-method> <!-- testPG_5 -->
        <test-method status="PASS" signature="getResult(org.testng.ITestResult)[pri:0, instance:com.r1v2.backend.pagebuilder.module.ScenarioContentPage@4f063c0a]" name="getResult" is-config="true" duration-ms="29" started-at="2018-08-21T11:51:01Z" finished-at="2018-08-21T11:51:01Z">
          <params>
            <param index="0">
              <value>
                <![CDATA[[TestResult name=testPG_5 status=SUCCESS method=ScenarioContentPage.testPG_5()[pri:5, instance:com.r1v2.backend.pagebuilder.module.ScenarioContentPage@4f063c0a] output=<br>[Ljava.lang.String;@428bdd72 is present]]]>
              </value>
            </param>
          </params>
          <reporter-output>
          </reporter-output>
        </test-method> <!-- getResult -->
        <test-method status="PASS" signature="testPG_6()[pri:6, instance:com.r1v2.backend.pagebuilder.module.ScenarioContentPage@4f063c0a]" name="testPG_6" duration-ms="141" started-at="2018-08-21T11:51:01Z" finished-at="2018-08-21T11:51:01Z">
          <reporter-output>
            <line>
              <![CDATA[<br>[Ljava.lang.String;@6ccac6f4 is present]]>
            </line>
            <line>
              <![CDATA[<br>Entered value Responsive Content for India Server ]]>
            </line>
          </reporter-output>
        </test-method> <!-- testPG_6 -->
        <test-method status="PASS" signature="getResult(org.testng.ITestResult)[pri:0, instance:com.r1v2.backend.pagebuilder.module.ScenarioContentPage@4f063c0a]" name="getResult" is-config="true" duration-ms="38" started-at="2018-08-21T11:51:01Z" finished-at="2018-08-21T11:51:01Z">
          <params>
            <param index="0">
              <value>
                <![CDATA[[TestResult name=testPG_6 status=SUCCESS method=ScenarioContentPage.testPG_6()[pri:6, instance:com.r1v2.backend.pagebuilder.module.ScenarioContentPage@4f063c0a] output=<br>[Ljava.lang.String;@6ccac6f4 is present]]]>
              </value>
            </param>
          </params>
          <reporter-output>
          </reporter-output>
        </test-method> <!-- getResult -->
      </class> <!-- com.r1v2.backend.pagebuilder.module.ScenarioContentPage -->
    </test> <!-- Default test -->
  </suite> <!-- Default suite -->
</testng-results>
