<?xml version="1.0" encoding="UTF-8"?>
<testng-results skipped="0" failed="0" ignored="0" total="1" passed="1">
  <reporter-output>
    <line>
      <![CDATA[<br>Browser launched successfully]]>
    </line>
    <line>
      <![CDATA[<br>Opened URL : http://citroen-annecy.stg-eudemosite.com/campaign-page-fr-fr-fr.htm]]>
    </line>
  </reporter-output>
  <suite name="Default suite" duration-ms="15981" started-at="2018-08-06T07:07:24Z" finished-at="2018-08-06T07:07:40Z">
    <groups>
    </groups>
    <test name="Default test" duration-ms="15981" started-at="2018-08-06T07:07:24Z" finished-at="2018-08-06T07:07:40Z">
      <class name="com.r1v2.frontend.modules.CampaignPage">
        <test-method status="PASS" signature="beforeClass()[pri:0, instance:com.r1v2.frontend.modules.CampaignPage@614ddd49]" name="beforeClass" is-config="true" duration-ms="6330" started-at="2018-08-06T07:07:24Z" finished-at="2018-08-06T07:07:30Z">
          <reporter-output>
            <line>
              <![CDATA[<br>Browser launched successfully]]>
            </line>
          </reporter-output>
        </test-method> <!-- beforeClass -->
        <test-method status="PASS" signature="setUpOnce1()[pri:0, instance:com.r1v2.frontend.modules.CampaignPage@614ddd49]" name="setUpOnce1" is-config="true" duration-ms="3" started-at="2018-08-06T07:07:30Z" finished-at="2018-08-06T07:07:30Z">
          <reporter-output>
          </reporter-output>
        </test-method> <!-- setUpOnce1 -->
        <test-method status="PASS" signature="testPG_1()[pri:1, instance:com.r1v2.frontend.modules.CampaignPage@614ddd49]" name="testPG_1" duration-ms="9634" started-at="2018-08-06T07:07:30Z" finished-at="2018-08-06T07:07:40Z">
          <reporter-output>
            <line>
              <![CDATA[<br>Opened URL : http://citroen-annecy.stg-eudemosite.com/campaign-page-fr-fr-fr.htm]]>
            </line>
          </reporter-output>
        </test-method> <!-- testPG_1 -->
      </class> <!-- com.r1v2.frontend.modules.CampaignPage -->
    </test> <!-- Default test -->
  </suite> <!-- Default suite -->
</testng-results>
