<?xml version="1.0" encoding="UTF-8"?>
<testng-results skipped="0" failed="0" ignored="0" total="8" passed="8">
  <reporter-output>
    <line>
      <![CDATA[<br>Browser launched successfully]]>
    </line>
    <line>
      <![CDATA[<br>Opened URL : https://qadealeradminv2mx.izmocars.com/login.htm]]>
    </line>
    <line>
      <![CDATA[<br>[Ljava.lang.String;@28d18df5 is present]]>
    </line>
    <line>
      <![CDATA[<br>Entered value chiragr]]>
    </line>
    <line>
      <![CDATA[<br>[Ljava.lang.String;@4ed5eb72 is present]]>
    </line>
    <line>
      <![CDATA[<br>Entered value r@je$h143]]>
    </line>
    <line>
      <![CDATA[<br>[Ljava.lang.String;@101639ae is present]]>
    </line>
    <line>
      <![CDATA[<br>Clicked on ]]>
    </line>
    <line>
      <![CDATA[<br>[Ljava.lang.String;@58c34bb3 is present]]>
    </line>
    <line>
      <![CDATA[<br>Element Displayed Logout]]>
    </line>
    <line>
      <![CDATA[<br>logout link is displayed on Home page]]>
    </line>
    <line>
      <![CDATA[<br>[Ljava.lang.String;@18245eb0 is present]]>
    </line>
    <line>
      <![CDATA[<br>Element Displayed Change password]]>
    </line>
    <line>
      <![CDATA[<br>change password is displayed on Home page]]>
    </line>
    <line>
      <![CDATA[<br>[Ljava.lang.String;@46c670a6 is present]]>
    </line>
    <line>
      <![CDATA[<br>Clicked on Select Organization]]>
    </line>
    <line>
      <![CDATA[<br>[Ljava.lang.String;@5a4bef8 is present]]>
    </line>
    <line>
      <![CDATA[<br>Clicked on Site List]]>
    </line>
    <line>
      <![CDATA[<br>[Ljava.lang.String;@4d4d48a6 is present]]>
    </line>
    <line>
      <![CDATA[<br>Entered value nissancelaya.stg-izdemosite.com]]>
    </line>
    <line>
      <![CDATA[<br>[Ljava.lang.String;@4925f4f5 is present]]>
    </line>
    <line>
      <![CDATA[<br>Clicked on NISSAN AUTOCOM CELAYA]]>
    </line>
    <line>
      <![CDATA[<br>[Ljava.lang.String;@29a23c3d is present]]>
    </line>
    <line>
      <![CDATA[<br>Clicked on Site Builder]]>
    </line>
    <line>
      <![CDATA[<br>[Ljava.lang.String;@5b5c0057 is present]]>
    </line>
    <line>
      <![CDATA[<br>Clicked on Page Builder]]>
    </line>
    <line>
      <![CDATA[<br>[Ljava.lang.String;@65bb9029 is present]]>
    </line>
    <line>
      <![CDATA[<br>Clicked on Add new Page]]>
    </line>
    <line>
      <![CDATA[<br>[Ljava.lang.String;@2b556bb2 is present]]>
    </line>
    <line>
      <![CDATA[<br>Element is selected ]]>
    </line>
    <line>
      <![CDATA[<br>Content Page RadioButton default is  selected on  PageBuilder page]]>
    </line>
    <line>
      <![CDATA[<br>[Ljava.lang.String;@64b70919 is present]]>
    </line>
    <line>
      <![CDATA[<br>Element Displayed *]]>
    </line>
    <line>
      <![CDATA[<br>Field is mandatory]]>
    </line>
    <line>
      <![CDATA[<br>[Ljava.lang.String;@5176d279 is present]]>
    </line>
    <line>
      <![CDATA[<br>Clicked on ]]>
    </line>
    <line>
      <![CDATA[<br>Alert Popup is Display]]>
    </line>
    <line>
      <![CDATA[<br>[Ljava.lang.String;@53b8afea is present]]>
    </line>
    <line>
      <![CDATA[<br>Entered value content-pagemx]]>
    </line>
    <line>
      <![CDATA[<br>[Ljava.lang.String;@3c69362a is present]]>
    </line>
    <line>
      <![CDATA[<br>Element Displayed *]]>
    </line>
    <line>
      <![CDATA[<br>Field is mandatory]]>
    </line>
    <line>
      <![CDATA[<br>[Ljava.lang.String;@79b84841 is present]]>
    </line>
    <line>
      <![CDATA[<br>Clicked on ]]>
    </line>
    <line>
      <![CDATA[<br>Alert Popup is Display]]>
    </line>
    <line>
      <![CDATA[<br>[Ljava.lang.String;@1f53481b is present]]>
    </line>
    <line>
      <![CDATA[<br>Entered value content-page-mx]]>
    </line>
    <line>
      <![CDATA[<br>[Ljava.lang.String;@61ab89b0 is present]]>
    </line>
    <line>
      <![CDATA[<br>[Ljava.lang.String;@7523a3dc is present]]>
    </line>
    <line>
      <![CDATA[<br>Entered value Responsive Content for  MX Server ]]>
    </line>
    <line>
      <![CDATA[<br>[Ljava.lang.String;@497b560e is present]]>
    </line>
    <line>
      <![CDATA[<br>Clicked on ]]>
    </line>
    <line>
      <![CDATA[<br>[Ljava.lang.String;@5568c66f is present]]>
    </line>
    <line>
      <![CDATA[<br>Clicked on Logout]]>
    </line>
    <line>
      <![CDATA[<br>Opened URL : http://nissancelaya.stg-izdemosite.com/]]>
    </line>
  </reporter-output>
  <suite name="Default suite" duration-ms="49408" started-at="2018-08-01T07:41:02Z" finished-at="2018-08-01T07:41:51Z">
    <groups>
    </groups>
    <test name="Default test" duration-ms="49408" started-at="2018-08-01T07:41:02Z" finished-at="2018-08-01T07:41:51Z">
      <class name="com.r1v2.backend.modules.ScenarioContentPage">
        <test-method status="PASS" signature="beforeClass()[pri:0, instance:com.r1v2.backend.modules.ScenarioContentPage@1f554b06]" name="beforeClass" is-config="true" duration-ms="5324" started-at="2018-08-01T07:41:02Z" finished-at="2018-08-01T07:41:07Z">
          <reporter-output>
            <line>
              <![CDATA[<br>Browser launched successfully]]>
            </line>
          </reporter-output>
        </test-method> <!-- beforeClass -->
        <test-method status="PASS" signature="setUpOnce1()[pri:0, instance:com.r1v2.backend.modules.ScenarioContentPage@1f554b06]" name="setUpOnce1" is-config="true" duration-ms="4132" started-at="2018-08-01T07:41:07Z" finished-at="2018-08-01T07:41:11Z">
          <reporter-output>
            <line>
              <![CDATA[<br>Opened URL : https://qadealeradminv2mx.izmocars.com/login.htm]]>
            </line>
            <line>
              <![CDATA[<br>[Ljava.lang.String;@28d18df5 is present]]>
            </line>
            <line>
              <![CDATA[<br>Entered value chiragr]]>
            </line>
            <line>
              <![CDATA[<br>[Ljava.lang.String;@4ed5eb72 is present]]>
            </line>
            <line>
              <![CDATA[<br>Entered value r@je$h143]]>
            </line>
            <line>
              <![CDATA[<br>[Ljava.lang.String;@101639ae is present]]>
            </line>
            <line>
              <![CDATA[<br>Clicked on ]]>
            </line>
          </reporter-output>
        </test-method> <!-- setUpOnce1 -->
        <test-method status="PASS" signature="testPG_1()[pri:1, instance:com.r1v2.backend.modules.ScenarioContentPage@1f554b06]" name="testPG_1" duration-ms="190" started-at="2018-08-01T07:41:11Z" finished-at="2018-08-01T07:41:11Z">
          <reporter-output>
            <line>
              <![CDATA[<br>[Ljava.lang.String;@58c34bb3 is present]]>
            </line>
            <line>
              <![CDATA[<br>Element Displayed Logout]]>
            </line>
            <line>
              <![CDATA[<br>logout link is displayed on Home page]]>
            </line>
            <line>
              <![CDATA[<br>[Ljava.lang.String;@18245eb0 is present]]>
            </line>
            <line>
              <![CDATA[<br>Element Displayed Change password]]>
            </line>
            <line>
              <![CDATA[<br>change password is displayed on Home page]]>
            </line>
          </reporter-output>
        </test-method> <!-- testPG_1 -->
        <test-method status="PASS" signature="testPG_2()[pri:2, instance:com.r1v2.backend.modules.ScenarioContentPage@1f554b06]" name="testPG_2" duration-ms="13579" started-at="2018-08-01T07:41:11Z" finished-at="2018-08-01T07:41:25Z">
          <reporter-output>
            <line>
              <![CDATA[<br>[Ljava.lang.String;@46c670a6 is present]]>
            </line>
            <line>
              <![CDATA[<br>Clicked on Select Organization]]>
            </line>
            <line>
              <![CDATA[<br>[Ljava.lang.String;@5a4bef8 is present]]>
            </line>
            <line>
              <![CDATA[<br>Clicked on Site List]]>
            </line>
            <line>
              <![CDATA[<br>[Ljava.lang.String;@4d4d48a6 is present]]>
            </line>
            <line>
              <![CDATA[<br>Entered value nissancelaya.stg-izdemosite.com]]>
            </line>
            <line>
              <![CDATA[<br>[Ljava.lang.String;@4925f4f5 is present]]>
            </line>
            <line>
              <![CDATA[<br>Clicked on NISSAN AUTOCOM CELAYA]]>
            </line>
            <line>
              <![CDATA[<br>[Ljava.lang.String;@29a23c3d is present]]>
            </line>
            <line>
              <![CDATA[<br>Clicked on Site Builder]]>
            </line>
            <line>
              <![CDATA[<br>[Ljava.lang.String;@5b5c0057 is present]]>
            </line>
            <line>
              <![CDATA[<br>Clicked on Page Builder]]>
            </line>
            <line>
              <![CDATA[<br>[Ljava.lang.String;@65bb9029 is present]]>
            </line>
            <line>
              <![CDATA[<br>Clicked on Add new Page]]>
            </line>
          </reporter-output>
        </test-method> <!-- testPG_2 -->
        <test-method status="PASS" signature="testPG_3()[pri:3, instance:com.r1v2.backend.modules.ScenarioContentPage@1f554b06]" name="testPG_3" duration-ms="92" started-at="2018-08-01T07:41:25Z" finished-at="2018-08-01T07:41:25Z">
          <reporter-output>
            <line>
              <![CDATA[<br>[Ljava.lang.String;@2b556bb2 is present]]>
            </line>
            <line>
              <![CDATA[<br>Element is selected ]]>
            </line>
            <line>
              <![CDATA[<br>Content Page RadioButton default is  selected on  PageBuilder page]]>
            </line>
          </reporter-output>
        </test-method> <!-- testPG_3 -->
        <test-method status="PASS" signature="testPG_4()[pri:4, instance:com.r1v2.backend.modules.ScenarioContentPage@1f554b06]" name="testPG_4" duration-ms="852" started-at="2018-08-01T07:41:25Z" finished-at="2018-08-01T07:41:26Z">
          <reporter-output>
            <line>
              <![CDATA[<br>[Ljava.lang.String;@64b70919 is present]]>
            </line>
            <line>
              <![CDATA[<br>Element Displayed *]]>
            </line>
            <line>
              <![CDATA[<br>Field is mandatory]]>
            </line>
            <line>
              <![CDATA[<br>[Ljava.lang.String;@5176d279 is present]]>
            </line>
            <line>
              <![CDATA[<br>Clicked on ]]>
            </line>
            <line>
              <![CDATA[<br>Alert Popup is Display]]>
            </line>
            <line>
              <![CDATA[<br>[Ljava.lang.String;@53b8afea is present]]>
            </line>
            <line>
              <![CDATA[<br>Entered value content-pagemx]]>
            </line>
            <line>
              <![CDATA[<br>[Ljava.lang.String;@3c69362a is present]]>
            </line>
            <line>
              <![CDATA[<br>Element Displayed *]]>
            </line>
            <line>
              <![CDATA[<br>Field is mandatory]]>
            </line>
            <line>
              <![CDATA[<br>[Ljava.lang.String;@79b84841 is present]]>
            </line>
            <line>
              <![CDATA[<br>Clicked on ]]>
            </line>
            <line>
              <![CDATA[<br>Alert Popup is Display]]>
            </line>
            <line>
              <![CDATA[<br>[Ljava.lang.String;@1f53481b is present]]>
            </line>
            <line>
              <![CDATA[<br>Entered value content-page-mx]]>
            </line>
          </reporter-output>
        </test-method> <!-- testPG_4 -->
        <test-method status="PASS" signature="testPG_5()[pri:5, instance:com.r1v2.backend.modules.ScenarioContentPage@1f554b06]" name="testPG_5" duration-ms="1023" started-at="2018-08-01T07:41:26Z" finished-at="2018-08-01T07:41:27Z">
          <reporter-output>
            <line>
              <![CDATA[<br>[Ljava.lang.String;@61ab89b0 is present]]>
            </line>
            <line>
              <![CDATA[<br>[Ljava.lang.String;@7523a3dc is present]]>
            </line>
            <line>
              <![CDATA[<br>Entered value Responsive Content for  MX Server ]]>
            </line>
          </reporter-output>
        </test-method> <!-- testPG_5 -->
        <test-method status="PASS" signature="testPG_6()[pri:6, instance:com.r1v2.backend.modules.ScenarioContentPage@1f554b06]" name="testPG_6" duration-ms="5249" started-at="2018-08-01T07:41:27Z" finished-at="2018-08-01T07:41:32Z">
          <reporter-output>
            <line>
              <![CDATA[<br>[Ljava.lang.String;@497b560e is present]]>
            </line>
            <line>
              <![CDATA[<br>Clicked on ]]>
            </line>
          </reporter-output>
        </test-method> <!-- testPG_6 -->
        <test-method status="PASS" signature="testPG_7()[pri:7, instance:com.r1v2.backend.modules.ScenarioContentPage@1f554b06]" name="testPG_7" duration-ms="230" started-at="2018-08-01T07:41:32Z" finished-at="2018-08-01T07:41:32Z">
          <reporter-output>
            <line>
              <![CDATA[<br>[Ljava.lang.String;@5568c66f is present]]>
            </line>
            <line>
              <![CDATA[<br>Clicked on Logout]]>
            </line>
          </reporter-output>
        </test-method> <!-- testPG_7 -->
        <test-method status="PASS" signature="testPG_8()[pri:8, instance:com.r1v2.backend.modules.ScenarioContentPage@1f554b06]" name="testPG_8" duration-ms="18712" started-at="2018-08-01T07:41:32Z" finished-at="2018-08-01T07:41:51Z">
          <reporter-output>
            <line>
              <![CDATA[<br>Opened URL : http://nissancelaya.stg-izdemosite.com/]]>
            </line>
          </reporter-output>
        </test-method> <!-- testPG_8 -->
      </class> <!-- com.r1v2.backend.modules.ScenarioContentPage -->
    </test> <!-- Default test -->
  </suite> <!-- Default suite -->
</testng-results>
