<?xml version="1.0" encoding="UTF-8"?>
<testng-results skipped="0" failed="0" ignored="0" total="10" passed="10">
  <reporter-output>
    <line>
      <![CDATA[<br>Browser launched successfully]]>
    </line>
    <line>
      <![CDATA[<br>Opened URL : https://qadealeradminv2mx.izmocars.com/login.htm]]>
    </line>
    <line>
      <![CDATA[<br>Opened URL : https://qadealeradminv2mx.izmocars.com/login.htm]]>
    </line>
    <line>
      <![CDATA[<br>[Ljava.lang.String;@7922d892 is present]]>
    </line>
    <line>
      <![CDATA[<br>Entered value chiragr]]>
    </line>
    <line>
      <![CDATA[<br>[Ljava.lang.String;@126945f9 is present]]>
    </line>
    <line>
      <![CDATA[<br>Entered value abc@gmail.com]]>
    </line>
    <line>
      <![CDATA[<br>[Ljava.lang.String;@32811494 is present]]>
    </line>
    <line>
      <![CDATA[<br>Clicked on ]]>
    </line>
    <line>
      <![CDATA[<br>Opened URL : https://qadealeradminv2mx.izmocars.com/login.htm]]>
    </line>
    <line>
      <![CDATA[<br>[Ljava.lang.String;@62fad19 is present]]>
    </line>
    <line>
      <![CDATA[<br>Entered value abc]]>
    </line>
    <line>
      <![CDATA[<br>[Ljava.lang.String;@4c36250e is present]]>
    </line>
    <line>
      <![CDATA[<br>Entered value r@je$h143]]>
    </line>
    <line>
      <![CDATA[<br>[Ljava.lang.String;@41c07648 is present]]>
    </line>
    <line>
      <![CDATA[<br>Clicked on ]]>
    </line>
    <line>
      <![CDATA[<br>Opened URL : https://qadealeradminv2mx.izmocars.com/login.htm]]>
    </line>
    <line>
      <![CDATA[<br>[Ljava.lang.String;@341a8659 is present]]>
    </line>
    <line>
      <![CDATA[<br>Entered value abc]]>
    </line>
    <line>
      <![CDATA[<br>[Ljava.lang.String;@29f0802c is present]]>
    </line>
    <line>
      <![CDATA[<br>Entered value abc@gmail.com]]>
    </line>
    <line>
      <![CDATA[<br>[Ljava.lang.String;@48c4245d is present]]>
    </line>
    <line>
      <![CDATA[<br>Clicked on ]]>
    </line>
    <line>
      <![CDATA[<br>Opened URL : https://qadealeradminv2mx.izmocars.com/login.htm]]>
    </line>
    <line>
      <![CDATA[<br>[Ljava.lang.String;@676ff3b0 is present]]>
    </line>
    <line>
      <![CDATA[<br>Entered value null]]>
    </line>
    <line>
      <![CDATA[<br>[Ljava.lang.String;@280e8a1a is present]]>
    </line>
    <line>
      <![CDATA[<br>Entered value abc@gmail.com]]>
    </line>
    <line>
      <![CDATA[<br>[Ljava.lang.String;@2776015d is present]]>
    </line>
    <line>
      <![CDATA[<br>Clicked on ]]>
    </line>
    <line>
      <![CDATA[<br>Opened URL : https://qadealeradminv2mx.izmocars.com/login.htm]]>
    </line>
    <line>
      <![CDATA[<br>[Ljava.lang.String;@4e1ce44 is present]]>
    </line>
    <line>
      <![CDATA[<br>Entered value abc]]>
    </line>
    <line>
      <![CDATA[<br>[Ljava.lang.String;@78cd163b is present]]>
    </line>
    <line>
      <![CDATA[<br>Entered value r@je$h143]]>
    </line>
    <line>
      <![CDATA[<br>[Ljava.lang.String;@1d9bd4da is present]]>
    </line>
    <line>
      <![CDATA[<br>Clicked on ]]>
    </line>
    <line>
      <![CDATA[<br>Opened URL : https://qadealeradminv2mx.izmocars.com/login.htm]]>
    </line>
    <line>
      <![CDATA[<br>[Ljava.lang.String;@4784efd9 is present]]>
    </line>
    <line>
      <![CDATA[<br>Entered value chiragr]]>
    </line>
    <line>
      <![CDATA[<br>[Ljava.lang.String;@5ceecfee is present]]>
    </line>
    <line>
      <![CDATA[<br>Entered value null]]>
    </line>
    <line>
      <![CDATA[<br>[Ljava.lang.String;@2fd64b11 is present]]>
    </line>
    <line>
      <![CDATA[<br>Clicked on ]]>
    </line>
    <line>
      <![CDATA[<br>Opened URL : https://qadealeradminv2mx.izmocars.com/login.htm]]>
    </line>
    <line>
      <![CDATA[<br>[Ljava.lang.String;@fb0a08c is present]]>
    </line>
    <line>
      <![CDATA[<br>Clicked on ¿Olvidaste tu contraseña o ID Usuario?]]>
    </line>
    <line>
      <![CDATA[<br>Opened URL : https://qadealeradminv2mx.izmocars.com/login.htm]]>
    </line>
    <line>
      <![CDATA[<br>[Ljava.lang.String;@202ae86f is present]]>
    </line>
    <line>
      <![CDATA[<br>Entered value chiragr]]>
    </line>
    <line>
      <![CDATA[<br>[Ljava.lang.String;@715a70e9 is present]]>
    </line>
    <line>
      <![CDATA[<br>Entered value r@je$h143]]>
    </line>
    <line>
      <![CDATA[<br>[Ljava.lang.String;@d325518 is present]]>
    </line>
    <line>
      <![CDATA[<br>Clicked on ]]>
    </line>
    <line>
      <![CDATA[<br>[Ljava.lang.String;@30bbcf91 is present]]>
    </line>
    <line>
      <![CDATA[<br>Clicked on Logout]]>
    </line>
  </reporter-output>
  <suite name="Default suite" duration-ms="18743" started-at="2018-07-18T13:38:31Z" finished-at="2018-07-18T13:38:50Z">
    <groups>
    </groups>
    <test name="Default test" duration-ms="18743" started-at="2018-07-18T13:38:31Z" finished-at="2018-07-18T13:38:50Z">
      <class name="com.r1v2.reporting.test.Scenario1Login">
        <test-method status="PASS" signature="beforeClass()[pri:0, instance:com.r1v2.reporting.test.Scenario1Login@7d0587f1]" name="beforeClass" is-config="true" duration-ms="10379" started-at="2018-07-18T13:38:31Z" finished-at="2018-07-18T13:38:41Z">
          <reporter-output>
            <line>
              <![CDATA[<br>Browser launched successfully]]>
            </line>
          </reporter-output>
        </test-method> <!-- beforeClass -->
        <test-method status="PASS" signature="setUpOnce()[pri:0, instance:com.r1v2.reporting.test.Scenario1Login@7d0587f1]" name="setUpOnce" is-config="true" duration-ms="2" started-at="2018-07-18T13:38:41Z" finished-at="2018-07-18T13:38:41Z">
          <reporter-output>
          </reporter-output>
        </test-method> <!-- setUpOnce -->
        <test-method status="PASS" signature="testSC_1()[pri:1, instance:com.r1v2.reporting.test.Scenario1Login@7d0587f1]" name="testSC_1" duration-ms="627" started-at="2018-07-18T13:38:41Z" finished-at="2018-07-18T13:38:42Z">
          <reporter-output>
            <line>
              <![CDATA[<br>Opened URL : https://qadealeradminv2mx.izmocars.com/login.htm]]>
            </line>
          </reporter-output>
        </test-method> <!-- testSC_1 -->
        <test-method status="PASS" signature="testSC_2()[pri:2, instance:com.r1v2.reporting.test.Scenario1Login@7d0587f1]" name="testSC_2" duration-ms="1250" started-at="2018-07-18T13:38:42Z" finished-at="2018-07-18T13:38:43Z">
          <reporter-output>
            <line>
              <![CDATA[<br>Opened URL : https://qadealeradminv2mx.izmocars.com/login.htm]]>
            </line>
            <line>
              <![CDATA[<br>[Ljava.lang.String;@7922d892 is present]]>
            </line>
            <line>
              <![CDATA[<br>Entered value chiragr]]>
            </line>
            <line>
              <![CDATA[<br>[Ljava.lang.String;@126945f9 is present]]>
            </line>
            <line>
              <![CDATA[<br>Entered value abc@gmail.com]]>
            </line>
            <line>
              <![CDATA[<br>[Ljava.lang.String;@32811494 is present]]>
            </line>
            <line>
              <![CDATA[<br>Clicked on ]]>
            </line>
          </reporter-output>
        </test-method> <!-- testSC_2 -->
        <test-method status="PASS" signature="testSC_3()[pri:3, instance:com.r1v2.reporting.test.Scenario1Login@7d0587f1]" name="testSC_3" duration-ms="635" started-at="2018-07-18T13:38:43Z" finished-at="2018-07-18T13:38:44Z">
          <reporter-output>
            <line>
              <![CDATA[<br>Opened URL : https://qadealeradminv2mx.izmocars.com/login.htm]]>
            </line>
            <line>
              <![CDATA[<br>[Ljava.lang.String;@62fad19 is present]]>
            </line>
            <line>
              <![CDATA[<br>Entered value abc]]>
            </line>
            <line>
              <![CDATA[<br>[Ljava.lang.String;@4c36250e is present]]>
            </line>
            <line>
              <![CDATA[<br>Entered value r@je$h143]]>
            </line>
            <line>
              <![CDATA[<br>[Ljava.lang.String;@41c07648 is present]]>
            </line>
            <line>
              <![CDATA[<br>Clicked on ]]>
            </line>
          </reporter-output>
        </test-method> <!-- testSC_3 -->
        <test-method status="PASS" signature="testSC_4()[pri:4, instance:com.r1v2.reporting.test.Scenario1Login@7d0587f1]" name="testSC_4" duration-ms="755" started-at="2018-07-18T13:38:44Z" finished-at="2018-07-18T13:38:45Z">
          <reporter-output>
            <line>
              <![CDATA[<br>Opened URL : https://qadealeradminv2mx.izmocars.com/login.htm]]>
            </line>
            <line>
              <![CDATA[<br>[Ljava.lang.String;@341a8659 is present]]>
            </line>
            <line>
              <![CDATA[<br>Entered value abc]]>
            </line>
            <line>
              <![CDATA[<br>[Ljava.lang.String;@29f0802c is present]]>
            </line>
            <line>
              <![CDATA[<br>Entered value abc@gmail.com]]>
            </line>
            <line>
              <![CDATA[<br>[Ljava.lang.String;@48c4245d is present]]>
            </line>
            <line>
              <![CDATA[<br>Clicked on ]]>
            </line>
          </reporter-output>
        </test-method> <!-- testSC_4 -->
        <test-method status="PASS" signature="testSC_5()[pri:5, instance:com.r1v2.reporting.test.Scenario1Login@7d0587f1]" name="testSC_5" duration-ms="751" started-at="2018-07-18T13:38:45Z" finished-at="2018-07-18T13:38:46Z">
          <reporter-output>
            <line>
              <![CDATA[<br>Opened URL : https://qadealeradminv2mx.izmocars.com/login.htm]]>
            </line>
            <line>
              <![CDATA[<br>[Ljava.lang.String;@676ff3b0 is present]]>
            </line>
            <line>
              <![CDATA[<br>Entered value null]]>
            </line>
            <line>
              <![CDATA[<br>[Ljava.lang.String;@280e8a1a is present]]>
            </line>
            <line>
              <![CDATA[<br>Entered value abc@gmail.com]]>
            </line>
            <line>
              <![CDATA[<br>[Ljava.lang.String;@2776015d is present]]>
            </line>
            <line>
              <![CDATA[<br>Clicked on ]]>
            </line>
          </reporter-output>
        </test-method> <!-- testSC_5 -->
        <test-method status="PASS" signature="testSC_6()[pri:6, instance:com.r1v2.reporting.test.Scenario1Login@7d0587f1]" name="testSC_6" duration-ms="706" started-at="2018-07-18T13:38:46Z" finished-at="2018-07-18T13:38:46Z">
          <reporter-output>
            <line>
              <![CDATA[<br>Opened URL : https://qadealeradminv2mx.izmocars.com/login.htm]]>
            </line>
            <line>
              <![CDATA[<br>[Ljava.lang.String;@4e1ce44 is present]]>
            </line>
            <line>
              <![CDATA[<br>Entered value abc]]>
            </line>
            <line>
              <![CDATA[<br>[Ljava.lang.String;@78cd163b is present]]>
            </line>
            <line>
              <![CDATA[<br>Entered value r@je$h143]]>
            </line>
            <line>
              <![CDATA[<br>[Ljava.lang.String;@1d9bd4da is present]]>
            </line>
            <line>
              <![CDATA[<br>Clicked on ]]>
            </line>
          </reporter-output>
        </test-method> <!-- testSC_6 -->
        <test-method status="PASS" signature="testSC_7()[pri:7, instance:com.r1v2.reporting.test.Scenario1Login@7d0587f1]" name="testSC_7" duration-ms="792" started-at="2018-07-18T13:38:46Z" finished-at="2018-07-18T13:38:47Z">
          <reporter-output>
            <line>
              <![CDATA[<br>Opened URL : https://qadealeradminv2mx.izmocars.com/login.htm]]>
            </line>
            <line>
              <![CDATA[<br>[Ljava.lang.String;@4784efd9 is present]]>
            </line>
            <line>
              <![CDATA[<br>Entered value chiragr]]>
            </line>
            <line>
              <![CDATA[<br>[Ljava.lang.String;@5ceecfee is present]]>
            </line>
            <line>
              <![CDATA[<br>Entered value null]]>
            </line>
            <line>
              <![CDATA[<br>[Ljava.lang.String;@2fd64b11 is present]]>
            </line>
            <line>
              <![CDATA[<br>Clicked on ]]>
            </line>
          </reporter-output>
        </test-method> <!-- testSC_7 -->
        <test-method status="PASS" signature="testSC_8()[pri:8, instance:com.r1v2.reporting.test.Scenario1Login@7d0587f1]" name="testSC_8" duration-ms="89" started-at="2018-07-18T13:38:47Z" finished-at="2018-07-18T13:38:47Z">
          <reporter-output>
            <line>
              <![CDATA[<br>Opened URL : https://qadealeradminv2mx.izmocars.com/login.htm]]>
            </line>
            <line>
              <![CDATA[<br>[Ljava.lang.String;@fb0a08c is present]]>
            </line>
            <line>
              <![CDATA[<br>Clicked on ¿Olvidaste tu contraseña o ID Usuario?]]>
            </line>
          </reporter-output>
        </test-method> <!-- testSC_8 -->
        <test-method status="PASS" signature="testSC_9()[pri:9, instance:com.r1v2.reporting.test.Scenario1Login@7d0587f1]" name="testSC_9" duration-ms="2626" started-at="2018-07-18T13:38:47Z" finished-at="2018-07-18T13:38:50Z">
          <reporter-output>
            <line>
              <![CDATA[<br>Opened URL : https://qadealeradminv2mx.izmocars.com/login.htm]]>
            </line>
            <line>
              <![CDATA[<br>[Ljava.lang.String;@202ae86f is present]]>
            </line>
            <line>
              <![CDATA[<br>Entered value chiragr]]>
            </line>
            <line>
              <![CDATA[<br>[Ljava.lang.String;@715a70e9 is present]]>
            </line>
            <line>
              <![CDATA[<br>Entered value r@je$h143]]>
            </line>
            <line>
              <![CDATA[<br>[Ljava.lang.String;@d325518 is present]]>
            </line>
            <line>
              <![CDATA[<br>Clicked on ]]>
            </line>
          </reporter-output>
        </test-method> <!-- testSC_9 -->
        <test-method status="PASS" signature="testSC_10()[pri:10, instance:com.r1v2.reporting.test.Scenario1Login@7d0587f1]" name="testSC_10" duration-ms="104" started-at="2018-07-18T13:38:50Z" finished-at="2018-07-18T13:38:50Z">
          <reporter-output>
            <line>
              <![CDATA[<br>[Ljava.lang.String;@30bbcf91 is present]]>
            </line>
            <line>
              <![CDATA[<br>Clicked on Logout]]>
            </line>
          </reporter-output>
        </test-method> <!-- testSC_10 -->
      </class> <!-- com.r1v2.reporting.test.Scenario1Login -->
    </test> <!-- Default test -->
  </suite> <!-- Default suite -->
</testng-results>
