<?xml version="1.0" encoding="UTF-8"?>
<testng-results skipped="0" failed="0" ignored="0" total="12" passed="12">
  <reporter-output>
    <line>
      <![CDATA[<br>Browser launched successfully]]>
    </line>
    <line>
      <![CDATA[<br>Opened URL : https://qadealeradminv2mx.izmocars.com/login.htm]]>
    </line>
    <line>
      <![CDATA[<br>[Ljava.lang.String;@60df60da is present]]>
    </line>
    <line>
      <![CDATA[<br>Entered value chiragr]]>
    </line>
    <line>
      <![CDATA[<br>[Ljava.lang.String;@63dd899 is present]]>
    </line>
    <line>
      <![CDATA[<br>Entered value r@je$h143]]>
    </line>
    <line>
      <![CDATA[<br>[Ljava.lang.String;@4b20ca2b is present]]>
    </line>
    <line>
      <![CDATA[<br>Clicked on ]]>
    </line>
    <line>
      <![CDATA[<br>[Ljava.lang.String;@277f7dd3 is present]]>
    </line>
    <line>
      <![CDATA[<br>Element Displayed Logout]]>
    </line>
    <line>
      <![CDATA[<br>logout link is displayed on Home page]]>
    </line>
    <line>
      <![CDATA[<br>[Ljava.lang.String;@1922e6d is present]]>
    </line>
    <line>
      <![CDATA[<br>Element Displayed Change password]]>
    </line>
    <line>
      <![CDATA[<br>change password is displayed on Home page]]>
    </line>
    <line>
      <![CDATA[<br>[Ljava.lang.String;@750fe12e is present]]>
    </line>
    <line>
      <![CDATA[<br>Clicked on Select Organization]]>
    </line>
    <line>
      <![CDATA[<br>[Ljava.lang.String;@60b85ba1 is present]]>
    </line>
    <line>
      <![CDATA[<br>Clicked on Site List]]>
    </line>
    <line>
      <![CDATA[<br>[Ljava.lang.String;@3dedb4a6 is present]]>
    </line>
    <line>
      <![CDATA[<br>Entered value nissancelaya.stg-izdemosite.com]]>
    </line>
    <line>
      <![CDATA[<br>[Ljava.lang.String;@70325d20 is present]]>
    </line>
    <line>
      <![CDATA[<br>Clicked on NISSAN AUTOCOM CELAYA]]>
    </line>
    <line>
      <![CDATA[<br>[Ljava.lang.String;@7923f5b3 is present]]>
    </line>
    <line>
      <![CDATA[<br>Clicked on Site Builder]]>
    </line>
    <line>
      <![CDATA[<br>[Ljava.lang.String;@6e1f8469 is present]]>
    </line>
    <line>
      <![CDATA[<br>Clicked on Page Builder]]>
    </line>
    <line>
      <![CDATA[<br>[Ljava.lang.String;@629ae7e is present]]>
    </line>
    <line>
      <![CDATA[<br>Clicked on Add new Page]]>
    </line>
    <line>
      <![CDATA[<br>[Ljava.lang.String;@26722665 is present]]>
    </line>
    <line>
      <![CDATA[<br>Element is selected ]]>
    </line>
    <line>
      <![CDATA[<br>Content Page RadioButton default is  selected on  PageBuilder page]]>
    </line>
    <line>
      <![CDATA[<br>[Ljava.lang.String;@36361ddb is present]]>
    </line>
    <line>
      <![CDATA[<br>Element Displayed *]]>
    </line>
    <line>
      <![CDATA[<br>Field is mandatory]]>
    </line>
    <line>
      <![CDATA[<br>[Ljava.lang.String;@75fc1992 is present]]>
    </line>
    <line>
      <![CDATA[<br>Clicked on ]]>
    </line>
    <line>
      <![CDATA[<br>Alert Popup is Display]]>
    </line>
    <line>
      <![CDATA[<br>[Ljava.lang.String;@181e72d3 is present]]>
    </line>
    <line>
      <![CDATA[<br>Entered value content-pagemx]]>
    </line>
    <line>
      <![CDATA[<br>[Ljava.lang.String;@117525fe is present]]>
    </line>
    <line>
      <![CDATA[<br>Element Displayed *]]>
    </line>
    <line>
      <![CDATA[<br>Field is mandatory]]>
    </line>
    <line>
      <![CDATA[<br>[Ljava.lang.String;@6d6bbd35 is present]]>
    </line>
    <line>
      <![CDATA[<br>Clicked on ]]>
    </line>
    <line>
      <![CDATA[<br>Alert Popup is Display]]>
    </line>
    <line>
      <![CDATA[<br>[Ljava.lang.String;@2149594a is present]]>
    </line>
    <line>
      <![CDATA[<br>Entered value content-page-mx]]>
    </line>
    <line>
      <![CDATA[<br>[Ljava.lang.String;@66f28a1f is present]]>
    </line>
    <line>
      <![CDATA[<br>[Ljava.lang.String;@5cbd94b2 is present]]>
    </line>
    <line>
      <![CDATA[<br>Entered value Responsive Content for  MX Server ]]>
    </line>
    <line>
      <![CDATA[<br>[Ljava.lang.String;@f9cab00 is present]]>
    </line>
    <line>
      <![CDATA[<br>Clicked on ]]>
    </line>
    <line>
      <![CDATA[<br>[Ljava.lang.String;@53d9826f is present]]>
    </line>
    <line>
      <![CDATA[<br>Clicked on Site Builder]]>
    </line>
    <line>
      <![CDATA[<br>[Ljava.lang.String;@1084ac45 is present]]>
    </line>
    <line>
      <![CDATA[<br>Clicked on Page Builder]]>
    </line>
    <line>
      <![CDATA[<br>[Ljava.lang.String;@6cae2e4d is present]]>
    </line>
    <line>
      <![CDATA[<br>Clicked on Add new Page]]>
    </line>
    <line>
      <![CDATA[<br>[Ljava.lang.String;@422ad5e2 is present]]>
    </line>
    <line>
      <![CDATA[<br>Element Displayed ]]>
    </line>
    <line>
      <![CDATA[<br>CampaignPage Page RadioButton default is  selected on  PageBuilder page]]>
    </line>
    <line>
      <![CDATA[<br>[Ljava.lang.String;@93501be is present]]>
    </line>
    <line>
      <![CDATA[<br>Clicked on ]]>
    </line>
    <line>
      <![CDATA[<br>CampaignPage Page RadioButton  is  selected on  PageBuilder page]]>
    </line>
    <line>
      <![CDATA[<br>[Ljava.lang.String;@44aa2e13 is present]]>
    </line>
    <line>
      <![CDATA[<br>Element Displayed *]]>
    </line>
    <line>
      <![CDATA[<br>Field is mandatory]]>
    </line>
    <line>
      <![CDATA[<br>[Ljava.lang.String;@5600a5da is present]]>
    </line>
    <line>
      <![CDATA[<br>Clicked on ]]>
    </line>
    <line>
      <![CDATA[<br>Alert Popup is Display]]>
    </line>
    <line>
      <![CDATA[<br>[Ljava.lang.String;@1a914089 is present]]>
    </line>
    <line>
      <![CDATA[<br>Entered value campaign-pagemx]]>
    </line>
    <line>
      <![CDATA[<br>[Ljava.lang.String;@1ea930eb is present]]>
    </line>
    <line>
      <![CDATA[<br>Element Displayed *]]>
    </line>
    <line>
      <![CDATA[<br>Field is mandatory]]>
    </line>
    <line>
      <![CDATA[<br>[Ljava.lang.String;@21d9cd04 is present]]>
    </line>
    <line>
      <![CDATA[<br>Clicked on ]]>
    </line>
    <line>
      <![CDATA[<br>Alert Popup is Display]]>
    </line>
    <line>
      <![CDATA[<br>[Ljava.lang.String;@3e0a9b1d is present]]>
    </line>
    <line>
      <![CDATA[<br>Entered value campaign-page-mx]]>
    </line>
    <line>
      <![CDATA[<br>[Ljava.lang.String;@1c7f6e96 is present]]>
    </line>
    <line>
      <![CDATA[<br>[Ljava.lang.String;@6f3b13d0 is present]]>
    </line>
    <line>
      <![CDATA[<br>Entered value Responsive Content for  MX Server]]>
    </line>
    <line>
      <![CDATA[<br>[Ljava.lang.String;@5c9a4f3b is present]]>
    </line>
    <line>
      <![CDATA[<br>Clicked on ]]>
    </line>
    <line>
      <![CDATA[<br>[Ljava.lang.String;@8f6b4ab is present]]>
    </line>
    <line>
      <![CDATA[<br>Clicked on Site Builder]]>
    </line>
    <line>
      <![CDATA[<br>[Ljava.lang.String;@6113a26f is present]]>
    </line>
    <line>
      <![CDATA[<br>Clicked on Page Builder]]>
    </line>
    <line>
      <![CDATA[<br>[Ljava.lang.String;@485c84d7 is present]]>
    </line>
    <line>
      <![CDATA[<br>Clicked on Add new Page]]>
    </line>
    <line>
      <![CDATA[<br>[Ljava.lang.String;@2dbf2da is present]]>
    </line>
    <line>
      <![CDATA[<br>Element Displayed ]]>
    </line>
    <line>
      <![CDATA[<br>CampaignPage Page RadioButton default is  selected on  PageBuilder page]]>
    </line>
    <line>
      <![CDATA[<br>[Ljava.lang.String;@a99c42c is present]]>
    </line>
    <line>
      <![CDATA[<br>Clicked on ]]>
    </line>
    <line>
      <![CDATA[<br>CampaignPage Page RadioButton  is  selected on  PageBuilder page]]>
    </line>
    <line>
      <![CDATA[<br>[Ljava.lang.String;@3d764641 is present]]>
    </line>
    <line>
      <![CDATA[<br>Element Displayed *]]>
    </line>
    <line>
      <![CDATA[<br>Field is mandatory]]>
    </line>
    <line>
      <![CDATA[<br>[Ljava.lang.String;@189633f2 is present]]>
    </line>
    <line>
      <![CDATA[<br>Clicked on ]]>
    </line>
    <line>
      <![CDATA[<br>Alert Popup is Display]]>
    </line>
    <line>
      <![CDATA[<br>[Ljava.lang.String;@3d98729a is present]]>
    </line>
    <line>
      <![CDATA[<br>Entered value special-pagemx]]>
    </line>
    <line>
      <![CDATA[<br>[Ljava.lang.String;@58583a2d is present]]>
    </line>
    <line>
      <![CDATA[<br>Element Displayed *]]>
    </line>
    <line>
      <![CDATA[<br>Field is mandatory]]>
    </line>
    <line>
      <![CDATA[<br>[Ljava.lang.String;@6de5ad56 is present]]>
    </line>
    <line>
      <![CDATA[<br>Clicked on ]]>
    </line>
    <line>
      <![CDATA[<br>Alert Popup is Display]]>
    </line>
    <line>
      <![CDATA[<br>[Ljava.lang.String;@11069eac is present]]>
    </line>
    <line>
      <![CDATA[<br>Entered value special-page-mx]]>
    </line>
    <line>
      <![CDATA[<br>[Ljava.lang.String;@5de243bb is present]]>
    </line>
    <line>
      <![CDATA[<br>[Ljava.lang.String;@5340ccb9 is present]]>
    </line>
    <line>
      <![CDATA[<br>Clicked on ]]>
    </line>
  </reporter-output>
  <suite name="Default suite" duration-ms="72982" started-at="2018-07-27T06:21:49Z" finished-at="2018-07-27T06:23:02Z">
    <groups>
    </groups>
    <test name="Default test" duration-ms="72982" started-at="2018-07-27T06:21:49Z" finished-at="2018-07-27T06:23:02Z">
      <class name="com.r1v2.reporting.test.Scenario2Dlr">
        <test-method status="PASS" signature="extetnReport()[pri:0, instance:com.r1v2.reporting.test.Scenario2Dlr@26aa12dd]" name="extetnReport" is-config="true" duration-ms="98" started-at="2018-07-27T06:21:49Z" finished-at="2018-07-27T06:21:49Z">
          <reporter-output>
          </reporter-output>
        </test-method> <!-- extetnReport -->
        <test-method status="PASS" signature="beforeClass()[pri:0, instance:com.r1v2.reporting.test.Scenario2Dlr@26aa12dd]" name="beforeClass" is-config="true" duration-ms="4916" started-at="2018-07-27T06:21:49Z" finished-at="2018-07-27T06:21:54Z">
          <reporter-output>
            <line>
              <![CDATA[<br>Browser launched successfully]]>
            </line>
          </reporter-output>
        </test-method> <!-- beforeClass -->
        <test-method status="PASS" signature="setUpOnce1()[pri:0, instance:com.r1v2.reporting.test.Scenario2Dlr@26aa12dd]" name="setUpOnce1" is-config="true" duration-ms="3845" started-at="2018-07-27T06:21:54Z" finished-at="2018-07-27T06:21:58Z">
          <reporter-output>
            <line>
              <![CDATA[<br>Opened URL : https://qadealeradminv2mx.izmocars.com/login.htm]]>
            </line>
            <line>
              <![CDATA[<br>[Ljava.lang.String;@60df60da is present]]>
            </line>
            <line>
              <![CDATA[<br>Entered value chiragr]]>
            </line>
            <line>
              <![CDATA[<br>[Ljava.lang.String;@63dd899 is present]]>
            </line>
            <line>
              <![CDATA[<br>Entered value r@je$h143]]>
            </line>
            <line>
              <![CDATA[<br>[Ljava.lang.String;@4b20ca2b is present]]>
            </line>
            <line>
              <![CDATA[<br>Clicked on ]]>
            </line>
          </reporter-output>
        </test-method> <!-- setUpOnce1 -->
        <test-method status="PASS" signature="testPG_1()[pri:1, instance:com.r1v2.reporting.test.Scenario2Dlr@26aa12dd]" name="testPG_1" duration-ms="181" started-at="2018-07-27T06:21:58Z" finished-at="2018-07-27T06:21:58Z">
          <reporter-output>
            <line>
              <![CDATA[<br>[Ljava.lang.String;@277f7dd3 is present]]>
            </line>
            <line>
              <![CDATA[<br>Element Displayed Logout]]>
            </line>
            <line>
              <![CDATA[<br>logout link is displayed on Home page]]>
            </line>
            <line>
              <![CDATA[<br>[Ljava.lang.String;@1922e6d is present]]>
            </line>
            <line>
              <![CDATA[<br>Element Displayed Change password]]>
            </line>
            <line>
              <![CDATA[<br>change password is displayed on Home page]]>
            </line>
          </reporter-output>
        </test-method> <!-- testPG_1 -->
        <test-method status="PASS" signature="getResult(org.testng.ITestResult)[pri:0, instance:com.r1v2.reporting.test.Scenario2Dlr@26aa12dd]" name="getResult" is-config="true" duration-ms="6" started-at="2018-07-27T06:21:58Z" finished-at="2018-07-27T06:21:58Z">
          <params>
            <param index="0">
              <value>
                <![CDATA[[TestResult name=testPG_1 status=SUCCESS method=Scenario2Dlr.testPG_1()[pri:1, instance:com.r1v2.reporting.test.Scenario2Dlr@26aa12dd] output=<br>[Ljava.lang.String;@277f7dd3 is present]]]>
              </value>
            </param>
          </params>
          <reporter-output>
          </reporter-output>
        </test-method> <!-- getResult -->
        <test-method status="PASS" signature="testPG_2()[pri:2, instance:com.r1v2.reporting.test.Scenario2Dlr@26aa12dd]" name="testPG_2" duration-ms="14900" started-at="2018-07-27T06:21:58Z" finished-at="2018-07-27T06:22:13Z">
          <reporter-output>
            <line>
              <![CDATA[<br>[Ljava.lang.String;@750fe12e is present]]>
            </line>
            <line>
              <![CDATA[<br>Clicked on Select Organization]]>
            </line>
            <line>
              <![CDATA[<br>[Ljava.lang.String;@60b85ba1 is present]]>
            </line>
            <line>
              <![CDATA[<br>Clicked on Site List]]>
            </line>
            <line>
              <![CDATA[<br>[Ljava.lang.String;@3dedb4a6 is present]]>
            </line>
            <line>
              <![CDATA[<br>Entered value nissancelaya.stg-izdemosite.com]]>
            </line>
            <line>
              <![CDATA[<br>[Ljava.lang.String;@70325d20 is present]]>
            </line>
            <line>
              <![CDATA[<br>Clicked on NISSAN AUTOCOM CELAYA]]>
            </line>
            <line>
              <![CDATA[<br>[Ljava.lang.String;@7923f5b3 is present]]>
            </line>
            <line>
              <![CDATA[<br>Clicked on Site Builder]]>
            </line>
            <line>
              <![CDATA[<br>[Ljava.lang.String;@6e1f8469 is present]]>
            </line>
            <line>
              <![CDATA[<br>Clicked on Page Builder]]>
            </line>
            <line>
              <![CDATA[<br>[Ljava.lang.String;@629ae7e is present]]>
            </line>
            <line>
              <![CDATA[<br>Clicked on Add new Page]]>
            </line>
          </reporter-output>
        </test-method> <!-- testPG_2 -->
        <test-method status="PASS" signature="testPG_3()[pri:3, instance:com.r1v2.reporting.test.Scenario2Dlr@26aa12dd]" name="testPG_3" duration-ms="74" started-at="2018-07-27T06:22:13Z" finished-at="2018-07-27T06:22:13Z">
          <reporter-output>
            <line>
              <![CDATA[<br>[Ljava.lang.String;@26722665 is present]]>
            </line>
            <line>
              <![CDATA[<br>Element is selected ]]>
            </line>
            <line>
              <![CDATA[<br>Content Page RadioButton default is  selected on  PageBuilder page]]>
            </line>
          </reporter-output>
        </test-method> <!-- testPG_3 -->
        <test-method status="PASS" signature="getResult(org.testng.ITestResult)[pri:0, instance:com.r1v2.reporting.test.Scenario2Dlr@26aa12dd]" name="getResult" is-config="true" duration-ms="0" started-at="2018-07-27T06:22:13Z" finished-at="2018-07-27T06:22:13Z">
          <params>
            <param index="0">
              <value>
                <![CDATA[[TestResult name=testPG_2 status=SUCCESS method=Scenario2Dlr.testPG_2()[pri:2, instance:com.r1v2.reporting.test.Scenario2Dlr@26aa12dd] output=<br>[Ljava.lang.String;@750fe12e is present]]]>
              </value>
            </param>
          </params>
          <reporter-output>
          </reporter-output>
        </test-method> <!-- getResult -->
        <test-method status="PASS" signature="getResult(org.testng.ITestResult)[pri:0, instance:com.r1v2.reporting.test.Scenario2Dlr@26aa12dd]" name="getResult" is-config="true" duration-ms="0" started-at="2018-07-27T06:22:13Z" finished-at="2018-07-27T06:22:13Z">
          <params>
            <param index="0">
              <value>
                <![CDATA[[TestResult name=testPG_3 status=SUCCESS method=Scenario2Dlr.testPG_3()[pri:3, instance:com.r1v2.reporting.test.Scenario2Dlr@26aa12dd] output=<br>[Ljava.lang.String;@26722665 is present]]]>
              </value>
            </param>
          </params>
          <reporter-output>
          </reporter-output>
        </test-method> <!-- getResult -->
        <test-method status="PASS" signature="testPG_4()[pri:4, instance:com.r1v2.reporting.test.Scenario2Dlr@26aa12dd]" name="testPG_4" duration-ms="1037" started-at="2018-07-27T06:22:13Z" finished-at="2018-07-27T06:22:14Z">
          <reporter-output>
            <line>
              <![CDATA[<br>[Ljava.lang.String;@36361ddb is present]]>
            </line>
            <line>
              <![CDATA[<br>Element Displayed *]]>
            </line>
            <line>
              <![CDATA[<br>Field is mandatory]]>
            </line>
            <line>
              <![CDATA[<br>[Ljava.lang.String;@75fc1992 is present]]>
            </line>
            <line>
              <![CDATA[<br>Clicked on ]]>
            </line>
            <line>
              <![CDATA[<br>Alert Popup is Display]]>
            </line>
            <line>
              <![CDATA[<br>[Ljava.lang.String;@181e72d3 is present]]>
            </line>
            <line>
              <![CDATA[<br>Entered value content-pagemx]]>
            </line>
            <line>
              <![CDATA[<br>[Ljava.lang.String;@117525fe is present]]>
            </line>
            <line>
              <![CDATA[<br>Element Displayed *]]>
            </line>
            <line>
              <![CDATA[<br>Field is mandatory]]>
            </line>
            <line>
              <![CDATA[<br>[Ljava.lang.String;@6d6bbd35 is present]]>
            </line>
            <line>
              <![CDATA[<br>Clicked on ]]>
            </line>
            <line>
              <![CDATA[<br>Alert Popup is Display]]>
            </line>
            <line>
              <![CDATA[<br>[Ljava.lang.String;@2149594a is present]]>
            </line>
            <line>
              <![CDATA[<br>Entered value content-page-mx]]>
            </line>
          </reporter-output>
        </test-method> <!-- testPG_4 -->
        <test-method status="PASS" signature="getResult(org.testng.ITestResult)[pri:0, instance:com.r1v2.reporting.test.Scenario2Dlr@26aa12dd]" name="getResult" is-config="true" duration-ms="0" started-at="2018-07-27T06:22:14Z" finished-at="2018-07-27T06:22:14Z">
          <params>
            <param index="0">
              <value>
                <![CDATA[[TestResult name=testPG_4 status=SUCCESS method=Scenario2Dlr.testPG_4()[pri:4, instance:com.r1v2.reporting.test.Scenario2Dlr@26aa12dd] output=<br>[Ljava.lang.String;@36361ddb is present]]]>
              </value>
            </param>
          </params>
          <reporter-output>
          </reporter-output>
        </test-method> <!-- getResult -->
        <test-method status="PASS" signature="testPG_5()[pri:5, instance:com.r1v2.reporting.test.Scenario2Dlr@26aa12dd]" name="testPG_5" duration-ms="1121" started-at="2018-07-27T06:22:14Z" finished-at="2018-07-27T06:22:15Z">
          <reporter-output>
            <line>
              <![CDATA[<br>[Ljava.lang.String;@66f28a1f is present]]>
            </line>
            <line>
              <![CDATA[<br>[Ljava.lang.String;@5cbd94b2 is present]]>
            </line>
            <line>
              <![CDATA[<br>Entered value Responsive Content for  MX Server ]]>
            </line>
          </reporter-output>
        </test-method> <!-- testPG_5 -->
        <test-method status="PASS" signature="getResult(org.testng.ITestResult)[pri:0, instance:com.r1v2.reporting.test.Scenario2Dlr@26aa12dd]" name="getResult" is-config="true" duration-ms="0" started-at="2018-07-27T06:22:15Z" finished-at="2018-07-27T06:22:15Z">
          <params>
            <param index="0">
              <value>
                <![CDATA[[TestResult name=testPG_5 status=SUCCESS method=Scenario2Dlr.testPG_5()[pri:5, instance:com.r1v2.reporting.test.Scenario2Dlr@26aa12dd] output=<br>[Ljava.lang.String;@66f28a1f is present]]]>
              </value>
            </param>
          </params>
          <reporter-output>
          </reporter-output>
        </test-method> <!-- getResult -->
        <test-method status="PASS" signature="testPG_6()[pri:6, instance:com.r1v2.reporting.test.Scenario2Dlr@26aa12dd]" name="testPG_6" duration-ms="5505" started-at="2018-07-27T06:22:15Z" finished-at="2018-07-27T06:22:21Z">
          <reporter-output>
            <line>
              <![CDATA[<br>[Ljava.lang.String;@f9cab00 is present]]>
            </line>
            <line>
              <![CDATA[<br>Clicked on ]]>
            </line>
          </reporter-output>
        </test-method> <!-- testPG_6 -->
        <test-method status="PASS" signature="getResult(org.testng.ITestResult)[pri:0, instance:com.r1v2.reporting.test.Scenario2Dlr@26aa12dd]" name="getResult" is-config="true" duration-ms="0" started-at="2018-07-27T06:22:21Z" finished-at="2018-07-27T06:22:21Z">
          <params>
            <param index="0">
              <value>
                <![CDATA[[TestResult name=testPG_6 status=SUCCESS method=Scenario2Dlr.testPG_6()[pri:6, instance:com.r1v2.reporting.test.Scenario2Dlr@26aa12dd] output=<br>[Ljava.lang.String;@f9cab00 is present]]]>
              </value>
            </param>
          </params>
          <reporter-output>
          </reporter-output>
        </test-method> <!-- getResult -->
        <test-method status="PASS" signature="testPG_7()[pri:7, instance:com.r1v2.reporting.test.Scenario2Dlr@26aa12dd]" name="testPG_7" duration-ms="15662" started-at="2018-07-27T06:22:21Z" finished-at="2018-07-27T06:22:36Z">
          <reporter-output>
            <line>
              <![CDATA[<br>[Ljava.lang.String;@53d9826f is present]]>
            </line>
            <line>
              <![CDATA[<br>Clicked on Site Builder]]>
            </line>
            <line>
              <![CDATA[<br>[Ljava.lang.String;@1084ac45 is present]]>
            </line>
            <line>
              <![CDATA[<br>Clicked on Page Builder]]>
            </line>
            <line>
              <![CDATA[<br>[Ljava.lang.String;@6cae2e4d is present]]>
            </line>
            <line>
              <![CDATA[<br>Clicked on Add new Page]]>
            </line>
            <line>
              <![CDATA[<br>[Ljava.lang.String;@422ad5e2 is present]]>
            </line>
            <line>
              <![CDATA[<br>Element Displayed ]]>
            </line>
            <line>
              <![CDATA[<br>CampaignPage Page RadioButton default is  selected on  PageBuilder page]]>
            </line>
            <line>
              <![CDATA[<br>[Ljava.lang.String;@93501be is present]]>
            </line>
            <line>
              <![CDATA[<br>Clicked on ]]>
            </line>
            <line>
              <![CDATA[<br>CampaignPage Page RadioButton  is  selected on  PageBuilder page]]>
            </line>
          </reporter-output>
        </test-method> <!-- testPG_7 -->
        <test-method status="PASS" signature="getResult(org.testng.ITestResult)[pri:0, instance:com.r1v2.reporting.test.Scenario2Dlr@26aa12dd]" name="getResult" is-config="true" duration-ms="0" started-at="2018-07-27T06:22:36Z" finished-at="2018-07-27T06:22:36Z">
          <params>
            <param index="0">
              <value>
                <![CDATA[[TestResult name=testPG_7 status=SUCCESS method=Scenario2Dlr.testPG_7()[pri:7, instance:com.r1v2.reporting.test.Scenario2Dlr@26aa12dd] output=<br>[Ljava.lang.String;@53d9826f is present]]]>
              </value>
            </param>
          </params>
          <reporter-output>
          </reporter-output>
        </test-method> <!-- getResult -->
        <test-method status="PASS" signature="testPG_8()[pri:8, instance:com.r1v2.reporting.test.Scenario2Dlr@26aa12dd]" name="testPG_8" duration-ms="950" started-at="2018-07-27T06:22:36Z" finished-at="2018-07-27T06:22:37Z">
          <reporter-output>
            <line>
              <![CDATA[<br>[Ljava.lang.String;@44aa2e13 is present]]>
            </line>
            <line>
              <![CDATA[<br>Element Displayed *]]>
            </line>
            <line>
              <![CDATA[<br>Field is mandatory]]>
            </line>
            <line>
              <![CDATA[<br>[Ljava.lang.String;@5600a5da is present]]>
            </line>
            <line>
              <![CDATA[<br>Clicked on ]]>
            </line>
            <line>
              <![CDATA[<br>Alert Popup is Display]]>
            </line>
            <line>
              <![CDATA[<br>[Ljava.lang.String;@1a914089 is present]]>
            </line>
            <line>
              <![CDATA[<br>Entered value campaign-pagemx]]>
            </line>
            <line>
              <![CDATA[<br>[Ljava.lang.String;@1ea930eb is present]]>
            </line>
            <line>
              <![CDATA[<br>Element Displayed *]]>
            </line>
            <line>
              <![CDATA[<br>Field is mandatory]]>
            </line>
            <line>
              <![CDATA[<br>[Ljava.lang.String;@21d9cd04 is present]]>
            </line>
            <line>
              <![CDATA[<br>Clicked on ]]>
            </line>
            <line>
              <![CDATA[<br>Alert Popup is Display]]>
            </line>
            <line>
              <![CDATA[<br>[Ljava.lang.String;@3e0a9b1d is present]]>
            </line>
            <line>
              <![CDATA[<br>Entered value campaign-page-mx]]>
            </line>
          </reporter-output>
        </test-method> <!-- testPG_8 -->
        <test-method status="PASS" signature="getResult(org.testng.ITestResult)[pri:0, instance:com.r1v2.reporting.test.Scenario2Dlr@26aa12dd]" name="getResult" is-config="true" duration-ms="0" started-at="2018-07-27T06:22:37Z" finished-at="2018-07-27T06:22:37Z">
          <params>
            <param index="0">
              <value>
                <![CDATA[[TestResult name=testPG_8 status=SUCCESS method=Scenario2Dlr.testPG_8()[pri:8, instance:com.r1v2.reporting.test.Scenario2Dlr@26aa12dd] output=<br>[Ljava.lang.String;@44aa2e13 is present]]]>
              </value>
            </param>
          </params>
          <reporter-output>
          </reporter-output>
        </test-method> <!-- getResult -->
        <test-method status="PASS" signature="testPG_9()[pri:9, instance:com.r1v2.reporting.test.Scenario2Dlr@26aa12dd]" name="testPG_9" duration-ms="6410" started-at="2018-07-27T06:22:37Z" finished-at="2018-07-27T06:22:44Z">
          <reporter-output>
            <line>
              <![CDATA[<br>[Ljava.lang.String;@1c7f6e96 is present]]>
            </line>
            <line>
              <![CDATA[<br>[Ljava.lang.String;@6f3b13d0 is present]]>
            </line>
            <line>
              <![CDATA[<br>Entered value Responsive Content for  MX Server]]>
            </line>
            <line>
              <![CDATA[<br>[Ljava.lang.String;@5c9a4f3b is present]]>
            </line>
            <line>
              <![CDATA[<br>Clicked on ]]>
            </line>
          </reporter-output>
        </test-method> <!-- testPG_9 -->
        <test-method status="PASS" signature="getResult(org.testng.ITestResult)[pri:0, instance:com.r1v2.reporting.test.Scenario2Dlr@26aa12dd]" name="getResult" is-config="true" duration-ms="2" started-at="2018-07-27T06:22:44Z" finished-at="2018-07-27T06:22:44Z">
          <params>
            <param index="0">
              <value>
                <![CDATA[[TestResult name=testPG_9 status=SUCCESS method=Scenario2Dlr.testPG_9()[pri:9, instance:com.r1v2.reporting.test.Scenario2Dlr@26aa12dd] output=<br>[Ljava.lang.String;@1c7f6e96 is present]]]>
              </value>
            </param>
          </params>
          <reporter-output>
          </reporter-output>
        </test-method> <!-- getResult -->
        <test-method status="PASS" signature="testPG_10()[pri:10, instance:com.r1v2.reporting.test.Scenario2Dlr@26aa12dd]" name="testPG_10" duration-ms="11902" started-at="2018-07-27T06:22:44Z" finished-at="2018-07-27T06:22:56Z">
          <reporter-output>
            <line>
              <![CDATA[<br>[Ljava.lang.String;@8f6b4ab is present]]>
            </line>
            <line>
              <![CDATA[<br>Clicked on Site Builder]]>
            </line>
            <line>
              <![CDATA[<br>[Ljava.lang.String;@6113a26f is present]]>
            </line>
            <line>
              <![CDATA[<br>Clicked on Page Builder]]>
            </line>
            <line>
              <![CDATA[<br>[Ljava.lang.String;@485c84d7 is present]]>
            </line>
            <line>
              <![CDATA[<br>Clicked on Add new Page]]>
            </line>
            <line>
              <![CDATA[<br>[Ljava.lang.String;@2dbf2da is present]]>
            </line>
            <line>
              <![CDATA[<br>Element Displayed ]]>
            </line>
            <line>
              <![CDATA[<br>CampaignPage Page RadioButton default is  selected on  PageBuilder page]]>
            </line>
            <line>
              <![CDATA[<br>[Ljava.lang.String;@a99c42c is present]]>
            </line>
            <line>
              <![CDATA[<br>Clicked on ]]>
            </line>
            <line>
              <![CDATA[<br>CampaignPage Page RadioButton  is  selected on  PageBuilder page]]>
            </line>
          </reporter-output>
        </test-method> <!-- testPG_10 -->
        <test-method status="PASS" signature="getResult(org.testng.ITestResult)[pri:0, instance:com.r1v2.reporting.test.Scenario2Dlr@26aa12dd]" name="getResult" is-config="true" duration-ms="1" started-at="2018-07-27T06:22:56Z" finished-at="2018-07-27T06:22:56Z">
          <params>
            <param index="0">
              <value>
                <![CDATA[[TestResult name=testPG_10 status=SUCCESS method=Scenario2Dlr.testPG_10()[pri:10, instance:com.r1v2.reporting.test.Scenario2Dlr@26aa12dd] output=<br>[Ljava.lang.String;@8f6b4ab is present]]]>
              </value>
            </param>
          </params>
          <reporter-output>
          </reporter-output>
        </test-method> <!-- getResult -->
        <test-method status="PASS" signature="testPG_11()[pri:11, instance:com.r1v2.reporting.test.Scenario2Dlr@26aa12dd]" name="testPG_11" duration-ms="889" started-at="2018-07-27T06:22:56Z" finished-at="2018-07-27T06:22:57Z">
          <reporter-output>
            <line>
              <![CDATA[<br>[Ljava.lang.String;@3d764641 is present]]>
            </line>
            <line>
              <![CDATA[<br>Element Displayed *]]>
            </line>
            <line>
              <![CDATA[<br>Field is mandatory]]>
            </line>
            <line>
              <![CDATA[<br>[Ljava.lang.String;@189633f2 is present]]>
            </line>
            <line>
              <![CDATA[<br>Clicked on ]]>
            </line>
            <line>
              <![CDATA[<br>Alert Popup is Display]]>
            </line>
            <line>
              <![CDATA[<br>[Ljava.lang.String;@3d98729a is present]]>
            </line>
            <line>
              <![CDATA[<br>Entered value special-pagemx]]>
            </line>
            <line>
              <![CDATA[<br>[Ljava.lang.String;@58583a2d is present]]>
            </line>
            <line>
              <![CDATA[<br>Element Displayed *]]>
            </line>
            <line>
              <![CDATA[<br>Field is mandatory]]>
            </line>
            <line>
              <![CDATA[<br>[Ljava.lang.String;@6de5ad56 is present]]>
            </line>
            <line>
              <![CDATA[<br>Clicked on ]]>
            </line>
            <line>
              <![CDATA[<br>Alert Popup is Display]]>
            </line>
            <line>
              <![CDATA[<br>[Ljava.lang.String;@11069eac is present]]>
            </line>
            <line>
              <![CDATA[<br>Entered value special-page-mx]]>
            </line>
          </reporter-output>
        </test-method> <!-- testPG_11 -->
        <test-method status="PASS" signature="getResult(org.testng.ITestResult)[pri:0, instance:com.r1v2.reporting.test.Scenario2Dlr@26aa12dd]" name="getResult" is-config="true" duration-ms="0" started-at="2018-07-27T06:22:57Z" finished-at="2018-07-27T06:22:57Z">
          <params>
            <param index="0">
              <value>
                <![CDATA[[TestResult name=testPG_11 status=SUCCESS method=Scenario2Dlr.testPG_11()[pri:11, instance:com.r1v2.reporting.test.Scenario2Dlr@26aa12dd] output=<br>[Ljava.lang.String;@3d764641 is present]]]>
              </value>
            </param>
          </params>
          <reporter-output>
          </reporter-output>
        </test-method> <!-- getResult -->
        <test-method status="PASS" signature="testPG_12()[pri:12, instance:com.r1v2.reporting.test.Scenario2Dlr@26aa12dd]" name="testPG_12" duration-ms="5546" started-at="2018-07-27T06:22:57Z" finished-at="2018-07-27T06:23:02Z">
          <reporter-output>
            <line>
              <![CDATA[<br>[Ljava.lang.String;@5de243bb is present]]>
            </line>
            <line>
              <![CDATA[<br>[Ljava.lang.String;@5340ccb9 is present]]>
            </line>
            <line>
              <![CDATA[<br>Clicked on ]]>
            </line>
          </reporter-output>
        </test-method> <!-- testPG_12 -->
        <test-method status="PASS" signature="getResult(org.testng.ITestResult)[pri:0, instance:com.r1v2.reporting.test.Scenario2Dlr@26aa12dd]" name="getResult" is-config="true" duration-ms="1" started-at="2018-07-27T06:23:02Z" finished-at="2018-07-27T06:23:02Z">
          <params>
            <param index="0">
              <value>
                <![CDATA[[TestResult name=testPG_12 status=SUCCESS method=Scenario2Dlr.testPG_12()[pri:12, instance:com.r1v2.reporting.test.Scenario2Dlr@26aa12dd] output=<br>[Ljava.lang.String;@5de243bb is present]]]>
              </value>
            </param>
          </params>
          <reporter-output>
          </reporter-output>
        </test-method> <!-- getResult -->
        <test-method status="PASS" signature="tearDown()[pri:0, instance:com.r1v2.reporting.test.Scenario2Dlr@26aa12dd]" name="tearDown" is-config="true" duration-ms="242" started-at="2018-07-27T06:23:02Z" finished-at="2018-07-27T06:23:02Z">
          <reporter-output>
          </reporter-output>
        </test-method> <!-- tearDown -->
      </class> <!-- com.r1v2.reporting.test.Scenario2Dlr -->
    </test> <!-- Default test -->
  </suite> <!-- Default suite -->
</testng-results>
