<?xml version="1.0" encoding="UTF-8"?>
<testng-results skipped="0" failed="1" ignored="0" total="8" passed="7">
  <reporter-output>
    <line>
      <![CDATA[<br>Browser launched successfully]]>
    </line>
    <line>
      <![CDATA[<br>Opened URL : https://qadealeradminv2mx.izmocars.com/login.htm]]>
    </line>
    <line>
      <![CDATA[<br>[Ljava.lang.String;@27adc16e is present]]>
    </line>
    <line>
      <![CDATA[<br>Entered value chiragr]]>
    </line>
    <line>
      <![CDATA[<br>[Ljava.lang.String;@1f010bf0 is present]]>
    </line>
    <line>
      <![CDATA[<br>Entered value r@je$h143]]>
    </line>
    <line>
      <![CDATA[<br>[Ljava.lang.String;@65fe9e33 is present]]>
    </line>
    <line>
      <![CDATA[<br>Clicked on ]]>
    </line>
    <line>
      <![CDATA[<br>[Ljava.lang.String;@62f4ff3b is present]]>
    </line>
    <line>
      <![CDATA[<br>Element Displayed Logout]]>
    </line>
    <line>
      <![CDATA[<br>logout link is displayed on Home page]]>
    </line>
    <line>
      <![CDATA[<br>[Ljava.lang.String;@72a85671 is present]]>
    </line>
    <line>
      <![CDATA[<br>Element Displayed Change password]]>
    </line>
    <line>
      <![CDATA[<br>change password is displayed on Home page]]>
    </line>
    <line>
      <![CDATA[<br>[Ljava.lang.String;@5ae76500 is present]]>
    </line>
    <line>
      <![CDATA[<br>Clicked on Select Organization]]>
    </line>
    <line>
      <![CDATA[<br>[Ljava.lang.String;@62da83ed is present]]>
    </line>
    <line>
      <![CDATA[<br>Clicked on Site List]]>
    </line>
    <line>
      <![CDATA[<br>[Ljava.lang.String;@7b02e036 is present]]>
    </line>
    <line>
      <![CDATA[<br>Entered value nissancelaya.stg-izdemosite.com]]>
    </line>
    <line>
      <![CDATA[<br>[Ljava.lang.String;@5f2afe62 is present]]>
    </line>
    <line>
      <![CDATA[<br>Clicked on NISSAN AUTOCOM CELAYA]]>
    </line>
    <line>
      <![CDATA[<br>[Ljava.lang.String;@61e45f87 is present]]>
    </line>
    <line>
      <![CDATA[<br>Clicked on Site Builder]]>
    </line>
    <line>
      <![CDATA[<br>[Ljava.lang.String;@6ef81f31 is present]]>
    </line>
    <line>
      <![CDATA[<br>Clicked on Page Builder]]>
    </line>
    <line>
      <![CDATA[<br>[Ljava.lang.String;@49601f82 is present]]>
    </line>
    <line>
      <![CDATA[<br>Clicked on Add new Page]]>
    </line>
    <line>
      <![CDATA[<br>[Ljava.lang.String;@2e34384c is present]]>
    </line>
    <line>
      <![CDATA[<br>Element is selected ]]>
    </line>
    <line>
      <![CDATA[<br>Content Page RadioButton default is  selected on  PageBuilder page]]>
    </line>
    <line>
      <![CDATA[<br>[Ljava.lang.String;@328902d5 is present]]>
    </line>
    <line>
      <![CDATA[<br>Element Displayed *]]>
    </line>
    <line>
      <![CDATA[<br>Field is mandatory]]>
    </line>
    <line>
      <![CDATA[<br>[Ljava.lang.String;@387bf2d9 is present]]>
    </line>
    <line>
      <![CDATA[<br>Clicked on ]]>
    </line>
    <line>
      <![CDATA[<br>Alert Popup is Display]]>
    </line>
    <line>
      <![CDATA[<br>[Ljava.lang.String;@499ef98e is present]]>
    </line>
    <line>
      <![CDATA[<br>Entered value content-pageus]]>
    </line>
    <line>
      <![CDATA[<br>[Ljava.lang.String;@5cbe2654 is present]]>
    </line>
    <line>
      <![CDATA[<br>Element Displayed *]]>
    </line>
    <line>
      <![CDATA[<br>Field is mandatory]]>
    </line>
    <line>
      <![CDATA[<br>[Ljava.lang.String;@3c3a0032 is present]]>
    </line>
    <line>
      <![CDATA[<br>Clicked on ]]>
    </line>
    <line>
      <![CDATA[<br>Alert Popup is Display]]>
    </line>
    <line>
      <![CDATA[<br>[Ljava.lang.String;@6ae62c7e is present]]>
    </line>
    <line>
      <![CDATA[<br>Entered value content-page-us]]>
    </line>
    <line>
      <![CDATA[<br>[Ljava.lang.String;@7e4c72d6 is present]]>
    </line>
    <line>
      <![CDATA[<br>[Ljava.lang.String;@75e27856 is present]]>
    </line>
    <line>
      <![CDATA[<br>Entered value Responsive Content for MX Server]]>
    </line>
    <line>
      <![CDATA[<br>[Ljava.lang.String;@45b15381 is present]]>
    </line>
    <line>
      <![CDATA[<br>Clicked on ]]>
    </line>
    <line>
      <![CDATA[<br>[Ljava.lang.String;@cedee22 is present]]>
    </line>
    <line>
      <![CDATA[<br>Clicked on Logout]]>
    </line>
  </reporter-output>
  <suite name="Default suite" duration-ms="32708" started-at="2018-08-08T09:27:36Z" finished-at="2018-08-08T09:28:09Z">
    <groups>
    </groups>
    <test name="Default test" duration-ms="32708" started-at="2018-08-08T09:27:36Z" finished-at="2018-08-08T09:28:09Z">
      <class name="com.r1v2.backend.pagebuilder.module.ScenarioContentPage">
        <test-method status="PASS" signature="beforeClass()[pri:0, instance:com.r1v2.backend.pagebuilder.module.ScenarioContentPage@26aa12dd]" name="beforeClass" is-config="true" duration-ms="6503" started-at="2018-08-08T09:27:36Z" finished-at="2018-08-08T09:27:43Z">
          <reporter-output>
            <line>
              <![CDATA[<br>Browser launched successfully]]>
            </line>
          </reporter-output>
        </test-method> <!-- beforeClass -->
        <test-method status="PASS" signature="setUpOnce1()[pri:0, instance:com.r1v2.backend.pagebuilder.module.ScenarioContentPage@26aa12dd]" name="setUpOnce1" is-config="true" duration-ms="3646" started-at="2018-08-08T09:27:43Z" finished-at="2018-08-08T09:27:47Z">
          <reporter-output>
            <line>
              <![CDATA[<br>Opened URL : https://qadealeradminv2mx.izmocars.com/login.htm]]>
            </line>
            <line>
              <![CDATA[<br>[Ljava.lang.String;@27adc16e is present]]>
            </line>
            <line>
              <![CDATA[<br>Entered value chiragr]]>
            </line>
            <line>
              <![CDATA[<br>[Ljava.lang.String;@1f010bf0 is present]]>
            </line>
            <line>
              <![CDATA[<br>Entered value r@je$h143]]>
            </line>
            <line>
              <![CDATA[<br>[Ljava.lang.String;@65fe9e33 is present]]>
            </line>
            <line>
              <![CDATA[<br>Clicked on ]]>
            </line>
          </reporter-output>
        </test-method> <!-- setUpOnce1 -->
        <test-method status="PASS" signature="testPG_1()[pri:1, instance:com.r1v2.backend.pagebuilder.module.ScenarioContentPage@26aa12dd]" name="testPG_1" duration-ms="167" started-at="2018-08-08T09:27:47Z" finished-at="2018-08-08T09:27:47Z">
          <reporter-output>
            <line>
              <![CDATA[<br>[Ljava.lang.String;@62f4ff3b is present]]>
            </line>
            <line>
              <![CDATA[<br>Element Displayed Logout]]>
            </line>
            <line>
              <![CDATA[<br>logout link is displayed on Home page]]>
            </line>
            <line>
              <![CDATA[<br>[Ljava.lang.String;@72a85671 is present]]>
            </line>
            <line>
              <![CDATA[<br>Element Displayed Change password]]>
            </line>
            <line>
              <![CDATA[<br>change password is displayed on Home page]]>
            </line>
          </reporter-output>
        </test-method> <!-- testPG_1 -->
        <test-method status="PASS" signature="testPG_2()[pri:2, instance:com.r1v2.backend.pagebuilder.module.ScenarioContentPage@26aa12dd]" name="testPG_2" duration-ms="14159" started-at="2018-08-08T09:27:47Z" finished-at="2018-08-08T09:28:01Z">
          <reporter-output>
            <line>
              <![CDATA[<br>[Ljava.lang.String;@5ae76500 is present]]>
            </line>
            <line>
              <![CDATA[<br>Clicked on Select Organization]]>
            </line>
            <line>
              <![CDATA[<br>[Ljava.lang.String;@62da83ed is present]]>
            </line>
            <line>
              <![CDATA[<br>Clicked on Site List]]>
            </line>
            <line>
              <![CDATA[<br>[Ljava.lang.String;@7b02e036 is present]]>
            </line>
            <line>
              <![CDATA[<br>Entered value nissancelaya.stg-izdemosite.com]]>
            </line>
            <line>
              <![CDATA[<br>[Ljava.lang.String;@5f2afe62 is present]]>
            </line>
            <line>
              <![CDATA[<br>Clicked on NISSAN AUTOCOM CELAYA]]>
            </line>
            <line>
              <![CDATA[<br>[Ljava.lang.String;@61e45f87 is present]]>
            </line>
            <line>
              <![CDATA[<br>Clicked on Site Builder]]>
            </line>
            <line>
              <![CDATA[<br>[Ljava.lang.String;@6ef81f31 is present]]>
            </line>
            <line>
              <![CDATA[<br>Clicked on Page Builder]]>
            </line>
            <line>
              <![CDATA[<br>[Ljava.lang.String;@49601f82 is present]]>
            </line>
            <line>
              <![CDATA[<br>Clicked on Add new Page]]>
            </line>
          </reporter-output>
        </test-method> <!-- testPG_2 -->
        <test-method status="PASS" signature="testPG_3()[pri:3, instance:com.r1v2.backend.pagebuilder.module.ScenarioContentPage@26aa12dd]" name="testPG_3" duration-ms="79" started-at="2018-08-08T09:28:01Z" finished-at="2018-08-08T09:28:01Z">
          <reporter-output>
            <line>
              <![CDATA[<br>[Ljava.lang.String;@2e34384c is present]]>
            </line>
            <line>
              <![CDATA[<br>Element is selected ]]>
            </line>
            <line>
              <![CDATA[<br>Content Page RadioButton default is  selected on  PageBuilder page]]>
            </line>
          </reporter-output>
        </test-method> <!-- testPG_3 -->
        <test-method status="PASS" signature="testPG_4()[pri:4, instance:com.r1v2.backend.pagebuilder.module.ScenarioContentPage@26aa12dd]" name="testPG_4" duration-ms="904" started-at="2018-08-08T09:28:01Z" finished-at="2018-08-08T09:28:02Z">
          <reporter-output>
            <line>
              <![CDATA[<br>[Ljava.lang.String;@328902d5 is present]]>
            </line>
            <line>
              <![CDATA[<br>Element Displayed *]]>
            </line>
            <line>
              <![CDATA[<br>Field is mandatory]]>
            </line>
            <line>
              <![CDATA[<br>[Ljava.lang.String;@387bf2d9 is present]]>
            </line>
            <line>
              <![CDATA[<br>Clicked on ]]>
            </line>
            <line>
              <![CDATA[<br>Alert Popup is Display]]>
            </line>
            <line>
              <![CDATA[<br>[Ljava.lang.String;@499ef98e is present]]>
            </line>
            <line>
              <![CDATA[<br>Entered value content-pageus]]>
            </line>
            <line>
              <![CDATA[<br>[Ljava.lang.String;@5cbe2654 is present]]>
            </line>
            <line>
              <![CDATA[<br>Element Displayed *]]>
            </line>
            <line>
              <![CDATA[<br>Field is mandatory]]>
            </line>
            <line>
              <![CDATA[<br>[Ljava.lang.String;@3c3a0032 is present]]>
            </line>
            <line>
              <![CDATA[<br>Clicked on ]]>
            </line>
            <line>
              <![CDATA[<br>Alert Popup is Display]]>
            </line>
            <line>
              <![CDATA[<br>[Ljava.lang.String;@6ae62c7e is present]]>
            </line>
            <line>
              <![CDATA[<br>Entered value content-page-us]]>
            </line>
          </reporter-output>
        </test-method> <!-- testPG_4 -->
        <test-method status="PASS" signature="testPG_5()[pri:5, instance:com.r1v2.backend.pagebuilder.module.ScenarioContentPage@26aa12dd]" name="testPG_5" duration-ms="1087" started-at="2018-08-08T09:28:02Z" finished-at="2018-08-08T09:28:03Z">
          <reporter-output>
            <line>
              <![CDATA[<br>[Ljava.lang.String;@7e4c72d6 is present]]>
            </line>
            <line>
              <![CDATA[<br>[Ljava.lang.String;@75e27856 is present]]>
            </line>
            <line>
              <![CDATA[<br>Entered value Responsive Content for MX Server]]>
            </line>
          </reporter-output>
        </test-method> <!-- testPG_5 -->
        <test-method status="FAIL" signature="testPG_6()[pri:6, instance:com.r1v2.backend.pagebuilder.module.ScenarioContentPage@26aa12dd]" name="testPG_6" duration-ms="5293" started-at="2018-08-08T09:28:03Z" finished-at="2018-08-08T09:28:08Z">
          <exception class="java.lang.AssertionError">
            <message>
              <![CDATA[ Responsive Content  data  passing on Responsive Editor   expected [true] but found [false]]]>
            </message>
            <full-stacktrace>
              <![CDATA[java.lang.AssertionError:  Responsive Content  data  passing on Responsive Editor   expected [true] but found [false]
at org.testng.Assert.fail(Assert.java:96)
at org.testng.Assert.failNotEquals(Assert.java:776)
at org.testng.Assert.assertEqualsImpl(Assert.java:137)
at org.testng.Assert.assertEquals(Assert.java:118)
at org.testng.Assert.assertEquals(Assert.java:568)
at com.r1v2.backend.pagebuilder.module.ScenarioContentPage.testPG_6(ScenarioContentPage.java:92)
at sun.reflect.NativeMethodAccessorImpl.invoke0(Native Method)
at sun.reflect.NativeMethodAccessorImpl.invoke(NativeMethodAccessorImpl.java:62)
at sun.reflect.DelegatingMethodAccessorImpl.invoke(DelegatingMethodAccessorImpl.java:43)
at java.lang.reflect.Method.invoke(Method.java:497)
at org.testng.internal.MethodInvocationHelper.invokeMethod(MethodInvocationHelper.java:124)
at org.testng.internal.Invoker.invokeMethod(Invoker.java:583)
at org.testng.internal.Invoker.invokeTestMethod(Invoker.java:719)
at org.testng.internal.Invoker.invokeTestMethods(Invoker.java:989)
at org.testng.internal.TestMethodWorker.invokeTestMethods(TestMethodWorker.java:125)
at org.testng.internal.TestMethodWorker.run(TestMethodWorker.java:109)
at org.testng.TestRunner.privateRun(TestRunner.java:648)
at org.testng.TestRunner.run(TestRunner.java:505)
at org.testng.SuiteRunner.runTest(SuiteRunner.java:455)
at org.testng.SuiteRunner.runSequentially(SuiteRunner.java:450)
at org.testng.SuiteRunner.privateRun(SuiteRunner.java:415)
at org.testng.SuiteRunner.run(SuiteRunner.java:364)
at org.testng.SuiteRunnerWorker.runSuite(SuiteRunnerWorker.java:52)
at org.testng.SuiteRunnerWorker.run(SuiteRunnerWorker.java:84)
at org.testng.TestNG.runSuitesSequentially(TestNG.java:1208)
at org.testng.TestNG.runSuitesLocally(TestNG.java:1137)
at org.testng.TestNG.runSuites(TestNG.java:1049)
at org.testng.TestNG.run(TestNG.java:1017)
at org.testng.remote.AbstractRemoteTestNG.run(AbstractRemoteTestNG.java:114)
at org.testng.remote.RemoteTestNG.initAndRun(RemoteTestNG.java:251)
at org.testng.remote.RemoteTestNG.main(RemoteTestNG.java:77)
]]>
            </full-stacktrace>
          </exception> <!-- java.lang.AssertionError -->
          <reporter-output>
            <line>
              <![CDATA[<br>[Ljava.lang.String;@45b15381 is present]]>
            </line>
            <line>
              <![CDATA[<br>Clicked on ]]>
            </line>
          </reporter-output>
        </test-method> <!-- testPG_6 -->
        <test-method status="PASS" signature="testPG_7()[pri:7, instance:com.r1v2.backend.pagebuilder.module.ScenarioContentPage@26aa12dd]" name="testPG_7" duration-ms="408" started-at="2018-08-08T09:28:08Z" finished-at="2018-08-08T09:28:09Z">
          <reporter-output>
            <line>
              <![CDATA[<br>[Ljava.lang.String;@cedee22 is present]]>
            </line>
            <line>
              <![CDATA[<br>Clicked on Logout]]>
            </line>
          </reporter-output>
        </test-method> <!-- testPG_7 -->
        <test-method status="PASS" signature="testPG_8()[pri:8, instance:com.r1v2.backend.pagebuilder.module.ScenarioContentPage@26aa12dd]" name="testPG_8" duration-ms="437" started-at="2018-08-08T09:28:09Z" finished-at="2018-08-08T09:28:09Z">
          <reporter-output>
          </reporter-output>
        </test-method> <!-- testPG_8 -->
      </class> <!-- com.r1v2.backend.pagebuilder.module.ScenarioContentPage -->
    </test> <!-- Default test -->
  </suite> <!-- Default suite -->
</testng-results>
