<?xml version="1.0" encoding="UTF-8"?>
<testng-results skipped="2" failed="0" ignored="4" total="30" passed="24">
  <reporter-output>
    <line>
      <![CDATA[<br>Browser launched successfully]]>
    </line>
    <line>
      <![CDATA[<br>Browser launched successfully]]>
    </line>
    <line>
      <![CDATA[<br>Browser launched successfully]]>
    </line>
    <line>
      <![CDATA[<br>Opened URL : https://qadealeradminv2india.izmocars.com/login.htm]]>
    </line>
    <line>
      <![CDATA[<br>Opened URL : https://qadealeradminv2india.izmocars.com/login.htm]]>
    </line>
    <line>
      <![CDATA[<br>[Ljava.lang.String;@4c81c68b is present]]>
    </line>
    <line>
      <![CDATA[<br>[Ljava.lang.String;@3e7435b3 is present]]>
    </line>
    <line>
      <![CDATA[<br>Entered value chiragr]]>
    </line>
    <line>
      <![CDATA[<br>Entered value chiragr]]>
    </line>
    <line>
      <![CDATA[<br>[Ljava.lang.String;@2c2f73eb is present]]>
    </line>
    <line>
      <![CDATA[<br>[Ljava.lang.String;@5703fab4 is present]]>
    </line>
    <line>
      <![CDATA[<br>Entered value r@je$h143]]>
    </line>
    <line>
      <![CDATA[<br>Entered value r@je$h143]]>
    </line>
    <line>
      <![CDATA[<br>[Ljava.lang.String;@36d1b462 is present]]>
    </line>
    <line>
      <![CDATA[<br>Clicked on ]]>
    </line>
    <line>
      <![CDATA[<br>[Ljava.lang.String;@69ce1626 is present]]>
    </line>
    <line>
      <![CDATA[<br>Clicked on ]]>
    </line>
    <line>
      <![CDATA[<br>Opened URL : https://qadealeradminv2india.izmocars.com/login.htm]]>
    </line>
    <line>
      <![CDATA[<br>[Ljava.lang.String;@7a757815 is present]]>
    </line>
    <line>
      <![CDATA[<br>Entered value chiragr]]>
    </line>
    <line>
      <![CDATA[<br>[Ljava.lang.String;@4553346d is present]]>
    </line>
    <line>
      <![CDATA[<br>Entered value r@je$h143]]>
    </line>
    <line>
      <![CDATA[<br>[Ljava.lang.String;@2f9ef1b is present]]>
    </line>
    <line>
      <![CDATA[<br>Clicked on ]]>
    </line>
    <line>
      <![CDATA[<br>[Ljava.lang.String;@31a6830f is present]]>
    </line>
    <line>
      <![CDATA[<br>Clicked on Select Organization]]>
    </line>
    <line>
      <![CDATA[<br>[Ljava.lang.String;@50160119 is present]]>
    </line>
    <line>
      <![CDATA[<br>Element Displayed Logout]]>
    </line>
    <line>
      <![CDATA[<br>logout link is displayed on Home page]]>
    </line>
    <line>
      <![CDATA[<br>[Ljava.lang.String;@27437814 is present]]>
    </line>
    <line>
      <![CDATA[<br>Element Displayed Change password]]>
    </line>
    <line>
      <![CDATA[<br>change password is displayed on Home page]]>
    </line>
    <line>
      <![CDATA[<br>[Ljava.lang.String;@6ead0f2c is present]]>
    </line>
    <line>
      <![CDATA[<br>Clicked on Select Organization]]>
    </line>
    <line>
      <![CDATA[<br>[Ljava.lang.String;@61f12093 is present]]>
    </line>
    <line>
      <![CDATA[<br>Clicked on Site List]]>
    </line>
    <line>
      <![CDATA[<br>[Ljava.lang.String;@704f81b3 is present]]>
    </line>
    <line>
      <![CDATA[<br>Entered value aadhimaruti.stg-indemosite.com]]>
    </line>
    <line>
      <![CDATA[<br>[Ljava.lang.String;@46bfec25 is present]]>
    </line>
    <line>
      <![CDATA[<br>Clicked on Aadhi Cars (P) Ltd.]]>
    </line>
    <line>
      <![CDATA[<br>[Ljava.lang.String;@75aabd3 is present]]>
    </line>
    <line>
      <![CDATA[<br>Clicked on Site List]]>
    </line>
    <line>
      <![CDATA[<br>[Ljava.lang.String;@b7254bf is present]]>
    </line>
    <line>
      <![CDATA[<br>[Ljava.lang.String;@2ac9e62 is present]]>
    </line>
    <line>
      <![CDATA[<br>Clicked on Site Builder]]>
    </line>
    <line>
      <![CDATA[<br>[Ljava.lang.String;@6caa37f9 is present]]>
    </line>
    <line>
      <![CDATA[<br>Clicked on Page Builder]]>
    </line>
    <line>
      <![CDATA[<br>Entered value aadhimaruti.stg-indemosite.com]]>
    </line>
    <line>
      <![CDATA[<br>[Ljava.lang.String;@810731c is present]]>
    </line>
    <line>
      <![CDATA[<br>Clicked on Aadhi Cars (P) Ltd.]]>
    </line>
    <line>
      <![CDATA[<br>[Ljava.lang.String;@2f40cfdf is present]]>
    </line>
    <line>
      <![CDATA[<br>Clicked on Site Builder]]>
    </line>
    <line>
      <![CDATA[<br>[Ljava.lang.String;@109fd38 is present]]>
    </line>
    <line>
      <![CDATA[<br>Clicked on Page Builder]]>
    </line>
    <line>
      <![CDATA[<br>[Ljava.lang.String;@4e62364 is present]]>
    </line>
    <line>
      <![CDATA[<br>Clicked on Add new Page]]>
    </line>
    <line>
      <![CDATA[<br>[Ljava.lang.String;@61d35f58 is present]]>
    </line>
    <line>
      <![CDATA[<br>Clicked on Add new Page]]>
    </line>
    <line>
      <![CDATA[<br>[Ljava.lang.String;@3f3b7a0c is present]]>
    </line>
    <line>
      <![CDATA[<br>Element Displayed ]]>
    </line>
    <line>
      <![CDATA[<br>[Ljava.lang.String;@48b9dadd is present]]>
    </line>
    <line>
      <![CDATA[<br>[Ljava.lang.String;@4de836bd is present]]>
    </line>
    <line>
      <![CDATA[<br>CampaignPage Page RadioButton default is  selected on  PageBuilder page]]>
    </line>
    <line>
      <![CDATA[<br>Clicked on Select Organization]]>
    </line>
    <line>
      <![CDATA[<br>[Ljava.lang.String;@5682b706 is present]]>
    </line>
    <line>
      <![CDATA[<br>Element Displayed ]]>
    </line>
    <line>
      <![CDATA[<br>Clicked on ]]>
    </line>
    <line>
      <![CDATA[<br>CampaignPage Page RadioButton default is  selected on  PageBuilder page]]>
    </line>
    <line>
      <![CDATA[<br>[Ljava.lang.String;@43e3c5a7 is present]]>
    </line>
    <line>
      <![CDATA[<br>Clicked on ]]>
    </line>
    <line>
      <![CDATA[<br>CampaignPage Page RadioButton  is  selected on  PageBuilder page]]>
    </line>
    <line>
      <![CDATA[<br>CampaignPage Page RadioButton  is  selected on  PageBuilder page]]>
    </line>
    <line>
      <![CDATA[<br>[Ljava.lang.String;@51ca8bcf is present]]>
    </line>
    <line>
      <![CDATA[<br>Clicked on Site List]]>
    </line>
    <line>
      <![CDATA[<br>[Ljava.lang.String;@1cfd33cd is present]]>
    </line>
    <line>
      <![CDATA[<br>Entered value aadhimaruti.stg-indemosite.com]]>
    </line>
    <line>
      <![CDATA[<br>[Ljava.lang.String;@3b7e8ca1 is present]]>
    </line>
    <line>
      <![CDATA[<br>Clicked on Aadhi Cars (P) Ltd.]]>
    </line>
    <line>
      <![CDATA[<br>[Ljava.lang.String;@2a7a82f7 is present]]>
    </line>
    <line>
      <![CDATA[<br>Clicked on Site Builder]]>
    </line>
    <line>
      <![CDATA[<br>[Ljava.lang.String;@575a6ab7 is present]]>
    </line>
    <line>
      <![CDATA[<br>Clicked on Page Builder]]>
    </line>
    <line>
      <![CDATA[<br>[Ljava.lang.String;@5a4c5ae5 is present]]>
    </line>
    <line>
      <![CDATA[<br>Clicked on Add new Page]]>
    </line>
    <line>
      <![CDATA[<br>[Ljava.lang.String;@1106a2cc is present]]>
    </line>
    <line>
      <![CDATA[<br>[Ljava.lang.String;@3da8812e is present]]>
    </line>
    <line>
      <![CDATA[<br>[Ljava.lang.String;@b8bc43c is present]]>
    </line>
    <line>
      <![CDATA[<br>Element is selected ]]>
    </line>
    <line>
      <![CDATA[<br>Element Displayed *]]>
    </line>
    <line>
      <![CDATA[<br>Content Page RadioButton default is  selected on  PageBuilder page]]>
    </line>
    <line>
      <![CDATA[<br>Element Displayed *]]>
    </line>
    <line>
      <![CDATA[<br>Field is mandatory]]>
    </line>
    <line>
      <![CDATA[<br>Field is mandatory]]>
    </line>
    <line>
      <![CDATA[<br>[Ljava.lang.String;@6b63162a is present]]>
    </line>
    <line>
      <![CDATA[<br>[Ljava.lang.String;@5a632d2f is present]]>
    </line>
    <line>
      <![CDATA[<br>Clicked on ]]>
    </line>
    <line>
      <![CDATA[<br>Clicked on ]]>
    </line>
    <line>
      <![CDATA[<br>Alert Popup is Display]]>
    </line>
    <line>
      <![CDATA[<br>Alert Popup is Display]]>
    </line>
    <line>
      <![CDATA[<br>[Ljava.lang.String;@126a3d83 is present]]>
    </line>
    <line>
      <![CDATA[<br>[Ljava.lang.String;@556dabcb is present]]>
    </line>
    <line>
      <![CDATA[<br>Entered value Special-pagein]]>
    </line>
    <line>
      <![CDATA[<br>Entered value campaign-pagein]]>
    </line>
    <line>
      <![CDATA[<br>[Ljava.lang.String;@4e8860b3 is present]]>
    </line>
    <line>
      <![CDATA[<br>Element Displayed *]]>
    </line>
    <line>
      <![CDATA[<br>[Ljava.lang.String;@15409999 is present]]>
    </line>
    <line>
      <![CDATA[<br>Field is mandatory]]>
    </line>
    <line>
      <![CDATA[<br>Element Displayed *]]>
    </line>
    <line>
      <![CDATA[<br>[Ljava.lang.String;@7123be1f is present]]>
    </line>
    <line>
      <![CDATA[<br>Field is mandatory]]>
    </line>
    <line>
      <![CDATA[<br>Clicked on ]]>
    </line>
    <line>
      <![CDATA[<br>[Ljava.lang.String;@134f1921 is present]]>
    </line>
    <line>
      <![CDATA[<br>Clicked on ]]>
    </line>
    <line>
      <![CDATA[<br>Alert Popup is Display]]>
    </line>
    <line>
      <![CDATA[<br>Alert Popup is Display]]>
    </line>
    <line>
      <![CDATA[<br>[Ljava.lang.String;@6d58760e is present]]>
    </line>
    <line>
      <![CDATA[<br>[Ljava.lang.String;@19c9f19d is present]]>
    </line>
    <line>
      <![CDATA[<br>Entered value special-page-in]]>
    </line>
    <line>
      <![CDATA[<br>Entered value campaign-page-in]]>
    </line>
    <line>
      <![CDATA[<br>[Ljava.lang.String;@61d400d is present]]>
    </line>
    <line>
      <![CDATA[<br>[Ljava.lang.String;@75bae196 is present]]>
    </line>
    <line>
      <![CDATA[<br>[Ljava.lang.String;@74c67bb3 is present]]>
    </line>
    <line>
      <![CDATA[<br>Element Displayed *]]>
    </line>
    <line>
      <![CDATA[<br>Field is mandatory]]>
    </line>
    <line>
      <![CDATA[<br>[Ljava.lang.String;@32d155df is present]]>
    </line>
    <line>
      <![CDATA[<br>Clicked on ]]>
    </line>
    <line>
      <![CDATA[<br>Alert Popup is Display]]>
    </line>
    <line>
      <![CDATA[<br>[Ljava.lang.String;@5b500909 is present]]>
    </line>
    <line>
      <![CDATA[<br>Entered value content-pagein]]>
    </line>
    <line>
      <![CDATA[<br>[Ljava.lang.String;@4a583c05 is present]]>
    </line>
    <line>
      <![CDATA[<br>Element Displayed *]]>
    </line>
    <line>
      <![CDATA[<br>Field is mandatory]]>
    </line>
    <line>
      <![CDATA[<br>[Ljava.lang.String;@6dc8ea39 is present]]>
    </line>
    <line>
      <![CDATA[<br>Clicked on ]]>
    </line>
    <line>
      <![CDATA[<br>Alert Popup is Display]]>
    </line>
    <line>
      <![CDATA[<br>[Ljava.lang.String;@134b6584 is present]]>
    </line>
    <line>
      <![CDATA[<br>Entered value content-page-in]]>
    </line>
    <line>
      <![CDATA[<br>[Ljava.lang.String;@69d2140c is present]]>
    </line>
    <line>
      <![CDATA[<br>[Ljava.lang.String;@7bc5fc0c is present]]>
    </line>
    <line>
      <![CDATA[<br>Clicked on ]]>
    </line>
    <line>
      <![CDATA[<br>[Ljava.lang.String;@413b732c is present]]>
    </line>
    <line>
      <![CDATA[<br>[Ljava.lang.String;@d2dbc4 is present]]>
    </line>
    <line>
      <![CDATA[<br>Clicked on ]]>
    </line>
    <line>
      <![CDATA[<br>Clicked on ]]>
    </line>
    <line>
      <![CDATA[<br>[Ljava.lang.String;@532ac593 is present]]>
    </line>
    <line>
      <![CDATA[<br>[Ljava.lang.String;@612dfed6 is present]]>
    </line>
    <line>
      <![CDATA[<br>Entered value Responsive Content for India Server ]]>
    </line>
    <line>
      <![CDATA[<br>Entered value Responsive Content for India Server ]]>
    </line>
    <line>
      <![CDATA[<br>[Ljava.lang.String;@7211ed88 is present]]>
    </line>
    <line>
      <![CDATA[<br>Clicked on ]]>
    </line>
    <line>
      <![CDATA[<br>[Ljava.lang.String;@430de03f is present]]>
    </line>
    <line>
      <![CDATA[<br>[Ljava.lang.String;@17060775 is present]]>
    </line>
    <line>
      <![CDATA[<br>Clicked on Logout]]>
    </line>
    <line>
      <![CDATA[<br>Clicked on ]]>
    </line>
    <line>
      <![CDATA[<br>[Ljava.lang.String;@1ae0b35b is present]]>
    </line>
    <line>
      <![CDATA[<br>[Ljava.lang.String;@1b31f9df is present]]>
    </line>
    <line>
      <![CDATA[<br>Clicked on Logout]]>
    </line>
    <line>
      <![CDATA[<br>Clicked on Logout]]>
    </line>
    <line>
      <![CDATA[<br>Browser launched successfully]]>
    </line>
    <line>
      <![CDATA[<br>Browser launched successfully]]>
    </line>
    <line>
      <![CDATA[<br>Browser launched successfully]]>
    </line>
    <line>
      <![CDATA[<br>Opened URL : http://aadhimaruti.stg-indemosite.com/content-page-in-en-in.htm]]>
    </line>
    <line>
      <![CDATA[<br>Opened URL : http://aadhimaruti.stg-indemosite.com/servicespecials-en-in.htm]]>
    </line>
    <line>
      <![CDATA[<br>Opened URL : http://aadhimaruti.stg-indemosite.com/campaign-page-in-en-in.htm]]>
    </line>
  </reporter-output>
  <suite name="Test suite" duration-ms="146563" started-at="2018-08-22T12:04:22Z" finished-at="2018-08-22T12:06:49Z">
    <groups>
    </groups>
    <test name="SC PageBuilder Pages" duration-ms="46743" started-at="2018-08-22T12:04:22Z" finished-at="2018-08-22T12:05:09Z">
      <class name="com.r1v2.backend.pagebuilder.module.ScenarioSpecialPage">
        <test-method status="PASS" signature="beforeClass()[pri:0, instance:com.r1v2.backend.pagebuilder.module.ScenarioSpecialPage@1c3a4799]" name="beforeClass" is-config="true" duration-ms="4347" started-at="2018-08-22T12:04:22Z" finished-at="2018-08-22T12:04:27Z">
          <reporter-output>
            <line>
              <![CDATA[<br>Browser launched successfully]]>
            </line>
          </reporter-output>
        </test-method> <!-- beforeClass -->
        <test-method status="PASS" signature="setUpOnce1()[pri:0, instance:com.r1v2.backend.pagebuilder.module.ScenarioSpecialPage@1c3a4799]" name="setUpOnce1" is-config="true" duration-ms="6793" started-at="2018-08-22T12:04:27Z" finished-at="2018-08-22T12:04:34Z">
          <reporter-output>
            <line>
              <![CDATA[<br>Opened URL : https://qadealeradminv2india.izmocars.com/login.htm]]>
            </line>
            <line>
              <![CDATA[<br>[Ljava.lang.String;@4c81c68b is present]]>
            </line>
            <line>
              <![CDATA[<br>Entered value chiragr]]>
            </line>
            <line>
              <![CDATA[<br>[Ljava.lang.String;@2c2f73eb is present]]>
            </line>
            <line>
              <![CDATA[<br>Entered value r@je$h143]]>
            </line>
            <line>
              <![CDATA[<br>[Ljava.lang.String;@36d1b462 is present]]>
            </line>
            <line>
              <![CDATA[<br>Clicked on ]]>
            </line>
          </reporter-output>
        </test-method> <!-- setUpOnce1 -->
        <test-method status="PASS" signature="testPG_1()[pri:1, instance:com.r1v2.backend.pagebuilder.module.ScenarioSpecialPage@1c3a4799]" name="testPG_1" duration-ms="3496" started-at="2018-08-22T12:04:34Z" finished-at="2018-08-22T12:04:37Z">
          <reporter-output>
            <line>
              <![CDATA[<br>[Ljava.lang.String;@31a6830f is present]]>
            </line>
            <line>
              <![CDATA[<br>Clicked on Select Organization]]>
            </line>
            <line>
              <![CDATA[<br>[Ljava.lang.String;@61f12093 is present]]>
            </line>
            <line>
              <![CDATA[<br>Clicked on Site List]]>
            </line>
            <line>
              <![CDATA[<br>[Ljava.lang.String;@704f81b3 is present]]>
            </line>
            <line>
              <![CDATA[<br>Entered value aadhimaruti.stg-indemosite.com]]>
            </line>
            <line>
              <![CDATA[<br>[Ljava.lang.String;@46bfec25 is present]]>
            </line>
            <line>
              <![CDATA[<br>Clicked on Aadhi Cars (P) Ltd.]]>
            </line>
            <line>
              <![CDATA[<br>[Ljava.lang.String;@2ac9e62 is present]]>
            </line>
            <line>
              <![CDATA[<br>Clicked on Site Builder]]>
            </line>
            <line>
              <![CDATA[<br>[Ljava.lang.String;@6caa37f9 is present]]>
            </line>
            <line>
              <![CDATA[<br>Clicked on Page Builder]]>
            </line>
            <line>
              <![CDATA[<br>[Ljava.lang.String;@4e62364 is present]]>
            </line>
            <line>
              <![CDATA[<br>Clicked on Add new Page]]>
            </line>
          </reporter-output>
        </test-method> <!-- testPG_1 -->
        <test-method status="PASS" signature="getResult(org.testng.ITestResult)[pri:0, instance:com.r1v2.backend.pagebuilder.module.ScenarioSpecialPage@1c3a4799]" name="getResult" is-config="true" duration-ms="43" started-at="2018-08-22T12:04:37Z" finished-at="2018-08-22T12:04:37Z">
          <params>
            <param index="0">
              <value>
                <![CDATA[[TestResult name=testPG_1 status=SUCCESS method=ScenarioSpecialPage.testPG_1()[pri:1, instance:com.r1v2.backend.pagebuilder.module.ScenarioSpecialPage@1c3a4799] output=<br>[Ljava.lang.String;@31a6830f is present]]]>
              </value>
            </param>
          </params>
          <reporter-output>
          </reporter-output>
        </test-method> <!-- getResult -->
        <test-method status="PASS" signature="testPG_2()[pri:2, instance:com.r1v2.backend.pagebuilder.module.ScenarioSpecialPage@1c3a4799]" name="testPG_2" duration-ms="250" started-at="2018-08-22T12:04:38Z" finished-at="2018-08-22T12:04:38Z">
          <reporter-output>
            <line>
              <![CDATA[<br>[Ljava.lang.String;@3f3b7a0c is present]]>
            </line>
            <line>
              <![CDATA[<br>Element Displayed ]]>
            </line>
            <line>
              <![CDATA[<br>CampaignPage Page RadioButton default is  selected on  PageBuilder page]]>
            </line>
            <line>
              <![CDATA[<br>[Ljava.lang.String;@5682b706 is present]]>
            </line>
            <line>
              <![CDATA[<br>Clicked on ]]>
            </line>
            <line>
              <![CDATA[<br>CampaignPage Page RadioButton  is  selected on  PageBuilder page]]>
            </line>
          </reporter-output>
        </test-method> <!-- testPG_2 -->
        <test-method status="PASS" signature="getResult(org.testng.ITestResult)[pri:0, instance:com.r1v2.backend.pagebuilder.module.ScenarioSpecialPage@1c3a4799]" name="getResult" is-config="true" duration-ms="38" started-at="2018-08-22T12:04:38Z" finished-at="2018-08-22T12:04:38Z">
          <params>
            <param index="0">
              <value>
                <![CDATA[[TestResult name=testPG_2 status=SUCCESS method=ScenarioSpecialPage.testPG_2()[pri:2, instance:com.r1v2.backend.pagebuilder.module.ScenarioSpecialPage@1c3a4799] output=<br>[Ljava.lang.String;@3f3b7a0c is present]]]>
              </value>
            </param>
          </params>
          <reporter-output>
          </reporter-output>
        </test-method> <!-- getResult -->
        <test-method status="PASS" signature="testPG_3()[pri:3, instance:com.r1v2.backend.pagebuilder.module.ScenarioSpecialPage@1c3a4799]" name="testPG_3" duration-ms="909" started-at="2018-08-22T12:04:41Z" finished-at="2018-08-22T12:04:42Z">
          <reporter-output>
            <line>
              <![CDATA[<br>[Ljava.lang.String;@3da8812e is present]]>
            </line>
            <line>
              <![CDATA[<br>Element Displayed *]]>
            </line>
            <line>
              <![CDATA[<br>Field is mandatory]]>
            </line>
            <line>
              <![CDATA[<br>[Ljava.lang.String;@5a632d2f is present]]>
            </line>
            <line>
              <![CDATA[<br>Clicked on ]]>
            </line>
            <line>
              <![CDATA[<br>Alert Popup is Display]]>
            </line>
            <line>
              <![CDATA[<br>[Ljava.lang.String;@126a3d83 is present]]>
            </line>
            <line>
              <![CDATA[<br>Entered value Special-pagein]]>
            </line>
            <line>
              <![CDATA[<br>[Ljava.lang.String;@4e8860b3 is present]]>
            </line>
            <line>
              <![CDATA[<br>Element Displayed *]]>
            </line>
            <line>
              <![CDATA[<br>Field is mandatory]]>
            </line>
            <line>
              <![CDATA[<br>[Ljava.lang.String;@7123be1f is present]]>
            </line>
            <line>
              <![CDATA[<br>Clicked on ]]>
            </line>
            <line>
              <![CDATA[<br>Alert Popup is Display]]>
            </line>
            <line>
              <![CDATA[<br>[Ljava.lang.String;@6d58760e is present]]>
            </line>
            <line>
              <![CDATA[<br>Entered value special-page-in]]>
            </line>
          </reporter-output>
        </test-method> <!-- testPG_3 -->
        <test-method status="PASS" signature="getResult(org.testng.ITestResult)[pri:0, instance:com.r1v2.backend.pagebuilder.module.ScenarioSpecialPage@1c3a4799]" name="getResult" is-config="true" duration-ms="38" started-at="2018-08-22T12:04:42Z" finished-at="2018-08-22T12:04:42Z">
          <params>
            <param index="0">
              <value>
                <![CDATA[[TestResult name=testPG_3 status=SUCCESS method=ScenarioSpecialPage.testPG_3()[pri:3, instance:com.r1v2.backend.pagebuilder.module.ScenarioSpecialPage@1c3a4799] output=<br>[Ljava.lang.String;@3da8812e is present]]]>
              </value>
            </param>
          </params>
          <reporter-output>
          </reporter-output>
        </test-method> <!-- getResult -->
        <test-method status="PASS" signature="testPG_4()[pri:4, instance:com.r1v2.backend.pagebuilder.module.ScenarioSpecialPage@1c3a4799]" name="testPG_4" duration-ms="108" started-at="2018-08-22T12:04:42Z" finished-at="2018-08-22T12:04:42Z">
          <reporter-output>
            <line>
              <![CDATA[<br>[Ljava.lang.String;@75bae196 is present]]>
            </line>
          </reporter-output>
        </test-method> <!-- testPG_4 -->
        <test-method status="PASS" signature="getResult(org.testng.ITestResult)[pri:0, instance:com.r1v2.backend.pagebuilder.module.ScenarioSpecialPage@1c3a4799]" name="getResult" is-config="true" duration-ms="34" started-at="2018-08-22T12:04:42Z" finished-at="2018-08-22T12:04:42Z">
          <params>
            <param index="0">
              <value>
                <![CDATA[[TestResult name=testPG_4 status=SUCCESS method=ScenarioSpecialPage.testPG_4()[pri:4, instance:com.r1v2.backend.pagebuilder.module.ScenarioSpecialPage@1c3a4799] output=<br>[Ljava.lang.String;@75bae196 is present]]]>
              </value>
            </param>
          </params>
          <reporter-output>
          </reporter-output>
        </test-method> <!-- getResult -->
        <test-method status="SKIP" signature="testPG_5()[pri:5, instance:com.r1v2.backend.pagebuilder.module.ScenarioSpecialPage@1c3a4799]" name="testPG_5" duration-ms="1" started-at="2018-08-22T12:04:43Z" finished-at="2018-08-22T12:04:43Z">
          <exception class="org.testng.SkipException">
            <message>
              <![CDATA[Skipping this Method]]>
            </message>
            <full-stacktrace>
              <![CDATA[org.testng.SkipException: Skipping this Method
at com.r1v2.backend.pagebuilder.module.ScenarioSpecialPage.testPG_5(ScenarioSpecialPage.java:89)
at sun.reflect.NativeMethodAccessorImpl.invoke0(Native Method)
at sun.reflect.NativeMethodAccessorImpl.invoke(NativeMethodAccessorImpl.java:62)
at sun.reflect.DelegatingMethodAccessorImpl.invoke(DelegatingMethodAccessorImpl.java:43)
at java.lang.reflect.Method.invoke(Method.java:497)
at org.testng.internal.MethodInvocationHelper.invokeMethod(MethodInvocationHelper.java:124)
at org.testng.internal.Invoker.invokeMethod(Invoker.java:583)
at org.testng.internal.Invoker.invokeTestMethod(Invoker.java:719)
at org.testng.internal.Invoker.invokeTestMethods(Invoker.java:989)
at org.testng.internal.TestMethodWorker.invokeTestMethods(TestMethodWorker.java:125)
at org.testng.internal.TestMethodWorker.run(TestMethodWorker.java:109)
at java.util.concurrent.ThreadPoolExecutor.runWorker(ThreadPoolExecutor.java:1142)
at java.util.concurrent.ThreadPoolExecutor$Worker.run(ThreadPoolExecutor.java:617)
at java.lang.Thread.run(Thread.java:745)
]]>
            </full-stacktrace>
          </exception> <!-- org.testng.SkipException -->
          <reporter-output>
          </reporter-output>
        </test-method> <!-- testPG_5 -->
        <test-method status="PASS" signature="getResult(org.testng.ITestResult)[pri:0, instance:com.r1v2.backend.pagebuilder.module.ScenarioSpecialPage@1c3a4799]" name="getResult" is-config="true" duration-ms="49" started-at="2018-08-22T12:04:43Z" finished-at="2018-08-22T12:04:43Z">
          <params>
            <param index="0">
              <value>
                <![CDATA[[TestResult name=testPG_5 status=SKIP method=ScenarioSpecialPage.testPG_5()[pri:5, instance:com.r1v2.backend.pagebuilder.module.ScenarioSpecialPage@1c3a4799] output={null}]]]>
              </value>
            </param>
          </params>
          <reporter-output>
          </reporter-output>
        </test-method> <!-- getResult -->
        <test-method status="PASS" signature="testPG_6()[pri:6, instance:com.r1v2.backend.pagebuilder.module.ScenarioSpecialPage@1c3a4799]" name="testPG_6" duration-ms="11807" started-at="2018-08-22T12:04:43Z" finished-at="2018-08-22T12:04:55Z">
          <reporter-output>
            <line>
              <![CDATA[<br>[Ljava.lang.String;@7bc5fc0c is present]]>
            </line>
            <line>
              <![CDATA[<br>Clicked on ]]>
            </line>
          </reporter-output>
        </test-method> <!-- testPG_6 -->
        <test-method status="PASS" signature="getResult(org.testng.ITestResult)[pri:0, instance:com.r1v2.backend.pagebuilder.module.ScenarioSpecialPage@1c3a4799]" name="getResult" is-config="true" duration-ms="16" started-at="2018-08-22T12:04:55Z" finished-at="2018-08-22T12:04:55Z">
          <params>
            <param index="0">
              <value>
                <![CDATA[[TestResult name=testPG_6 status=SUCCESS method=ScenarioSpecialPage.testPG_6()[pri:6, instance:com.r1v2.backend.pagebuilder.module.ScenarioSpecialPage@1c3a4799] output=<br>[Ljava.lang.String;@7bc5fc0c is present]]]>
              </value>
            </param>
          </params>
          <reporter-output>
          </reporter-output>
        </test-method> <!-- getResult -->
        <test-method status="PASS" signature="testPG_7()[pri:7, instance:com.r1v2.backend.pagebuilder.module.ScenarioSpecialPage@1c3a4799]" name="testPG_7" duration-ms="335" started-at="2018-08-22T12:04:55Z" finished-at="2018-08-22T12:04:55Z">
          <reporter-output>
            <line>
              <![CDATA[<br>[Ljava.lang.String;@430de03f is present]]>
            </line>
            <line>
              <![CDATA[<br>Clicked on Logout]]>
            </line>
          </reporter-output>
        </test-method> <!-- testPG_7 -->
        <test-method status="PASS" signature="getResult(org.testng.ITestResult)[pri:0, instance:com.r1v2.backend.pagebuilder.module.ScenarioSpecialPage@1c3a4799]" name="getResult" is-config="true" duration-ms="53" started-at="2018-08-22T12:04:55Z" finished-at="2018-08-22T12:04:55Z">
          <params>
            <param index="0">
              <value>
                <![CDATA[[TestResult name=testPG_7 status=SUCCESS method=ScenarioSpecialPage.testPG_7()[pri:7, instance:com.r1v2.backend.pagebuilder.module.ScenarioSpecialPage@1c3a4799] output=<br>[Ljava.lang.String;@430de03f is present]]]>
              </value>
            </param>
          </params>
          <reporter-output>
          </reporter-output>
        </test-method> <!-- getResult -->
      </class> <!-- com.r1v2.backend.pagebuilder.module.ScenarioSpecialPage -->
      <class name="com.r1v2.backend.pagebuilder.module.ScenarioCamapignPage">
        <test-method status="PASS" signature="beforeClass()[pri:0, instance:com.r1v2.backend.pagebuilder.module.ScenarioCamapignPage@694e1548]" name="beforeClass" is-config="true" duration-ms="4331" started-at="2018-08-22T12:04:22Z" finished-at="2018-08-22T12:04:27Z">
          <reporter-output>
            <line>
              <![CDATA[<br>Browser launched successfully]]>
            </line>
          </reporter-output>
        </test-method> <!-- beforeClass -->
        <test-method status="PASS" signature="setUpOnce1()[pri:0, instance:com.r1v2.backend.pagebuilder.module.ScenarioCamapignPage@694e1548]" name="setUpOnce1" is-config="true" duration-ms="7428" started-at="2018-08-22T12:04:27Z" finished-at="2018-08-22T12:04:34Z">
          <reporter-output>
            <line>
              <![CDATA[<br>Opened URL : https://qadealeradminv2india.izmocars.com/login.htm]]>
            </line>
            <line>
              <![CDATA[<br>[Ljava.lang.String;@7a757815 is present]]>
            </line>
            <line>
              <![CDATA[<br>Entered value chiragr]]>
            </line>
            <line>
              <![CDATA[<br>[Ljava.lang.String;@4553346d is present]]>
            </line>
            <line>
              <![CDATA[<br>Entered value r@je$h143]]>
            </line>
            <line>
              <![CDATA[<br>[Ljava.lang.String;@2f9ef1b is present]]>
            </line>
            <line>
              <![CDATA[<br>Clicked on ]]>
            </line>
          </reporter-output>
        </test-method> <!-- setUpOnce1 -->
        <test-method status="PASS" signature="testPG_1()[pri:1, instance:com.r1v2.backend.pagebuilder.module.ScenarioCamapignPage@694e1548]" name="testPG_1" duration-ms="3613" started-at="2018-08-22T12:04:34Z" finished-at="2018-08-22T12:04:38Z">
          <reporter-output>
            <line>
              <![CDATA[<br>[Ljava.lang.String;@6ead0f2c is present]]>
            </line>
            <line>
              <![CDATA[<br>Clicked on Select Organization]]>
            </line>
            <line>
              <![CDATA[<br>[Ljava.lang.String;@75aabd3 is present]]>
            </line>
            <line>
              <![CDATA[<br>Clicked on Site List]]>
            </line>
            <line>
              <![CDATA[<br>[Ljava.lang.String;@b7254bf is present]]>
            </line>
            <line>
              <![CDATA[<br>Entered value aadhimaruti.stg-indemosite.com]]>
            </line>
            <line>
              <![CDATA[<br>[Ljava.lang.String;@810731c is present]]>
            </line>
            <line>
              <![CDATA[<br>Clicked on Aadhi Cars (P) Ltd.]]>
            </line>
            <line>
              <![CDATA[<br>[Ljava.lang.String;@2f40cfdf is present]]>
            </line>
            <line>
              <![CDATA[<br>Clicked on Site Builder]]>
            </line>
            <line>
              <![CDATA[<br>[Ljava.lang.String;@109fd38 is present]]>
            </line>
            <line>
              <![CDATA[<br>Clicked on Page Builder]]>
            </line>
            <line>
              <![CDATA[<br>[Ljava.lang.String;@61d35f58 is present]]>
            </line>
            <line>
              <![CDATA[<br>Clicked on Add new Page]]>
            </line>
          </reporter-output>
        </test-method> <!-- testPG_1 -->
        <test-method status="PASS" signature="getResult(org.testng.ITestResult)[pri:0, instance:com.r1v2.backend.pagebuilder.module.ScenarioCamapignPage@694e1548]" name="getResult" is-config="true" duration-ms="37" started-at="2018-08-22T12:04:38Z" finished-at="2018-08-22T12:04:38Z">
          <params>
            <param index="0">
              <value>
                <![CDATA[[TestResult name=testPG_1 status=SUCCESS method=ScenarioCamapignPage.testPG_1()[pri:1, instance:com.r1v2.backend.pagebuilder.module.ScenarioCamapignPage@694e1548] output=<br>[Ljava.lang.String;@6ead0f2c is present]]]>
              </value>
            </param>
          </params>
          <reporter-output>
          </reporter-output>
        </test-method> <!-- getResult -->
        <test-method status="PASS" signature="testPG_2()[pri:2, instance:com.r1v2.backend.pagebuilder.module.ScenarioCamapignPage@694e1548]" name="testPG_2" duration-ms="365" started-at="2018-08-22T12:04:38Z" finished-at="2018-08-22T12:04:38Z">
          <reporter-output>
            <line>
              <![CDATA[<br>[Ljava.lang.String;@48b9dadd is present]]>
            </line>
            <line>
              <![CDATA[<br>Element Displayed ]]>
            </line>
            <line>
              <![CDATA[<br>CampaignPage Page RadioButton default is  selected on  PageBuilder page]]>
            </line>
            <line>
              <![CDATA[<br>[Ljava.lang.String;@43e3c5a7 is present]]>
            </line>
            <line>
              <![CDATA[<br>Clicked on ]]>
            </line>
            <line>
              <![CDATA[<br>CampaignPage Page RadioButton  is  selected on  PageBuilder page]]>
            </line>
          </reporter-output>
        </test-method> <!-- testPG_2 -->
        <test-method status="PASS" signature="getResult(org.testng.ITestResult)[pri:0, instance:com.r1v2.backend.pagebuilder.module.ScenarioCamapignPage@694e1548]" name="getResult" is-config="true" duration-ms="39" started-at="2018-08-22T12:04:38Z" finished-at="2018-08-22T12:04:38Z">
          <params>
            <param index="0">
              <value>
                <![CDATA[[TestResult name=testPG_2 status=SUCCESS method=ScenarioCamapignPage.testPG_2()[pri:2, instance:com.r1v2.backend.pagebuilder.module.ScenarioCamapignPage@694e1548] output=<br>[Ljava.lang.String;@48b9dadd is present]]]>
              </value>
            </param>
          </params>
          <reporter-output>
          </reporter-output>
        </test-method> <!-- getResult -->
        <test-method status="PASS" signature="testPG_3()[pri:3, instance:com.r1v2.backend.pagebuilder.module.ScenarioCamapignPage@694e1548]" name="testPG_3" duration-ms="972" started-at="2018-08-22T12:04:41Z" finished-at="2018-08-22T12:04:42Z">
          <reporter-output>
            <line>
              <![CDATA[<br>[Ljava.lang.String;@b8bc43c is present]]>
            </line>
            <line>
              <![CDATA[<br>Element Displayed *]]>
            </line>
            <line>
              <![CDATA[<br>Field is mandatory]]>
            </line>
            <line>
              <![CDATA[<br>[Ljava.lang.String;@6b63162a is present]]>
            </line>
            <line>
              <![CDATA[<br>Clicked on ]]>
            </line>
            <line>
              <![CDATA[<br>Alert Popup is Display]]>
            </line>
            <line>
              <![CDATA[<br>[Ljava.lang.String;@556dabcb is present]]>
            </line>
            <line>
              <![CDATA[<br>Entered value campaign-pagein]]>
            </line>
            <line>
              <![CDATA[<br>[Ljava.lang.String;@15409999 is present]]>
            </line>
            <line>
              <![CDATA[<br>Element Displayed *]]>
            </line>
            <line>
              <![CDATA[<br>Field is mandatory]]>
            </line>
            <line>
              <![CDATA[<br>[Ljava.lang.String;@134f1921 is present]]>
            </line>
            <line>
              <![CDATA[<br>Clicked on ]]>
            </line>
            <line>
              <![CDATA[<br>Alert Popup is Display]]>
            </line>
            <line>
              <![CDATA[<br>[Ljava.lang.String;@19c9f19d is present]]>
            </line>
            <line>
              <![CDATA[<br>Entered value campaign-page-in]]>
            </line>
          </reporter-output>
        </test-method> <!-- testPG_3 -->
        <test-method status="PASS" signature="getResult(org.testng.ITestResult)[pri:0, instance:com.r1v2.backend.pagebuilder.module.ScenarioCamapignPage@694e1548]" name="getResult" is-config="true" duration-ms="32" started-at="2018-08-22T12:04:42Z" finished-at="2018-08-22T12:04:42Z">
          <params>
            <param index="0">
              <value>
                <![CDATA[[TestResult name=testPG_3 status=SUCCESS method=ScenarioCamapignPage.testPG_3()[pri:3, instance:com.r1v2.backend.pagebuilder.module.ScenarioCamapignPage@694e1548] output=<br>[Ljava.lang.String;@b8bc43c is present]]]>
              </value>
            </param>
          </params>
          <reporter-output>
          </reporter-output>
        </test-method> <!-- getResult -->
        <test-method status="PASS" signature="testPG_4()[pri:4, instance:com.r1v2.backend.pagebuilder.module.ScenarioCamapignPage@694e1548]" name="testPG_4" duration-ms="115" started-at="2018-08-22T12:04:42Z" finished-at="2018-08-22T12:04:42Z">
          <reporter-output>
            <line>
              <![CDATA[<br>[Ljava.lang.String;@61d400d is present]]>
            </line>
          </reporter-output>
        </test-method> <!-- testPG_4 -->
        <test-method status="PASS" signature="getResult(org.testng.ITestResult)[pri:0, instance:com.r1v2.backend.pagebuilder.module.ScenarioCamapignPage@694e1548]" name="getResult" is-config="true" duration-ms="63" started-at="2018-08-22T12:04:42Z" finished-at="2018-08-22T12:04:42Z">
          <params>
            <param index="0">
              <value>
                <![CDATA[[TestResult name=testPG_4 status=SUCCESS method=ScenarioCamapignPage.testPG_4()[pri:4, instance:com.r1v2.backend.pagebuilder.module.ScenarioCamapignPage@694e1548] output=<br>[Ljava.lang.String;@61d400d is present]]]>
              </value>
            </param>
          </params>
          <reporter-output>
          </reporter-output>
        </test-method> <!-- getResult -->
        <test-method status="SKIP" signature="testPG_5()[pri:5, instance:com.r1v2.backend.pagebuilder.module.ScenarioCamapignPage@694e1548]" name="testPG_5" duration-ms="1" started-at="2018-08-22T12:04:43Z" finished-at="2018-08-22T12:04:43Z">
          <exception class="org.testng.SkipException">
            <message>
              <![CDATA[Skipping this Method]]>
            </message>
            <full-stacktrace>
              <![CDATA[org.testng.SkipException: Skipping this Method
at com.r1v2.backend.pagebuilder.module.ScenarioCamapignPage.testPG_5(ScenarioCamapignPage.java:89)
at sun.reflect.NativeMethodAccessorImpl.invoke0(Native Method)
at sun.reflect.NativeMethodAccessorImpl.invoke(NativeMethodAccessorImpl.java:62)
at sun.reflect.DelegatingMethodAccessorImpl.invoke(DelegatingMethodAccessorImpl.java:43)
at java.lang.reflect.Method.invoke(Method.java:497)
at org.testng.internal.MethodInvocationHelper.invokeMethod(MethodInvocationHelper.java:124)
at org.testng.internal.Invoker.invokeMethod(Invoker.java:583)
at org.testng.internal.Invoker.invokeTestMethod(Invoker.java:719)
at org.testng.internal.Invoker.invokeTestMethods(Invoker.java:989)
at org.testng.internal.TestMethodWorker.invokeTestMethods(TestMethodWorker.java:125)
at org.testng.internal.TestMethodWorker.run(TestMethodWorker.java:109)
at java.util.concurrent.ThreadPoolExecutor.runWorker(ThreadPoolExecutor.java:1142)
at java.util.concurrent.ThreadPoolExecutor$Worker.run(ThreadPoolExecutor.java:617)
at java.lang.Thread.run(Thread.java:745)
]]>
            </full-stacktrace>
          </exception> <!-- org.testng.SkipException -->
          <reporter-output>
          </reporter-output>
        </test-method> <!-- testPG_5 -->
        <test-method status="PASS" signature="getResult(org.testng.ITestResult)[pri:0, instance:com.r1v2.backend.pagebuilder.module.ScenarioCamapignPage@694e1548]" name="getResult" is-config="true" duration-ms="57" started-at="2018-08-22T12:04:43Z" finished-at="2018-08-22T12:04:43Z">
          <params>
            <param index="0">
              <value>
                <![CDATA[[TestResult name=testPG_5 status=SKIP method=ScenarioCamapignPage.testPG_5()[pri:5, instance:com.r1v2.backend.pagebuilder.module.ScenarioCamapignPage@694e1548] output={null}]]]>
              </value>
            </param>
          </params>
          <reporter-output>
          </reporter-output>
        </test-method> <!-- getResult -->
        <test-method status="PASS" signature="testPG_6()[pri:6, instance:com.r1v2.backend.pagebuilder.module.ScenarioCamapignPage@694e1548]" name="testPG_6" duration-ms="349" started-at="2018-08-22T12:04:43Z" finished-at="2018-08-22T12:04:44Z">
          <reporter-output>
            <line>
              <![CDATA[<br>[Ljava.lang.String;@413b732c is present]]>
            </line>
            <line>
              <![CDATA[<br>Clicked on ]]>
            </line>
            <line>
              <![CDATA[<br>[Ljava.lang.String;@612dfed6 is present]]>
            </line>
            <line>
              <![CDATA[<br>Entered value Responsive Content for India Server ]]>
            </line>
          </reporter-output>
        </test-method> <!-- testPG_6 -->
        <test-method status="PASS" signature="getResult(org.testng.ITestResult)[pri:0, instance:com.r1v2.backend.pagebuilder.module.ScenarioCamapignPage@694e1548]" name="getResult" is-config="true" duration-ms="53" started-at="2018-08-22T12:04:44Z" finished-at="2018-08-22T12:04:44Z">
          <params>
            <param index="0">
              <value>
                <![CDATA[[TestResult name=testPG_6 status=SUCCESS method=ScenarioCamapignPage.testPG_6()[pri:6, instance:com.r1v2.backend.pagebuilder.module.ScenarioCamapignPage@694e1548] output=<br>[Ljava.lang.String;@413b732c is present]]]>
              </value>
            </param>
          </params>
          <reporter-output>
          </reporter-output>
        </test-method> <!-- getResult -->
        <test-method status="PASS" signature="testPG_7()[pri:7, instance:com.r1v2.backend.pagebuilder.module.ScenarioCamapignPage@694e1548]" name="testPG_7" duration-ms="13491" started-at="2018-08-22T12:04:55Z" finished-at="2018-08-22T12:05:09Z">
          <reporter-output>
            <line>
              <![CDATA[<br>[Ljava.lang.String;@17060775 is present]]>
            </line>
            <line>
              <![CDATA[<br>Clicked on ]]>
            </line>
          </reporter-output>
        </test-method> <!-- testPG_7 -->
        <test-method status="PASS" signature="getResult(org.testng.ITestResult)[pri:0, instance:com.r1v2.backend.pagebuilder.module.ScenarioCamapignPage@694e1548]" name="getResult" is-config="true" duration-ms="31" started-at="2018-08-22T12:05:09Z" finished-at="2018-08-22T12:05:09Z">
          <params>
            <param index="0">
              <value>
                <![CDATA[[TestResult name=testPG_7 status=SUCCESS method=ScenarioCamapignPage.testPG_7()[pri:7, instance:com.r1v2.backend.pagebuilder.module.ScenarioCamapignPage@694e1548] output=<br>[Ljava.lang.String;@17060775 is present]]]>
              </value>
            </param>
          </params>
          <reporter-output>
          </reporter-output>
        </test-method> <!-- getResult -->
        <test-method status="PASS" signature="testPG_8()[pri:8, instance:com.r1v2.backend.pagebuilder.module.ScenarioCamapignPage@694e1548]" name="testPG_8" duration-ms="537" started-at="2018-08-22T12:05:09Z" finished-at="2018-08-22T12:05:09Z">
          <reporter-output>
            <line>
              <![CDATA[<br>[Ljava.lang.String;@1b31f9df is present]]>
            </line>
            <line>
              <![CDATA[<br>Clicked on Logout]]>
            </line>
          </reporter-output>
        </test-method> <!-- testPG_8 -->
        <test-method status="PASS" signature="getResult(org.testng.ITestResult)[pri:0, instance:com.r1v2.backend.pagebuilder.module.ScenarioCamapignPage@694e1548]" name="getResult" is-config="true" duration-ms="31" started-at="2018-08-22T12:05:09Z" finished-at="2018-08-22T12:05:09Z">
          <params>
            <param index="0">
              <value>
                <![CDATA[[TestResult name=testPG_8 status=SUCCESS method=ScenarioCamapignPage.testPG_8()[pri:8, instance:com.r1v2.backend.pagebuilder.module.ScenarioCamapignPage@694e1548] output=<br>[Ljava.lang.String;@1b31f9df is present]]]>
              </value>
            </param>
          </params>
          <reporter-output>
          </reporter-output>
        </test-method> <!-- getResult -->
      </class> <!-- com.r1v2.backend.pagebuilder.module.ScenarioCamapignPage -->
      <class name="com.r1v2.backend.pagebuilder.module.ScenarioContentPage">
        <test-method status="PASS" signature="beforeClass()[pri:0, instance:com.r1v2.backend.pagebuilder.module.ScenarioContentPage@131276c2]" name="beforeClass" is-config="true" duration-ms="4204" started-at="2018-08-22T12:04:22Z" finished-at="2018-08-22T12:04:27Z">
          <reporter-output>
            <line>
              <![CDATA[<br>Browser launched successfully]]>
            </line>
          </reporter-output>
        </test-method> <!-- beforeClass -->
        <test-method status="PASS" signature="setUpOnce1()[pri:0, instance:com.r1v2.backend.pagebuilder.module.ScenarioContentPage@131276c2]" name="setUpOnce1" is-config="true" duration-ms="7202" started-at="2018-08-22T12:04:27Z" finished-at="2018-08-22T12:04:34Z">
          <reporter-output>
            <line>
              <![CDATA[<br>Opened URL : https://qadealeradminv2india.izmocars.com/login.htm]]>
            </line>
            <line>
              <![CDATA[<br>[Ljava.lang.String;@3e7435b3 is present]]>
            </line>
            <line>
              <![CDATA[<br>Entered value chiragr]]>
            </line>
            <line>
              <![CDATA[<br>[Ljava.lang.String;@5703fab4 is present]]>
            </line>
            <line>
              <![CDATA[<br>Entered value r@je$h143]]>
            </line>
            <line>
              <![CDATA[<br>[Ljava.lang.String;@69ce1626 is present]]>
            </line>
            <line>
              <![CDATA[<br>Clicked on ]]>
            </line>
          </reporter-output>
        </test-method> <!-- setUpOnce1 -->
        <test-method status="PASS" signature="testPG_1()[pri:1, instance:com.r1v2.backend.pagebuilder.module.ScenarioContentPage@131276c2]" name="testPG_1" duration-ms="135" started-at="2018-08-22T12:04:34Z" finished-at="2018-08-22T12:04:34Z">
          <reporter-output>
            <line>
              <![CDATA[<br>[Ljava.lang.String;@50160119 is present]]>
            </line>
            <line>
              <![CDATA[<br>Element Displayed Logout]]>
            </line>
            <line>
              <![CDATA[<br>logout link is displayed on Home page]]>
            </line>
            <line>
              <![CDATA[<br>[Ljava.lang.String;@27437814 is present]]>
            </line>
            <line>
              <![CDATA[<br>Element Displayed Change password]]>
            </line>
            <line>
              <![CDATA[<br>change password is displayed on Home page]]>
            </line>
          </reporter-output>
        </test-method> <!-- testPG_1 -->
        <test-method status="PASS" signature="getResult(org.testng.ITestResult)[pri:0, instance:com.r1v2.backend.pagebuilder.module.ScenarioContentPage@131276c2]" name="getResult" is-config="true" duration-ms="308" started-at="2018-08-22T12:04:34Z" finished-at="2018-08-22T12:04:34Z">
          <params>
            <param index="0">
              <value>
                <![CDATA[[TestResult name=testPG_1 status=SUCCESS method=ScenarioContentPage.testPG_1()[pri:1, instance:com.r1v2.backend.pagebuilder.module.ScenarioContentPage@131276c2] output=<br>[Ljava.lang.String;@50160119 is present]]]>
              </value>
            </param>
          </params>
          <reporter-output>
          </reporter-output>
        </test-method> <!-- getResult -->
        <test-method status="PASS" signature="testPG_2()[pri:2, instance:com.r1v2.backend.pagebuilder.module.ScenarioContentPage@131276c2]" name="testPG_2" duration-ms="3320" started-at="2018-08-22T12:04:38Z" finished-at="2018-08-22T12:04:41Z">
          <reporter-output>
            <line>
              <![CDATA[<br>[Ljava.lang.String;@4de836bd is present]]>
            </line>
            <line>
              <![CDATA[<br>Clicked on Select Organization]]>
            </line>
            <line>
              <![CDATA[<br>[Ljava.lang.String;@51ca8bcf is present]]>
            </line>
            <line>
              <![CDATA[<br>Clicked on Site List]]>
            </line>
            <line>
              <![CDATA[<br>[Ljava.lang.String;@1cfd33cd is present]]>
            </line>
            <line>
              <![CDATA[<br>Entered value aadhimaruti.stg-indemosite.com]]>
            </line>
            <line>
              <![CDATA[<br>[Ljava.lang.String;@3b7e8ca1 is present]]>
            </line>
            <line>
              <![CDATA[<br>Clicked on Aadhi Cars (P) Ltd.]]>
            </line>
            <line>
              <![CDATA[<br>[Ljava.lang.String;@2a7a82f7 is present]]>
            </line>
            <line>
              <![CDATA[<br>Clicked on Site Builder]]>
            </line>
            <line>
              <![CDATA[<br>[Ljava.lang.String;@575a6ab7 is present]]>
            </line>
            <line>
              <![CDATA[<br>Clicked on Page Builder]]>
            </line>
            <line>
              <![CDATA[<br>[Ljava.lang.String;@5a4c5ae5 is present]]>
            </line>
            <line>
              <![CDATA[<br>Clicked on Add new Page]]>
            </line>
          </reporter-output>
        </test-method> <!-- testPG_2 -->
        <test-method status="PASS" signature="getResult(org.testng.ITestResult)[pri:0, instance:com.r1v2.backend.pagebuilder.module.ScenarioContentPage@131276c2]" name="getResult" is-config="true" duration-ms="32" started-at="2018-08-22T12:04:41Z" finished-at="2018-08-22T12:04:41Z">
          <params>
            <param index="0">
              <value>
                <![CDATA[[TestResult name=testPG_2 status=SUCCESS method=ScenarioContentPage.testPG_2()[pri:2, instance:com.r1v2.backend.pagebuilder.module.ScenarioContentPage@131276c2] output=<br>[Ljava.lang.String;@4de836bd is present]]]>
              </value>
            </param>
          </params>
          <reporter-output>
          </reporter-output>
        </test-method> <!-- getResult -->
        <test-method status="PASS" signature="testPG_3()[pri:3, instance:com.r1v2.backend.pagebuilder.module.ScenarioContentPage@131276c2]" name="testPG_3" duration-ms="65" started-at="2018-08-22T12:04:41Z" finished-at="2018-08-22T12:04:41Z">
          <reporter-output>
            <line>
              <![CDATA[<br>[Ljava.lang.String;@1106a2cc is present]]>
            </line>
            <line>
              <![CDATA[<br>Element is selected ]]>
            </line>
            <line>
              <![CDATA[<br>Content Page RadioButton default is  selected on  PageBuilder page]]>
            </line>
          </reporter-output>
        </test-method> <!-- testPG_3 -->
        <test-method status="PASS" signature="getResult(org.testng.ITestResult)[pri:0, instance:com.r1v2.backend.pagebuilder.module.ScenarioContentPage@131276c2]" name="getResult" is-config="true" duration-ms="17" started-at="2018-08-22T12:04:41Z" finished-at="2018-08-22T12:04:41Z">
          <params>
            <param index="0">
              <value>
                <![CDATA[[TestResult name=testPG_3 status=SUCCESS method=ScenarioContentPage.testPG_3()[pri:3, instance:com.r1v2.backend.pagebuilder.module.ScenarioContentPage@131276c2] output=<br>[Ljava.lang.String;@1106a2cc is present]]]>
              </value>
            </param>
          </params>
          <reporter-output>
          </reporter-output>
        </test-method> <!-- getResult -->
        <test-method status="PASS" signature="testPG_4()[pri:4, instance:com.r1v2.backend.pagebuilder.module.ScenarioContentPage@131276c2]" name="testPG_4" duration-ms="788" started-at="2018-08-22T12:04:42Z" finished-at="2018-08-22T12:04:43Z">
          <reporter-output>
            <line>
              <![CDATA[<br>[Ljava.lang.String;@74c67bb3 is present]]>
            </line>
            <line>
              <![CDATA[<br>Element Displayed *]]>
            </line>
            <line>
              <![CDATA[<br>Field is mandatory]]>
            </line>
            <line>
              <![CDATA[<br>[Ljava.lang.String;@32d155df is present]]>
            </line>
            <line>
              <![CDATA[<br>Clicked on ]]>
            </line>
            <line>
              <![CDATA[<br>Alert Popup is Display]]>
            </line>
            <line>
              <![CDATA[<br>[Ljava.lang.String;@5b500909 is present]]>
            </line>
            <line>
              <![CDATA[<br>Entered value content-pagein]]>
            </line>
            <line>
              <![CDATA[<br>[Ljava.lang.String;@4a583c05 is present]]>
            </line>
            <line>
              <![CDATA[<br>Element Displayed *]]>
            </line>
            <line>
              <![CDATA[<br>Field is mandatory]]>
            </line>
            <line>
              <![CDATA[<br>[Ljava.lang.String;@6dc8ea39 is present]]>
            </line>
            <line>
              <![CDATA[<br>Clicked on ]]>
            </line>
            <line>
              <![CDATA[<br>Alert Popup is Display]]>
            </line>
            <line>
              <![CDATA[<br>[Ljava.lang.String;@134b6584 is present]]>
            </line>
            <line>
              <![CDATA[<br>Entered value content-page-in]]>
            </line>
          </reporter-output>
        </test-method> <!-- testPG_4 -->
        <test-method status="PASS" signature="getResult(org.testng.ITestResult)[pri:0, instance:com.r1v2.backend.pagebuilder.module.ScenarioContentPage@131276c2]" name="getResult" is-config="true" duration-ms="33" started-at="2018-08-22T12:04:43Z" finished-at="2018-08-22T12:04:43Z">
          <params>
            <param index="0">
              <value>
                <![CDATA[[TestResult name=testPG_4 status=SUCCESS method=ScenarioContentPage.testPG_4()[pri:4, instance:com.r1v2.backend.pagebuilder.module.ScenarioContentPage@131276c2] output=<br>[Ljava.lang.String;@74c67bb3 is present]]]>
              </value>
            </param>
          </params>
          <reporter-output>
          </reporter-output>
        </test-method> <!-- getResult -->
        <test-method status="PASS" signature="testPG_5()[pri:5, instance:com.r1v2.backend.pagebuilder.module.ScenarioContentPage@131276c2]" name="testPG_5" duration-ms="154" started-at="2018-08-22T12:04:43Z" finished-at="2018-08-22T12:04:43Z">
          <reporter-output>
            <line>
              <![CDATA[<br>[Ljava.lang.String;@69d2140c is present]]>
            </line>
          </reporter-output>
        </test-method> <!-- testPG_5 -->
        <test-method status="PASS" signature="getResult(org.testng.ITestResult)[pri:0, instance:com.r1v2.backend.pagebuilder.module.ScenarioContentPage@131276c2]" name="getResult" is-config="true" duration-ms="31" started-at="2018-08-22T12:04:43Z" finished-at="2018-08-22T12:04:43Z">
          <params>
            <param index="0">
              <value>
                <![CDATA[[TestResult name=testPG_5 status=SUCCESS method=ScenarioContentPage.testPG_5()[pri:5, instance:com.r1v2.backend.pagebuilder.module.ScenarioContentPage@131276c2] output=<br>[Ljava.lang.String;@69d2140c is present]]]>
              </value>
            </param>
          </params>
          <reporter-output>
          </reporter-output>
        </test-method> <!-- getResult -->
        <test-method status="PASS" signature="testPG_6()[pri:6, instance:com.r1v2.backend.pagebuilder.module.ScenarioContentPage@131276c2]" name="testPG_6" duration-ms="329" started-at="2018-08-22T12:04:43Z" finished-at="2018-08-22T12:04:44Z">
          <reporter-output>
            <line>
              <![CDATA[<br>[Ljava.lang.String;@d2dbc4 is present]]>
            </line>
            <line>
              <![CDATA[<br>Clicked on ]]>
            </line>
            <line>
              <![CDATA[<br>[Ljava.lang.String;@532ac593 is present]]>
            </line>
            <line>
              <![CDATA[<br>Entered value Responsive Content for India Server ]]>
            </line>
          </reporter-output>
        </test-method> <!-- testPG_6 -->
        <test-method status="PASS" signature="getResult(org.testng.ITestResult)[pri:0, instance:com.r1v2.backend.pagebuilder.module.ScenarioContentPage@131276c2]" name="getResult" is-config="true" duration-ms="40" started-at="2018-08-22T12:04:44Z" finished-at="2018-08-22T12:04:44Z">
          <params>
            <param index="0">
              <value>
                <![CDATA[[TestResult name=testPG_6 status=SUCCESS method=ScenarioContentPage.testPG_6()[pri:6, instance:com.r1v2.backend.pagebuilder.module.ScenarioContentPage@131276c2] output=<br>[Ljava.lang.String;@d2dbc4 is present]]]>
              </value>
            </param>
          </params>
          <reporter-output>
          </reporter-output>
        </test-method> <!-- getResult -->
        <test-method status="PASS" signature="testPG_7()[pri:7, instance:com.r1v2.backend.pagebuilder.module.ScenarioContentPage@131276c2]" name="testPG_7" duration-ms="11952" started-at="2018-08-22T12:04:55Z" finished-at="2018-08-22T12:05:07Z">
          <reporter-output>
            <line>
              <![CDATA[<br>[Ljava.lang.String;@7211ed88 is present]]>
            </line>
            <line>
              <![CDATA[<br>Clicked on ]]>
            </line>
          </reporter-output>
        </test-method> <!-- testPG_7 -->
        <test-method status="PASS" signature="getResult(org.testng.ITestResult)[pri:0, instance:com.r1v2.backend.pagebuilder.module.ScenarioContentPage@131276c2]" name="getResult" is-config="true" duration-ms="62" started-at="2018-08-22T12:05:07Z" finished-at="2018-08-22T12:05:07Z">
          <params>
            <param index="0">
              <value>
                <![CDATA[[TestResult name=testPG_7 status=SUCCESS method=ScenarioContentPage.testPG_7()[pri:7, instance:com.r1v2.backend.pagebuilder.module.ScenarioContentPage@131276c2] output=<br>[Ljava.lang.String;@7211ed88 is present]]]>
              </value>
            </param>
          </params>
          <reporter-output>
          </reporter-output>
        </test-method> <!-- getResult -->
        <test-method status="PASS" signature="testPG_8()[pri:8, instance:com.r1v2.backend.pagebuilder.module.ScenarioContentPage@131276c2]" name="testPG_8" duration-ms="568" started-at="2018-08-22T12:05:09Z" finished-at="2018-08-22T12:05:09Z">
          <reporter-output>
            <line>
              <![CDATA[<br>[Ljava.lang.String;@1ae0b35b is present]]>
            </line>
            <line>
              <![CDATA[<br>Clicked on Logout]]>
            </line>
          </reporter-output>
        </test-method> <!-- testPG_8 -->
        <test-method status="PASS" signature="getResult(org.testng.ITestResult)[pri:0, instance:com.r1v2.backend.pagebuilder.module.ScenarioContentPage@131276c2]" name="getResult" is-config="true" duration-ms="47" started-at="2018-08-22T12:05:09Z" finished-at="2018-08-22T12:05:09Z">
          <params>
            <param index="0">
              <value>
                <![CDATA[[TestResult name=testPG_8 status=SUCCESS method=ScenarioContentPage.testPG_8()[pri:8, instance:com.r1v2.backend.pagebuilder.module.ScenarioContentPage@131276c2] output=<br>[Ljava.lang.String;@1ae0b35b is present]]]>
              </value>
            </param>
          </params>
          <reporter-output>
          </reporter-output>
        </test-method> <!-- getResult -->
      </class> <!-- com.r1v2.backend.pagebuilder.module.ScenarioContentPage -->
    </test> <!-- SC PageBuilder Pages -->
    <test name="Front end Pages" duration-ms="99802" started-at="2018-08-22T12:05:09Z" finished-at="2018-08-22T12:06:49Z">
      <class name="com.r1v2.frontend.pagebuilder.module.CampaignPage">
        <test-method status="PASS" signature="setUp()[pri:0, instance:com.r1v2.frontend.pagebuilder.module.CampaignPage@1f57539]" name="setUp" is-config="true" duration-ms="109" started-at="2018-08-22T12:04:22Z" finished-at="2018-08-22T12:04:22Z">
          <reporter-output>
          </reporter-output>
        </test-method> <!-- setUp -->
        <test-method status="PASS" signature="beforeClass()[pri:0, instance:com.r1v2.frontend.pagebuilder.module.CampaignPage@1f57539]" name="beforeClass" is-config="true" duration-ms="3951" started-at="2018-08-22T12:05:09Z" finished-at="2018-08-22T12:05:13Z">
          <reporter-output>
            <line>
              <![CDATA[<br>Browser launched successfully]]>
            </line>
          </reporter-output>
        </test-method> <!-- beforeClass -->
        <test-method status="PASS" signature="setUpOnce1()[pri:0, instance:com.r1v2.frontend.pagebuilder.module.CampaignPage@1f57539]" name="setUpOnce1" is-config="true" duration-ms="90284" started-at="2018-08-22T12:05:13Z" finished-at="2018-08-22T12:06:43Z">
          <reporter-output>
          </reporter-output>
        </test-method> <!-- setUpOnce1 -->
        <test-method status="PASS" signature="testCPG_1()[pri:1, instance:com.r1v2.frontend.pagebuilder.module.CampaignPage@1f57539]" name="testCPG_1" duration-ms="5529" started-at="2018-08-22T12:06:43Z" finished-at="2018-08-22T12:06:49Z">
          <reporter-output>
            <line>
              <![CDATA[<br>Opened URL : http://aadhimaruti.stg-indemosite.com/campaign-page-in-en-in.htm]]>
            </line>
          </reporter-output>
        </test-method> <!-- testCPG_1 -->
        <test-method status="PASS" signature="getResult(org.testng.ITestResult)[pri:0, instance:com.r1v2.frontend.pagebuilder.module.CampaignPage@1f57539]" name="getResult" is-config="true" duration-ms="36" started-at="2018-08-22T12:06:49Z" finished-at="2018-08-22T12:06:49Z">
          <params>
            <param index="0">
              <value>
                <![CDATA[[TestResult name=testCPG_1 status=SUCCESS method=CampaignPage.testCPG_1()[pri:1, instance:com.r1v2.frontend.pagebuilder.module.CampaignPage@1f57539] output=<br>Opened URL : http://aadhimaruti.stg-indemosite.com/campaign-page-in-en-in.htm]]]>
              </value>
            </param>
          </params>
          <reporter-output>
          </reporter-output>
        </test-method> <!-- getResult -->
      </class> <!-- com.r1v2.frontend.pagebuilder.module.CampaignPage -->
      <class name="com.r1v2.frontend.pagebuilder.module.SpecialPage">
        <test-method status="PASS" signature="beforeClass()[pri:0, instance:com.r1v2.frontend.pagebuilder.module.SpecialPage@76f2b07d]" name="beforeClass" is-config="true" duration-ms="3786" started-at="2018-08-22T12:05:09Z" finished-at="2018-08-22T12:05:13Z">
          <reporter-output>
            <line>
              <![CDATA[<br>Browser launched successfully]]>
            </line>
          </reporter-output>
        </test-method> <!-- beforeClass -->
        <test-method status="PASS" signature="setUpOnce1()[pri:0, instance:com.r1v2.frontend.pagebuilder.module.SpecialPage@76f2b07d]" name="setUpOnce1" is-config="true" duration-ms="90465" started-at="2018-08-22T12:05:13Z" finished-at="2018-08-22T12:06:43Z">
          <reporter-output>
          </reporter-output>
        </test-method> <!-- setUpOnce1 -->
        <test-method status="PASS" signature="testPG_1()[pri:1, instance:com.r1v2.frontend.pagebuilder.module.SpecialPage@76f2b07d]" name="testPG_1" duration-ms="1950" started-at="2018-08-22T12:06:43Z" finished-at="2018-08-22T12:06:45Z">
          <reporter-output>
            <line>
              <![CDATA[<br>Opened URL : http://aadhimaruti.stg-indemosite.com/servicespecials-en-in.htm]]>
            </line>
          </reporter-output>
        </test-method> <!-- testPG_1 -->
        <test-method status="PASS" signature="getResult(org.testng.ITestResult)[pri:0, instance:com.r1v2.frontend.pagebuilder.module.SpecialPage@76f2b07d]" name="getResult" is-config="true" duration-ms="41" started-at="2018-08-22T12:06:45Z" finished-at="2018-08-22T12:06:45Z">
          <params>
            <param index="0">
              <value>
                <![CDATA[[TestResult name=testPG_1 status=SUCCESS method=SpecialPage.testPG_1()[pri:1, instance:com.r1v2.frontend.pagebuilder.module.SpecialPage@76f2b07d] output=<br>Opened URL : http://aadhimaruti.stg-indemosite.com/servicespecials-en-in.htm]]]>
              </value>
            </param>
          </params>
          <reporter-output>
          </reporter-output>
        </test-method> <!-- getResult -->
      </class> <!-- com.r1v2.frontend.pagebuilder.module.SpecialPage -->
      <class name="com.r1v2.frontend.pagebuilder.module.ContentPage">
        <test-method status="PASS" signature="beforeClass()[pri:0, instance:com.r1v2.frontend.pagebuilder.module.ContentPage@704a52ec]" name="beforeClass" is-config="true" duration-ms="3951" started-at="2018-08-22T12:05:09Z" finished-at="2018-08-22T12:05:13Z">
          <reporter-output>
            <line>
              <![CDATA[<br>Browser launched successfully]]>
            </line>
          </reporter-output>
        </test-method> <!-- beforeClass -->
        <test-method status="PASS" signature="setUpOnce1()[pri:0, instance:com.r1v2.frontend.pagebuilder.module.ContentPage@704a52ec]" name="setUpOnce1" is-config="true" duration-ms="90284" started-at="2018-08-22T12:05:13Z" finished-at="2018-08-22T12:06:43Z">
          <reporter-output>
          </reporter-output>
        </test-method> <!-- setUpOnce1 -->
        <test-method status="PASS" signature="testCOPG_1()[pri:1, instance:com.r1v2.frontend.pagebuilder.module.ContentPage@704a52ec]" name="testCOPG_1" duration-ms="1882" started-at="2018-08-22T12:06:43Z" finished-at="2018-08-22T12:06:45Z">
          <reporter-output>
            <line>
              <![CDATA[<br>Opened URL : http://aadhimaruti.stg-indemosite.com/content-page-in-en-in.htm]]>
            </line>
          </reporter-output>
        </test-method> <!-- testCOPG_1 -->
        <test-method status="PASS" signature="getResult(org.testng.ITestResult)[pri:0, instance:com.r1v2.frontend.pagebuilder.module.ContentPage@704a52ec]" name="getResult" is-config="true" duration-ms="30" started-at="2018-08-22T12:06:45Z" finished-at="2018-08-22T12:06:45Z">
          <params>
            <param index="0">
              <value>
                <![CDATA[[TestResult name=testCOPG_1 status=SUCCESS method=ContentPage.testCOPG_1()[pri:1, instance:com.r1v2.frontend.pagebuilder.module.ContentPage@704a52ec] output=<br>Opened URL : http://aadhimaruti.stg-indemosite.com/content-page-in-en-in.htm]]]>
              </value>
            </param>
          </params>
          <reporter-output>
          </reporter-output>
        </test-method> <!-- getResult -->
      </class> <!-- com.r1v2.frontend.pagebuilder.module.ContentPage -->
    </test> <!-- Front end Pages -->
  </suite> <!-- Test suite -->
</testng-results>
